#
# A fatal error has been detected by the Java Runtime Environment:
#
#  EXCEPTION_ACCESS_VIOLATION (0xc0000005) at pc=0x000000006feb4cc4, pid=1052, tid=15388
#
# JRE version: Java(TM) SE Runtime Environment (8.0_25-b18) (build 1.8.0_25-b18)
# Java VM: Java HotSpot(TM) 64-Bit Server VM (25.25-b02 mixed mode windows-amd64 compressed oops)
# Problematic frame:
# V  [jvm.dll+0x134cc4]
#
# Failed to write core dump. Minidumps are not enabled by default on client versions of Windows
#
# If you would like to submit a bug report, please visit:
#   http://bugreport.sun.com/bugreport/crash.jsp
#

---------------  T H R E A D  ---------------

Current thread (0x00000000205be000):  JavaThread "nREPL-worker-0" daemon [_thread_in_vm, id=15388, stack(0x0000000022b00000,0x0000000022c00000)]

siginfo: ExceptionCode=0xc0000005, reading address 0x0000000000000000

Registers:
RAX=0x0000000000000000, RBX=0x00000000205be000, RCX=0x0000000000000e00, RDX=0x0000000000000000
RSP=0x0000000022bfc040, RBP=0x0000000022bfc1b8, RSI=0x0000000000000000, RDI=0x0000000000000000
R8 =0x0000000000000000, R9 =0x000000076e6d53d8, R10=0x000000000000003c, R11=0x0000000070555300
R12=0x00000000001ff318, R13=0x0000000000000000, R14=0x0000000022bfc1b8, R15=0x00000000205be000
RIP=0x000000006feb4cc4, EFLAGS=0x0000000000010202

Top of Stack: (sp=0x0000000022bfc040)
0x0000000022bfc040:   00000000205be000 0000000022bfc0b0
0x0000000022bfc050:   0000000023325cd0 00000000205be000
0x0000000022bfc060:   00000000205be000 0000000000000000
0x0000000022bfc070:   0000000023325cd8 0000000022bfc1b8
0x0000000022bfc080:   0000000023325cd0 0000000000000000
0x0000000022bfc090:   00000000205be1e8 000000006be4204d
0x0000000022bfc0a0:   0000000022bfc1b8 00000000000001fc
0x0000000022bfc0b0:   0000000023325cd8 00000000205be000
0x0000000022bfc0c0:   0000000023325cd8 00000000205be000
0x0000000022bfc0d0:   00000000000001fc 00000000023d6509
0x0000000022bfc0e0:   0000000023325cd8 0000000050200021
0x0000000022bfc0f0:   00000000000001fc 0000000022bfc190
0x0000000022bfc100:   0000000000000000 00000000023d6677
0x0000000022bfc110:   00000000000001fc 00000000023d625d
0x0000000022bfc120:   00000000205be000 0000000023325cd8
0x0000000022bfc130:   0000000050200021 00000000205be000 

Instructions: (pc=0x000000006feb4cc4)
0x000000006feb4ca4:   89 5c 24 20 48 89 74 24 28 48 39 73 08 74 0a 48
0x000000006feb4cb4:   8d 4c 24 20 e8 43 04 13 00 40 38 35 84 f6 69 00
0x000000006feb4cc4:   48 8b 3f 48 63 05 ea 72 68 00 74 1b 8b 0c 38 85
0x000000006feb4cd4:   c9 74 77 8b c1 8b 0d 59 78 63 00 48 d3 e0 48 03 


Register to memory mapping:

RAX=0x0000000000000000 is an unknown value
RBX=0x00000000205be000 is a thread
RCX=0x0000000000000e00 is an unknown value
RDX=0x0000000000000000 is an unknown value
RSP=0x0000000022bfc040 is pointing into the stack for thread: 0x00000000205be000
RBP=0x0000000022bfc1b8 is pointing into the stack for thread: 0x00000000205be000
RSI=0x0000000000000000 is an unknown value
RDI=0x0000000000000000 is an unknown value
R8 =0x0000000000000000 is an unknown value
R9 =0x000000076e6d53d8 is an oop
org.sqlite.core.NativeDB 
 - klass: 'org/sqlite/core/NativeDB'
R10=0x000000000000003c is an unknown value
R11=0x0000000070555300 is an unknown value
R12=0x00000000001ff318 is an unknown value
R13=0x0000000000000000 is an unknown value
R14=0x0000000022bfc1b8 is pointing into the stack for thread: 0x00000000205be000
R15=0x00000000205be000 is a thread


Stack: [0x0000000022b00000,0x0000000022c00000],  sp=0x0000000022bfc040,  free space=1008k
Native frames: (J=compiled Java code, j=interpreted, Vv=VM code, C=native code)
V  [jvm.dll+0x134cc4]
C  [sqlite-3.8.7-79573148-f54a-45e2-9da4-47d35397381e-sqlitejdbc.dll+0x204d]
C  0x00000000023d6677

Java frames: (J=compiled Java code, j=interpreted, Vv=VM code)
j  org.sqlite.core.NativeDB.prepare(Ljava/lang/String;)J+0
j  org.sqlite.core.DB.prepare(Lorg/sqlite/core/CoreStatement;)V+21
j  org.sqlite.core.CorePreparedStatement.<init>(Lorg/sqlite/SQLiteConnection;Ljava/lang/String;)V+15
j  org.sqlite.jdbc3.JDBC3PreparedStatement.<init>(Lorg/sqlite/SQLiteConnection;Ljava/lang/String;)V+3
j  org.sqlite.jdbc4.JDBC4PreparedStatement.<init>(Lorg/sqlite/SQLiteConnection;Ljava/lang/String;)V+3
j  org.sqlite.jdbc4.JDBC4Connection.prepareStatement(Ljava/lang/String;III)Ljava/sql/PreparedStatement;+21
j  org.sqlite.jdbc3.JDBC3Connection.prepareStatement(Ljava/lang/String;II)Ljava/sql/PreparedStatement;+5
j  org.sqlite.jdbc3.JDBC3Connection.prepareStatement(Ljava/lang/String;)Ljava/sql/PreparedStatement;+8
j  clojure.java.jdbc$prepare_statement.doInvoke(Ljava/lang/Object;Ljava/lang/Object;Ljava/lang/Object;)Ljava/lang/Object;+411
J 1301 C1 clojure.lang.RestFn.invoke(Ljava/lang/Object;Ljava/lang/Object;)Ljava/lang/Object; (119 bytes) @ 0x00000000028bff44 [0x00000000028bf1a0+0xda4]
j  clojure.java.jdbc$db_do_prepared.doInvoke(Ljava/lang/Object;Ljava/lang/Object;Ljava/lang/Object;)Ljava/lang/Object;+205
J 1125 C1 clojure.lang.RestFn.applyTo(Lclojure/lang/ISeq;)Ljava/lang/Object; (3076 bytes) @ 0x000000000282edac [0x000000000281ac80+0x1412c]
j  clojure.core$apply.invoke(Ljava/lang/Object;Ljava/lang/Object;Ljava/lang/Object;Ljava/lang/Object;Ljava/lang/Object;)Ljava/lang/Object;+39
j  clojure.java.jdbc$db_do_prepared.doInvoke(Ljava/lang/Object;Ljava/lang/Object;Ljava/lang/Object;)Ljava/lang/Object;+381
J 1301 C1 clojure.lang.RestFn.invoke(Ljava/lang/Object;Ljava/lang/Object;)Ljava/lang/Object; (119 bytes) @ 0x00000000028bff44 [0x00000000028bf1a0+0xda4]
j  cia.chapter09.user$exec_sql_file.invoke(Ljava/lang/Object;)Ljava/lang/Object;+54
j  cia.chapter09.user$eval2562.invoke()Ljava/lang/Object;+11
J 2151 C1 clojure.lang.Compiler.eval(Ljava/lang/Object;Z)Ljava/lang/Object; (393 bytes) @ 0x0000000002c75d74 [0x0000000002c70820+0x5554]
j  clojure.lang.Compiler.load(Ljava/io/Reader;Ljava/lang/String;Ljava/lang/String;)Ljava/lang/Object;+336
j  user$eval1363.invoke()Ljava/lang/Object;+65
J 2151 C1 clojure.lang.Compiler.eval(Ljava/lang/Object;Z)Ljava/lang/Object; (393 bytes) @ 0x0000000002c75d74 [0x0000000002c70820+0x5554]
j  clojure.lang.Compiler.eval(Ljava/lang/Object;)Ljava/lang/Object;+2
j  clojure.core$eval.invoke(Ljava/lang/Object;)Ljava/lang/Object;+3
j  clojure.main$repl$read_eval_print__6625$fn__6628.invoke()Ljava/lang/Object;+11
j  clojure.main$repl$read_eval_print__6625.invoke()Ljava/lang/Object;+196
j  clojure.main$repl$fn__6634.invoke()Ljava/lang/Object;+7
j  clojure.main$repl.doInvoke(Ljava/lang/Object;)Ljava/lang/Object;+585
j  clojure.lang.RestFn.invoke(Ljava/lang/Object;Ljava/lang/Object;Ljava/lang/Object;Ljava/lang/Object;Ljava/lang/Object;Ljava/lang/Object;Ljava/lang/Object;Ljava/lang/Object;Ljava/lang/Object;Ljava/lang/Object;Ljava/lang/Object;Ljava/lang/Object;)Ljava/lang/Object;+225
j  clojure.tools.nrepl.middleware.interruptible_eval$evaluate$fn__591.invoke()Ljava/lang/Object;+196
J 498 C1 clojure.lang.AFn.applyToHelper(Lclojure/lang/IFn;Lclojure/lang/ISeq;)Ljava/lang/Object; (3238 bytes) @ 0x000000000262c3dc [0x0000000002616ea0+0x1553c]
J 453 C1 clojure.lang.AFn.applyTo(Lclojure/lang/ISeq;)Ljava/lang/Object; (12 bytes) @ 0x00000000025d71fc [0x00000000025d7140+0xbc]
J 1365 C1 clojure.core$apply.invoke(Ljava/lang/Object;Ljava/lang/Object;)Ljava/lang/Object; (32 bytes) @ 0x0000000002919ad4 [0x0000000002919580+0x554]
j  clojure.core$with_bindings_STAR_.doInvoke(Ljava/lang/Object;Ljava/lang/Object;Ljava/lang/Object;)Ljava/lang/Object;+33
J 1301 C1 clojure.lang.RestFn.invoke(Ljava/lang/Object;Ljava/lang/Object;)Ljava/lang/Object; (119 bytes) @ 0x00000000028bff44 [0x00000000028bf1a0+0xda4]
j  clojure.tools.nrepl.middleware.interruptible_eval$evaluate.invoke(Ljava/lang/Object;Ljava/lang/Object;)Ljava/lang/Object;+509
j  clojure.tools.nrepl.middleware.interruptible_eval$interruptible_eval$fn__632$fn__635.invoke()Ljava/lang/Object;+114
j  clojure.core$comp$fn__4192.invoke()Ljava/lang/Object;+14
j  clojure.tools.nrepl.middleware.interruptible_eval$run_next$fn__625.invoke()Ljava/lang/Object;+7
j  clojure.lang.AFn.run()V+1
j  java.util.concurrent.ThreadPoolExecutor.runWorker(Ljava/util/concurrent/ThreadPoolExecutor$Worker;)V+95
j  java.util.concurrent.ThreadPoolExecutor$Worker.run()V+5
j  java.lang.Thread.run()V+11
v  ~StubRoutines::call_stub

---------------  P R O C E S S  ---------------

Java Threads: ( => current thread )
=>0x00000000205be000 JavaThread "nREPL-worker-0" daemon [_thread_in_vm, id=15388, stack(0x0000000022b00000,0x0000000022c00000)]
  0x000000001f665800 JavaThread "clojure-agent-send-off-pool-4" [_thread_blocked, id=14504, stack(0x0000000022510000,0x0000000022610000)]
  0x000000001f1ee800 JavaThread "clojure-agent-send-off-pool-3" [_thread_blocked, id=12552, stack(0x0000000022970000,0x0000000022a70000)]
  0x000000001e70c000 JavaThread "clojure-agent-send-off-pool-2" [_thread_in_native, id=10408, stack(0x0000000021d80000,0x0000000021e80000)]
  0x000000001ed26800 JavaThread "clojure-agent-send-off-pool-1" [_thread_blocked, id=12252, stack(0x0000000022060000,0x0000000022160000)]
  0x000000001e71e800 JavaThread "clojure-agent-send-off-pool-0" [_thread_in_native, id=5512, stack(0x0000000021eb0000,0x0000000021fb0000)]
  0x000000001d293000 JavaThread "Monitor Ctrl-Break" daemon [_thread_in_native, id=8584, stack(0x000000001df30000,0x000000001e030000)]
  0x000000001d1cf000 JavaThread "Service Thread" daemon [_thread_blocked, id=7848, stack(0x00000000124e0000,0x00000000125e0000)]
  0x000000001d16c000 JavaThread "C1 CompilerThread2" daemon [_thread_blocked, id=16276, stack(0x000000001dbb0000,0x000000001dcb0000)]
  0x000000001d16a800 JavaThread "C2 CompilerThread1" daemon [_thread_in_native, id=5940, stack(0x000000001d8e0000,0x000000001d9e0000)]
  0x000000001d155000 JavaThread "C2 CompilerThread0" daemon [_thread_in_native, id=10448, stack(0x000000001da40000,0x000000001db40000)]
  0x000000001d153800 JavaThread "Attach Listener" daemon [_thread_blocked, id=12668, stack(0x000000001d7a0000,0x000000001d8a0000)]
  0x000000001d150800 JavaThread "Signal Dispatcher" daemon [_thread_blocked, id=14012, stack(0x000000001d5d0000,0x000000001d6d0000)]
  0x000000001bdf1000 JavaThread "Finalizer" daemon [_thread_blocked, id=2076, stack(0x000000001d050000,0x000000001d150000)]
  0x000000001bded000 JavaThread "Reference Handler" daemon [_thread_blocked, id=11332, stack(0x000000001cd80000,0x000000001ce80000)]
  0x0000000001d28800 JavaThread "main" [_thread_blocked, id=10232, stack(0x0000000001ff0000,0x00000000020f0000)]

Other Threads:
  0x000000001bde7800 VMThread [stack: 0x000000001cef0000,0x000000001cff0000] [id=15708]
  0x000000001d1ea000 WatcherThread [stack: 0x000000001de10000,0x000000001df10000] [id=14452]

VM state:not at safepoint (normal execution)

VM Mutex/Monitor currently owned by a thread: None

Heap:
 PSYoungGen      total 531968K, used 59896K [0x000000076ae00000, 0x000000079f100000, 0x00000007c0000000)
  eden space 520192K, 11% used [0x000000076ae00000,0x000000076e87e348,0x000000078aa00000)
  from space 11776K, 0% used [0x000000078aa00000,0x000000078aa00000,0x000000078b580000)
  to   space 11264K, 0% used [0x000000079e600000,0x000000079e600000,0x000000079f100000)
 ParOldGen       total 86528K, used 14888K [0x00000006c0a00000, 0x00000006c5e80000, 0x000000076ae00000)
  object space 86528K, 17% used [0x00000006c0a00000,0x00000006c188a038,0x00000006c5e80000)
 Metaspace       used 21341K, capacity 24357K, committed 24576K, reserved 1069056K
  class space    used 4576K, capacity 5625K, committed 5632K, reserved 1048576K

Card table byte_map: [0x0000000011780000,0x0000000011f80000] byte_map_base: 0x000000000e17b000

Marking Bits: (ParMarkBitMap*) 0x000000007055d490
 Begin Bits: [0x0000000012cb0000, 0x0000000016c88000)
 End Bits:   [0x0000000016c88000, 0x000000001ac60000)

Polling page: 0x0000000001c70000

CodeCache: size=245760Kb used=10844Kb max_used=10857Kb free=234915Kb
 bounds [0x00000000023c0000, 0x0000000002e70000, 0x00000000113c0000]
 total_blobs=2851 nmethods=2491 adapters=273
 compilation: enabled

Compilation events (10 events):
Event: 7.806 Thread 0x000000001d155000 nmethod 2514 0x0000000002e516d0 code [0x0000000002e51820, 0x0000000002e51c28]
Event: 7.809 Thread 0x000000001d16c000 2515 %     3       org.sqlite.SQLiteJDBCLoader::contentsEquals @ 37 (78 bytes)
Event: 7.810 Thread 0x000000001d16c000 nmethod 2515% 0x0000000002e5dbd0 code [0x0000000002e5dde0, 0x0000000002e5e878]
Event: 7.810 Thread 0x000000001d16c000 2516       3       org.sqlite.SQLiteJDBCLoader::contentsEquals (78 bytes)
Event: 7.810 Thread 0x000000001d16c000 nmethod 2516 0x0000000002e53350 code [0x0000000002e53540, 0x0000000002e53f78]
Event: 7.811 Thread 0x000000001d155000 2517 %     4       org.sqlite.SQLiteJDBCLoader::contentsEquals @ 37 (78 bytes)
Event: 7.813 Thread 0x000000001d16c000 2518       3       java.io.FilterInputStream::read (11 bytes)
Event: 7.814 Thread 0x000000001d16c000 nmethod 2518 0x0000000002e5d690 code [0x0000000002e5d800, 0x0000000002e5da28]
Event: 7.816 Thread 0x000000001d155000 nmethod 2517% 0x0000000002e63f50 code [0x0000000002e640c0, 0x0000000002e64b78]
Event: 7.831 Thread 0x000000001d155000 2519       4       clojure.core$reduce1::invoke (184 bytes)

GC Heap History (10 events):
Event: 2.125 GC heap before
{Heap before GC invocations=6 (full 0):
 PSYoungGen      total 141824K, used 138400K [0x000000076ae00000, 0x000000077bf00000, 0x00000007c0000000)
  eden space 131072K, 100% used [0x000000076ae00000,0x0000000772e00000,0x0000000772e00000)
  from space 10752K, 68% used [0x0000000772e00000,0x0000000773528040,0x0000000773880000)
  to   space 8704K, 0% used [0x000000077b680000,0x000000077b680000,0x000000077bf00000)
 ParOldGen       total 175104K, used 48K [0x00000006c0a00000, 0x00000006cb500000, 0x000000076ae00000)
  object space 175104K, 0% used [0x00000006c0a00000,0x00000006c0a0c000,0x00000006cb500000)
 Metaspace       used 14763K, capacity 16143K, committed 16384K, reserved 1062912K
  class space    used 2956K, capacity 3457K, committed 3584K, reserved 1048576K
Event: 2.134 GC heap after
Heap after GC invocations=6 (full 0):
 PSYoungGen      total 269824K, used 8672K [0x000000076ae00000, 0x000000077c100000, 0x00000007c0000000)
  eden space 261120K, 0% used [0x000000076ae00000,0x000000076ae00000,0x000000077ad00000)
  from space 8704K, 99% used [0x000000077b680000,0x000000077bef8020,0x000000077bf00000)
  to   space 9728K, 0% used [0x000000077ad00000,0x000000077ad00000,0x000000077b680000)
 ParOldGen       total 175104K, used 208K [0x00000006c0a00000, 0x00000006cb500000, 0x000000076ae00000)
  object space 175104K, 0% used [0x00000006c0a00000,0x00000006c0a34000,0x00000006cb500000)
 Metaspace       used 14763K, capacity 16143K, committed 16384K, reserved 1062912K
  class space    used 2956K, capacity 3457K, committed 3584K, reserved 1048576K
}
Event: 2.260 GC heap before
{Heap before GC invocations=7 (full 0):
 PSYoungGen      total 269824K, used 269792K [0x000000076ae00000, 0x000000077c100000, 0x00000007c0000000)
  eden space 261120K, 100% used [0x000000076ae00000,0x000000077ad00000,0x000000077ad00000)
  from space 8704K, 99% used [0x000000077b680000,0x000000077bef8020,0x000000077bf00000)
  to   space 9728K, 0% used [0x000000077ad00000,0x000000077ad00000,0x000000077b680000)
 ParOldGen       total 175104K, used 208K [0x00000006c0a00000, 0x00000006cb500000, 0x000000076ae00000)
  object space 175104K, 0% used [0x00000006c0a00000,0x00000006c0a34000,0x00000006cb500000)
 Metaspace       used 14763K, capacity 16143K, committed 16384K, reserved 1062912K
  class space    used 2956K, capacity 3457K, committed 3584K, reserved 1048576K
Event: 2.272 GC heap after
Heap after GC invocations=7 (full 0):
 PSYoungGen      total 270848K, used 7232K [0x000000076ae00000, 0x000000078bf00000, 0x00000007c0000000)
  eden space 261120K, 0% used [0x000000076ae00000,0x000000076ae00000,0x000000077ad00000)
  from space 9728K, 74% used [0x000000077ad00000,0x000000077b410000,0x000000077b680000)
  to   space 9728K, 0% used [0x000000078b580000,0x000000078b580000,0x000000078bf00000)
 ParOldGen       total 175104K, used 4412K [0x00000006c0a00000, 0x00000006cb500000, 0x000000076ae00000)
  object space 175104K, 2% used [0x00000006c0a00000,0x00000006c0e4f2a8,0x00000006cb500000)
 Metaspace       used 14763K, capacity 16143K, committed 16384K, reserved 1062912K
  class space    used 2956K, capacity 3457K, committed 3584K, reserved 1048576K
}
Event: 7.295 GC heap before
{Heap before GC invocations=8 (full 0):
 PSYoungGen      total 270848K, used 268352K [0x000000076ae00000, 0x000000078bf00000, 0x00000007c0000000)
  eden space 261120K, 100% used [0x000000076ae00000,0x000000077ad00000,0x000000077ad00000)
  from space 9728K, 74% used [0x000000077ad00000,0x000000077b410000,0x000000077b680000)
  to   space 9728K, 0% used [0x000000078b580000,0x000000078b580000,0x000000078bf00000)
 ParOldGen       total 175104K, used 4412K [0x00000006c0a00000, 0x00000006cb500000, 0x000000076ae00000)
  object space 175104K, 2% used [0x00000006c0a00000,0x00000006c0e4f2a8,0x00000006cb500000)
 Metaspace       used 18782K, capacity 20951K, committed 21120K, reserved 1064960K
  class space    used 3947K, capacity 4734K, committed 4736K, reserved 1048576K
Event: 7.304 GC heap after
Heap after GC invocations=8 (full 0):
 PSYoungGen      total 529920K, used 9709K [0x000000076ae00000, 0x000000078c300000, 0x00000007c0000000)
  eden space 520192K, 0% used [0x000000076ae00000,0x000000076ae00000,0x000000078aa00000)
  from space 9728K, 99% used [0x000000078b580000,0x000000078befb608,0x000000078bf00000)
  to   space 11776K, 0% used [0x000000078aa00000,0x000000078aa00000,0x000000078b580000)
 ParOldGen       total 175104K, used 6787K [0x00000006c0a00000, 0x00000006cb500000, 0x000000076ae00000)
  object space 175104K, 3% used [0x00000006c0a00000,0x00000006c10a0f38,0x00000006cb500000)
 Metaspace       used 18782K, capacity 20951K, committed 21120K, reserved 1064960K
  class space    used 3947K, capacity 4734K, committed 4736K, reserved 1048576K
}
Event: 7.321 GC heap before
{Heap before GC invocations=9 (full 0):
 PSYoungGen      total 529920K, used 14580K [0x000000076ae00000, 0x000000078c300000, 0x00000007c0000000)
  eden space 520192K, 0% used [0x000000076ae00000,0x000000076b2c1c68,0x000000078aa00000)
  from space 9728K, 99% used [0x000000078b580000,0x000000078befb608,0x000000078bf00000)
  to   space 11776K, 0% used [0x000000078aa00000,0x000000078aa00000,0x000000078b580000)
 ParOldGen       total 175104K, used 6787K [0x00000006c0a00000, 0x00000006cb500000, 0x000000076ae00000)
  object space 175104K, 3% used [0x00000006c0a00000,0x00000006c10a0f38,0x00000006cb500000)
 Metaspace       used 19067K, capacity 21207K, committed 21296K, reserved 1067008K
  class space    used 3984K, capacity 4734K, committed 4736K, reserved 1048576K
Event: 7.349 GC heap after
Heap after GC invocations=9 (full 0):
 PSYoungGen      total 531968K, used 6145K [0x000000076ae00000, 0x000000079f100000, 0x00000007c0000000)
  eden space 520192K, 0% used [0x000000076ae00000,0x000000076ae00000,0x000000078aa00000)
  from space 11776K, 52% used [0x000000078aa00000,0x000000078b0007f0,0x000000078b580000)
  to   space 11264K, 0% used [0x000000079e600000,0x000000079e600000,0x000000079f100000)
 ParOldGen       total 175104K, used 9851K [0x00000006c0a00000, 0x00000006cb500000, 0x000000076ae00000)
  object space 175104K, 5% used [0x00000006c0a00000,0x00000006c139ef38,0x00000006cb500000)
 Metaspace       used 19067K, capacity 21207K, committed 21296K, reserved 1067008K
  class space    used 3984K, capacity 4734K, committed 4736K, reserved 1048576K
}
Event: 7.349 GC heap before
{Heap before GC invocations=10 (full 1):
 PSYoungGen      total 531968K, used 6145K [0x000000076ae00000, 0x000000079f100000, 0x00000007c0000000)
  eden space 520192K, 0% used [0x000000076ae00000,0x000000076ae00000,0x000000078aa00000)
  from space 11776K, 52% used [0x000000078aa00000,0x000000078b0007f0,0x000000078b580000)
  to   space 11264K, 0% used [0x000000079e600000,0x000000079e600000,0x000000079f100000)
 ParOldGen       total 175104K, used 9851K [0x00000006c0a00000, 0x00000006cb500000, 0x000000076ae00000)
  object space 175104K, 5% used [0x00000006c0a00000,0x00000006c139ef38,0x00000006cb500000)
 Metaspace       used 19067K, capacity 21207K, committed 21296K, reserved 1067008K
  class space    used 3984K, capacity 4734K, committed 4736K, reserved 1048576K
Event: 7.403 GC heap after
Heap after GC invocations=10 (full 1):
 PSYoungGen      total 531968K, used 0K [0x000000076ae00000, 0x000000079f100000, 0x00000007c0000000)
  eden space 520192K, 0% used [0x000000076ae00000,0x000000076ae00000,0x000000078aa00000)
  from space 11776K, 0% used [0x000000078aa00000,0x000000078aa00000,0x000000078b580000)
  to   space 11264K, 0% used [0x000000079e600000,0x000000079e600000,0x000000079f100000)
 ParOldGen       total 86528K, used 14888K [0x00000006c0a00000, 0x00000006c5e80000, 0x000000076ae00000)
  object space 86528K, 17% used [0x00000006c0a00000,0x00000006c188a038,0x00000006c5e80000)
 Metaspace       used 19066K, capacity 21201K, committed 21296K, reserved 1067008K
  class space    used 3984K, capacity 4733K, committed 4736K, reserved 1048576K
}

Deoptimization events (10 events):
Event: 7.702 Thread 0x00000000205be000 Uncommon trap: reason=class_check action=maybe_recompile pc=0x0000000002a76b40 method=clojure.lang.PersistentList$1.doInvoke(Ljava/lang/Object;)Ljava/lang/Object; @ 1
Event: 7.703 Thread 0x00000000205be000 Uncommon trap: reason=unreached action=reinterpret pc=0x0000000002dd2270 method=clojure.lang.Compiler.isInline(Ljava/lang/Object;I)Lclojure/lang/IFn; @ 30
Event: 7.710 Thread 0x00000000205be000 Uncommon trap: reason=class_check action=maybe_recompile pc=0x0000000002a76b40 method=clojure.lang.PersistentList$1.doInvoke(Ljava/lang/Object;)Ljava/lang/Object; @ 1
Event: 7.714 Thread 0x00000000205be000 Uncommon trap: reason=class_check action=maybe_recompile pc=0x0000000002a76b40 method=clojure.lang.PersistentList$1.doInvoke(Ljava/lang/Object;)Ljava/lang/Object; @ 1
Event: 7.714 Thread 0x00000000205be000 Uncommon trap: reason=class_check action=maybe_recompile pc=0x0000000002a76b40 method=clojure.lang.PersistentList$1.doInvoke(Ljava/lang/Object;)Ljava/lang/Object; @ 1
Event: 7.750 Thread 0x00000000205be000 Uncommon trap: reason=class_check action=maybe_recompile pc=0x000000000264b650 method=java.lang.String.equals(Ljava/lang/Object;)Z @ 8
Event: 7.753 Thread 0x00000000205be000 Uncommon trap: reason=unreached action=reinterpret pc=0x000000000285aef8 method=java.net.URL.<init>(Ljava/net/URL;Ljava/lang/String;Ljava/net/URLStreamHandler;)V @ 347
Event: 7.774 Thread 0x00000000205be000 Uncommon trap: reason=bimorphic action=maybe_recompile pc=0x00000000027df8c0 method=java.util.regex.Pattern$CharProperty$1.isSatisfiedBy(I)Z @ 5
Event: 7.774 Thread 0x00000000205be000 Uncommon trap: reason=bimorphic action=maybe_recompile pc=0x00000000027df8c0 method=java.util.regex.Pattern$CharProperty$1.isSatisfiedBy(I)Z @ 5
Event: 7.774 Thread 0x00000000205be000 Uncommon trap: reason=bimorphic action=maybe_recompile pc=0x00000000027df8c0 method=java.util.regex.Pattern$CharProperty$1.isSatisfiedBy(I)Z @ 5

Internal exceptions (10 events):
Event: 7.826 Thread 0x00000000205be000 Exception <a 'java/security/PrivilegedActionException'> (0x000000076e6d0de0) thrown at [D:\re\workspace\8-2-build-windows-amd64-cygwin\jdk8u25\1677\hotspot\src\share\vm\prims\jvm.cpp, line 1312]
Event: 7.827 Thread 0x00000000205be000 Exception <a 'java/security/PrivilegedActionException'> (0x000000076e6d62c8) thrown at [D:\re\workspace\8-2-build-windows-amd64-cygwin\jdk8u25\1677\hotspot\src\share\vm\prims\jvm.cpp, line 1312]
Event: 7.827 Thread 0x00000000205be000 Exception <a 'java/security/PrivilegedActionException'> (0x000000076e6db9d0) thrown at [D:\re\workspace\8-2-build-windows-amd64-cygwin\jdk8u25\1677\hotspot\src\share\vm\prims\jvm.cpp, line 1312]
Event: 7.828 Thread 0x00000000205be000 Exception <a 'java/security/PrivilegedActionException'> (0x000000076e6e7400) thrown at [D:\re\workspace\8-2-build-windows-amd64-cygwin\jdk8u25\1677\hotspot\src\share\vm\prims\jvm.cpp, line 1312]
Event: 7.828 Thread 0x00000000205be000 Exception <a 'java/security/PrivilegedActionException'> (0x000000076e6ed728) thrown at [D:\re\workspace\8-2-build-windows-amd64-cygwin\jdk8u25\1677\hotspot\src\share\vm\prims\jvm.cpp, line 1312]
Event: 7.828 Thread 0x00000000205be000 Exception <a 'java/security/PrivilegedActionException'> (0x000000076e6f34c8) thrown at [D:\re\workspace\8-2-build-windows-amd64-cygwin\jdk8u25\1677\hotspot\src\share\vm\prims\jvm.cpp, line 1312]
Event: 7.829 Thread 0x00000000205be000 Exception <a 'java/security/PrivilegedActionException'> (0x000000076e706890) thrown at [D:\re\workspace\8-2-build-windows-amd64-cygwin\jdk8u25\1677\hotspot\src\share\vm\prims\jvm.cpp, line 1312]
Event: 7.831 Thread 0x00000000205be000 Exception <a 'java/security/PrivilegedActionException'> (0x000000076e724dd0) thrown at [D:\re\workspace\8-2-build-windows-amd64-cygwin\jdk8u25\1677\hotspot\src\share\vm\prims\jvm.cpp, line 1312]
Event: 7.832 Thread 0x00000000205be000 Exception <a 'java/security/PrivilegedActionException'> (0x000000076e72b718) thrown at [D:\re\workspace\8-2-build-windows-amd64-cygwin\jdk8u25\1677\hotspot\src\share\vm\prims\jvm.cpp, line 1312]
Event: 7.832 Thread 0x00000000205be000 Exception <a 'java/security/PrivilegedActionException'> (0x000000076e7385b8) thrown at [D:\re\workspace\8-2-build-windows-amd64-cygwin\jdk8u25\1677\hotspot\src\share\vm\prims\jvm.cpp, line 1312]

Events (10 events):
Event: 7.828 loading class org/sqlite/jdbc4/JDBC4ResultSet
Event: 7.828 loading class org/sqlite/jdbc4/JDBC4ResultSet done
Event: 7.829 loading class org/sqlite/jdbc3/JDBC3ResultSet
Event: 7.829 loading class org/sqlite/jdbc3/JDBC3ResultSet done
Event: 7.831 loading class org/sqlite/jdbc4/JDBC4PreparedStatement
Event: 7.831 loading class org/sqlite/jdbc4/JDBC4PreparedStatement done
Event: 7.832 loading class org/sqlite/jdbc3/JDBC3PreparedStatement
Event: 7.832 loading class org/sqlite/jdbc3/JDBC3PreparedStatement done
Event: 7.832 loading class org/sqlite/core/CorePreparedStatement
Event: 7.832 loading class org/sqlite/core/CorePreparedStatement done


Dynamic libraries:
0x000000013fff0000 - 0x0000000140024000 	C:\Program Files\Java\jdk1.8.0_25\bin\java.exe
0x0000000077b90000 - 0x0000000077d39000 	C:\Windows\SYSTEM32\ntdll.dll
0x0000000077a70000 - 0x0000000077b8f000 	C:\Windows\system32\kernel32.dll
0x000007fefdb40000 - 0x000007fefdbac000 	C:\Windows\system32\KERNELBASE.dll
0x000007fefe500000 - 0x000007fefe5db000 	C:\Windows\system32\ADVAPI32.dll
0x000007fefe230000 - 0x000007fefe2cf000 	C:\Windows\system32\msvcrt.dll
0x000007feffc00000 - 0x000007feffc1f000 	C:\Windows\SYSTEM32\sechost.dll
0x000007fefdd10000 - 0x000007fefde3d000 	C:\Windows\system32\RPCRT4.dll
0x0000000077970000 - 0x0000000077a6a000 	C:\Windows\system32\USER32.dll
0x000007feffe30000 - 0x000007feffe97000 	C:\Windows\system32\GDI32.dll
0x000007fefdf50000 - 0x000007fefdf5e000 	C:\Windows\system32\LPK.dll
0x000007fefe3b0000 - 0x000007fefe479000 	C:\Windows\system32\USP10.dll
0x000007fefc2c0000 - 0x000007fefc4b4000 	C:\Windows\WinSxS\amd64_microsoft.windows.common-controls_6595b64144ccf1df_6.0.7601.17514_none_fa396087175ac9ac\COMCTL32.dll
0x000007fefe6a0000 - 0x000007fefe711000 	C:\Windows\system32\SHLWAPI.dll
0x000007fefe480000 - 0x000007fefe4ae000 	C:\Windows\system32\IMM32.DLL
0x000007fefde40000 - 0x000007fefdf49000 	C:\Windows\system32\MSCTF.dll
0x0000000069600000 - 0x00000000696d2000 	C:\Program Files\Java\jdk1.8.0_25\jre\bin\msvcr100.dll
0x000000006fd80000 - 0x00000000705da000 	C:\Program Files\Java\jdk1.8.0_25\jre\bin\server\jvm.dll
0x000007fef6d10000 - 0x000007fef6d19000 	C:\Windows\system32\WSOCK32.dll
0x000007fefe4b0000 - 0x000007fefe4fd000 	C:\Windows\system32\WS2_32.dll
0x000007fefe720000 - 0x000007fefe728000 	C:\Windows\system32\NSI.dll
0x000007fef7570000 - 0x000007fef75ab000 	C:\Windows\system32\WINMM.dll
0x0000000077d60000 - 0x0000000077d67000 	C:\Windows\system32\PSAPI.DLL
0x000000006dbd0000 - 0x000000006dbdf000 	C:\Program Files\Java\jdk1.8.0_25\jre\bin\verify.dll
0x0000000069dd0000 - 0x0000000069df8000 	C:\Program Files\Java\jdk1.8.0_25\jre\bin\java.dll
0x0000000069eb0000 - 0x0000000069ec6000 	C:\Program Files\Java\jdk1.8.0_25\jre\bin\zip.dll
0x000007fefe730000 - 0x000007feff4b8000 	C:\Windows\system32\SHELL32.dll
0x000007feffc20000 - 0x000007feffe23000 	C:\Windows\system32\ole32.dll
0x000007fefd950000 - 0x000007fefd95f000 	C:\Windows\system32\profapi.dll
0x000007fefb230000 - 0x000007fefb240000 	C:\Program Files (x86)\JetBrains\IntelliJ IDEA Community Edition 14.0.3\bin\breakgen64.dll
0x0000000069e90000 - 0x0000000069eaa000 	C:\Program Files\Java\jdk1.8.0_25\jre\bin\net.dll
0x000007fefd0a0000 - 0x000007fefd0f5000 	C:\Windows\system32\mswsock.dll
0x000007fefd360000 - 0x000007fefd367000 	C:\Windows\System32\wship6.dll
0x000007fefcb10000 - 0x000007fefcb17000 	C:\Windows\System32\wshtcpip.dll
0x000007fefcf90000 - 0x000007fefcfeb000 	C:\Windows\system32\DNSAPI.dll
0x0000000072af0000 - 0x0000000072b16000 	C:\Program Files\Bonjour\mdnsNSP.dll
0x000007fef9920000 - 0x000007fef9947000 	C:\Windows\system32\Iphlpapi.DLL
0x000007fef9910000 - 0x000007fef991b000 	C:\Windows\system32\WINNSI.DLL
0x000007fef6de0000 - 0x000007fef6de8000 	C:\Windows\system32\rasadhlp.dll
0x000007fef9470000 - 0x000007fef94c3000 	C:\Windows\System32\fwpuclnt.dll
0x000007fefd300000 - 0x000007fefd317000 	C:\Windows\system32\CRYPTSP.dll
0x000007fefcea0000 - 0x000007fefcee7000 	C:\Windows\system32\rsaenh.dll
0x000007fefdc60000 - 0x000007fefdc7e000 	C:\Windows\system32\USERENV.dll
0x000007fefd7f0000 - 0x000007fefd7ff000 	C:\Windows\system32\CRYPTBASE.dll
0x000007fef93e0000 - 0x000007fef93f1000 	C:\Windows\system32\dhcpcsvc6.DLL
0x000007fef9440000 - 0x000007fef9458000 	C:\Windows\system32\dhcpcsvc.DLL
0x0000000069e30000 - 0x0000000069e41000 	C:\Program Files\Java\jdk1.8.0_25\jre\bin\nio.dll
0x000000006be40000 - 0x000000006befa000 	C:\Users\Aniara\AppData\Local\Temp\sqlite-3.8.7-79573148-f54a-45e2-9da4-47d35397381e-sqlitejdbc.dll
0x000007fefa110000 - 0x000007fefa235000 	C:\Windows\system32\dbghelp.dll

VM Arguments:
jvm_args: -Dclojure.compile.path=C:\dev\_cloj\clojure-in-action\cia\target\classes -Dcia.version=0.1.0-SNAPSHOT -Dfile.encoding=Cp1252 -Dclojure.debug=false -Didea.launcher.port=7535 -Didea.launcher.bin.path=C:\Program Files (x86)\JetBrains\IntelliJ IDEA Community Edition 14.0.3\bin 
java_command: com.intellij.rt.execution.application.AppMain clojure.main -i C:\Users\Aniara\.IdeaIC14\system\tmp\form-init5819865925190948391.clj
java_class_path (initial): C:\dev\_cloj\clojure-in-action\cia\test;C:\dev\_cloj\clojure-in-action\cia\src;C:\dev\_cloj\clojure-in-action\cia\dev-resources;C:\dev\_cloj\clojure-in-action\cia\resources;C:\dev\_cloj\clojure-in-action\cia\target\classes;C:\Users\Aniara\.m2\repository\clojure-complete\clojure-complete\0.2.3\clojure-complete-0.2.3.jar;C:\Users\Aniara\.m2\repository\org\clojure\tools.nrepl\0.2.3\tools.nrepl-0.2.3.jar;C:\Users\Aniara\.m2\repository\org\clojure\java.jdbc\0.3.5\java.jdbc-0.3.5.jar;C:\Users\Aniara\.m2\repository\c3p0\c3p0\0.9.1.2\c3p0-0.9.1.2.jar;C:\Users\Aniara\.m2\repository\korma\korma\0.4.0\korma-0.4.0.jar;C:\Users\Aniara\.m2\repository\org\xerial\sqlite-jdbc\3.8.7\sqlite-jdbc-3.8.7.jar;C:\Users\Aniara\.m2\repository\org\clojure\data.json\0.2.5\data.json-0.2.5.jar;C:\Users\Aniara\.m2\repository\org\clojure\clojure\1.6.0\clojure-1.6.0.jar;C:\Program Files (x86)\JetBrains\IntelliJ IDEA Community Edition 14.0.3\lib\idea_rt.jar
Launcher Type: SUN_STANDARD

Environment Variables:
JAVA_HOME=C:\Program Files\Java\jdk1.7.0_25
PATH=C:\Users\Aniara\algs4\java\bin;C:\ProgramData\Oracle\Java\javapath;C:\Program Files (x86)\NVIDIA Corporation\PhysX\Common;C:\Ruby193\bin;C:\dev\_scripts;C:\Python27\Scripts;C:\Python27;C:\php\;C:\php;C:\Program Files (x86)\Git\cmd;C:\dev\apache-ant-1.9.2\bin;C:\Program Files\Java\jdk1.7.0_25\bin;C:\dev\apache-maven-3.0.5\bin;C:\Program Files (x86)\Haskell Platform\2013.2.0.0\lib\extralibs\bin;C:\Program Files (x86)\Haskell Platform\2013.2.0.0\bin;C:\Python33\Lib\site-packages\django\bin;C:\Program Files (x86)\AMD APP\bin\x86_64;C:\Windows\system32;C:\Windows;C:\Windows\System32\Wbem;C:\Windows\System32\WindowsPowerShell\v1.0\;C:\Program Files (x86)\ATI Technologies\ATI.ACE\Core-Static;C:\Program Files\Java\jdk1.7.0_25\bin;C:\Program Files (x86)\Lua\5.1;C:\Program Files (x86)\Lua\5.1\clibs;C:\cygwin\bin;C:\Program Files (x86)\Common Files\Adobe\AGL;C:\Program Files (x86)\Haskell Platform\2013.2.0.0\mingw\bin;C:\Program Files\SourceGear\Common\DiffMerge\;C:\Program Files\nodejs\;C:\Program Files\cURL\bin;C:\scala\\bin;C:\Program Files (x86)\sbt\\bin;C:\Program Files (x86)\GtkSharp\2.12\bin;C:\Program Files (x86)\QuickTime\QTSystem\;C:\dev\_cloj\lein\;C:\Program Files\TortoiseGit\bin;C:\Program Files (x86)\AMD\ATI.ACE\Core-Static;C:\Users\Aniara\algs4\bin;C:\Users\Aniara\AppData\Roaming\cabal\bin;C:\Users\Aniara\AppData\Roaming\npm
USERNAME=Aniara
OS=Windows_NT
PROCESSOR_IDENTIFIER=Intel64 Family 6 Model 58 Stepping 9, GenuineIntel



---------------  S Y S T E M  ---------------

OS: Windows 7 , 64 bit Build 7601 Service Pack 1

CPU:total 4 (4 cores per cpu, 1 threads per core) family 6 model 58 stepping 9, cmov, cx8, fxsr, mmx, sse, sse2, sse3, ssse3, sse4.1, sse4.2, popcnt, avx, aes, clmul, erms, tsc, tscinvbit, tscinv

Memory: 4k page, physical 16730672k(8006936k free), swap 33459488k(21456756k free)

vm_info: Java HotSpot(TM) 64-Bit Server VM (25.25-b02) for windows-amd64 JRE (1.8.0_25-b18), built on Oct  7 2014 14:25:37 by "java_re" with MS VC++ 10.0 (VS2010)

time: Sat Feb 28 16:37:24 2015
elapsed time: 7 seconds (0d 0h 0m 7s)

