#
# A fatal error has been detected by the Java Runtime Environment:
#
#  EXCEPTION_ACCESS_VIOLATION (0xc0000005) at pc=0x000000006f694cc4, pid=14516, tid=15264
#
# JRE version: Java(TM) SE Runtime Environment (8.0_25-b18) (build 1.8.0_25-b18)
# Java VM: Java HotSpot(TM) 64-Bit Server VM (25.25-b02 mixed mode windows-amd64 compressed oops)
# Problematic frame:
# V  [jvm.dll+0x134cc4]
#
# Failed to write core dump. Minidumps are not enabled by default on client versions of Windows
#
# If you would like to submit a bug report, please visit:
#   http://bugreport.sun.com/bugreport/crash.jsp
#

---------------  T H R E A D  ---------------

Current thread (0x0000000020082800):  JavaThread "nREPL-worker-0" daemon [_thread_in_vm, id=15264, stack(0x0000000022f40000,0x0000000023040000)]

siginfo: ExceptionCode=0xc0000005, reading address 0x0000000000000000

Registers:
RAX=0x0000000000000000, RBX=0x0000000020082800, RCX=0x0000000000000280, RDX=0x0000000000000000
RSP=0x000000002303c030, RBP=0x000000002303c1a8, RSI=0x0000000000000000, RDI=0x0000000000000000
R8 =0x0000000000000000, R9 =0x000000076e3ac1f0, R10=0x0000000000000038, R11=0x000000006fd35300
R12=0x000000000011f498, R13=0x0000000000000000, R14=0x000000002303c1a8, R15=0x0000000020082800
RIP=0x000000006f694cc4, EFLAGS=0x0000000000010202

Top of Stack: (sp=0x000000002303c030)
0x000000002303c030:   0000000020082800 000000002303c0a0
0x000000002303c040:   00000000234056f0 0000000020082800
0x000000002303c050:   0000000020082800 0000000000000000
0x000000002303c060:   00000000234056f8 000000002303c1a8
0x000000002303c070:   00000000234056f0 0000000000000000
0x000000002303c080:   00000000200829e8 000000006be4204d
0x000000002303c090:   000000002303c1a8 00000000000001fb
0x000000002303c0a0:   00000000234056f8 0000000020082800
0x000000002303c0b0:   00000000234056f8 0000000020082800
0x000000002303c0c0:   00000000000001fb 0000000002406509
0x000000002303c0d0:   00000000234056f8 0000000050200021
0x000000002303c0e0:   00000000000001fb 000000002303c180
0x000000002303c0f0:   0000000000000000 0000000002406677
0x000000002303c100:   00000000000001fb 000000000240625d
0x000000002303c110:   0000000020082800 00000000234056f8
0x000000002303c120:   0000000050200021 0000000020082800 

Instructions: (pc=0x000000006f694cc4)
0x000000006f694ca4:   89 5c 24 20 48 89 74 24 28 48 39 73 08 74 0a 48
0x000000006f694cb4:   8d 4c 24 20 e8 43 04 13 00 40 38 35 84 f6 69 00
0x000000006f694cc4:   48 8b 3f 48 63 05 ea 72 68 00 74 1b 8b 0c 38 85
0x000000006f694cd4:   c9 74 77 8b c1 8b 0d 59 78 63 00 48 d3 e0 48 03 


Register to memory mapping:

RAX=0x0000000000000000 is an unknown value
RBX=0x0000000020082800 is a thread
RCX=0x0000000000000280 is an unknown value
RDX=0x0000000000000000 is an unknown value
RSP=0x000000002303c030 is pointing into the stack for thread: 0x0000000020082800
RBP=0x000000002303c1a8 is pointing into the stack for thread: 0x0000000020082800
RSI=0x0000000000000000 is an unknown value
RDI=0x0000000000000000 is an unknown value
R8 =0x0000000000000000 is an unknown value
R9 =0x000000076e3ac1f0 is an oop
org.sqlite.core.NativeDB 
 - klass: 'org/sqlite/core/NativeDB'
R10=0x0000000000000038 is an unknown value
R11=0x000000006fd35300 is an unknown value
R12=0x000000000011f498 is an unknown value
R13=0x0000000000000000 is an unknown value
R14=0x000000002303c1a8 is pointing into the stack for thread: 0x0000000020082800
R15=0x0000000020082800 is a thread


Stack: [0x0000000022f40000,0x0000000023040000],  sp=0x000000002303c030,  free space=1008k
Native frames: (J=compiled Java code, j=interpreted, Vv=VM code, C=native code)
V  [jvm.dll+0x134cc4]
C  [sqlite-3.8.7-d30b30d5-a373-439f-bb82-3cf4dcf6b1f6-sqlitejdbc.dll+0x204d]
C  0x0000000002406677

Java frames: (J=compiled Java code, j=interpreted, Vv=VM code)
j  org.sqlite.core.NativeDB.prepare(Ljava/lang/String;)J+0
j  org.sqlite.core.DB.prepare(Lorg/sqlite/core/CoreStatement;)V+21
j  org.sqlite.core.CorePreparedStatement.<init>(Lorg/sqlite/SQLiteConnection;Ljava/lang/String;)V+15
j  org.sqlite.jdbc3.JDBC3PreparedStatement.<init>(Lorg/sqlite/SQLiteConnection;Ljava/lang/String;)V+3
j  org.sqlite.jdbc4.JDBC4PreparedStatement.<init>(Lorg/sqlite/SQLiteConnection;Ljava/lang/String;)V+3
j  org.sqlite.jdbc4.JDBC4Connection.prepareStatement(Ljava/lang/String;III)Ljava/sql/PreparedStatement;+21
j  org.sqlite.jdbc3.JDBC3Connection.prepareStatement(Ljava/lang/String;II)Ljava/sql/PreparedStatement;+5
j  org.sqlite.jdbc3.JDBC3Connection.prepareStatement(Ljava/lang/String;)Ljava/sql/PreparedStatement;+8
j  clojure.java.jdbc$prepare_statement.doInvoke(Ljava/lang/Object;Ljava/lang/Object;Ljava/lang/Object;)Ljava/lang/Object;+411
J 1299 C1 clojure.lang.RestFn.invoke(Ljava/lang/Object;Ljava/lang/Object;)Ljava/lang/Object; (119 bytes) @ 0x00000000028f32c4 [0x00000000028f2520+0xda4]
j  clojure.java.jdbc$db_do_prepared.doInvoke(Ljava/lang/Object;Ljava/lang/Object;Ljava/lang/Object;)Ljava/lang/Object;+205
J 1121 C1 clojure.lang.RestFn.applyTo(Lclojure/lang/ISeq;)Ljava/lang/Object; (3076 bytes) @ 0x000000000285a32c [0x0000000002846200+0x1412c]
j  clojure.core$apply.invoke(Ljava/lang/Object;Ljava/lang/Object;Ljava/lang/Object;Ljava/lang/Object;Ljava/lang/Object;)Ljava/lang/Object;+39
j  clojure.java.jdbc$db_do_prepared.doInvoke(Ljava/lang/Object;Ljava/lang/Object;Ljava/lang/Object;)Ljava/lang/Object;+381
J 1299 C1 clojure.lang.RestFn.invoke(Ljava/lang/Object;Ljava/lang/Object;)Ljava/lang/Object; (119 bytes) @ 0x00000000028f32c4 [0x00000000028f2520+0xda4]
j  cia.chapter09.user$exec_sql_file.invoke(Ljava/lang/Object;)Ljava/lang/Object;+46
j  cia.chapter09.user$eval2513.invoke()Ljava/lang/Object;+11
J 2118 C1 clojure.lang.Compiler.eval(Ljava/lang/Object;Z)Ljava/lang/Object; (393 bytes) @ 0x0000000002cbadb4 [0x0000000002cb5860+0x5554]
j  clojure.lang.Compiler.load(Ljava/io/Reader;Ljava/lang/String;Ljava/lang/String;)Ljava/lang/Object;+336
j  user$eval1363.invoke()Ljava/lang/Object;+65
J 2118 C1 clojure.lang.Compiler.eval(Ljava/lang/Object;Z)Ljava/lang/Object; (393 bytes) @ 0x0000000002cbadb4 [0x0000000002cb5860+0x5554]
j  clojure.lang.Compiler.eval(Ljava/lang/Object;)Ljava/lang/Object;+2
j  clojure.core$eval.invoke(Ljava/lang/Object;)Ljava/lang/Object;+3
j  clojure.main$repl$read_eval_print__6625$fn__6628.invoke()Ljava/lang/Object;+11
j  clojure.main$repl$read_eval_print__6625.invoke()Ljava/lang/Object;+196
j  clojure.main$repl$fn__6634.invoke()Ljava/lang/Object;+7
j  clojure.main$repl.doInvoke(Ljava/lang/Object;)Ljava/lang/Object;+585
j  clojure.lang.RestFn.invoke(Ljava/lang/Object;Ljava/lang/Object;Ljava/lang/Object;Ljava/lang/Object;Ljava/lang/Object;Ljava/lang/Object;Ljava/lang/Object;Ljava/lang/Object;Ljava/lang/Object;Ljava/lang/Object;Ljava/lang/Object;Ljava/lang/Object;)Ljava/lang/Object;+225
j  clojure.tools.nrepl.middleware.interruptible_eval$evaluate$fn__591.invoke()Ljava/lang/Object;+196
J 493 C1 clojure.lang.AFn.applyToHelper(Lclojure/lang/IFn;Lclojure/lang/ISeq;)Ljava/lang/Object; (3238 bytes) @ 0x000000000265ed1c [0x00000000026497e0+0x1553c]
J 491 C1 clojure.lang.AFn.applyTo(Lclojure/lang/ISeq;)Ljava/lang/Object; (12 bytes) @ 0x00000000026469fc [0x0000000002646940+0xbc]
J 1395 C1 clojure.core$apply.invoke(Ljava/lang/Object;Ljava/lang/Object;)Ljava/lang/Object; (32 bytes) @ 0x0000000002967a54 [0x0000000002967500+0x554]
j  clojure.core$with_bindings_STAR_.doInvoke(Ljava/lang/Object;Ljava/lang/Object;Ljava/lang/Object;)Ljava/lang/Object;+33
J 1299 C1 clojure.lang.RestFn.invoke(Ljava/lang/Object;Ljava/lang/Object;)Ljava/lang/Object; (119 bytes) @ 0x00000000028f32c4 [0x00000000028f2520+0xda4]
j  clojure.tools.nrepl.middleware.interruptible_eval$evaluate.invoke(Ljava/lang/Object;Ljava/lang/Object;)Ljava/lang/Object;+509
j  clojure.tools.nrepl.middleware.interruptible_eval$interruptible_eval$fn__632$fn__635.invoke()Ljava/lang/Object;+114
j  clojure.core$comp$fn__4192.invoke()Ljava/lang/Object;+14
j  clojure.tools.nrepl.middleware.interruptible_eval$run_next$fn__625.invoke()Ljava/lang/Object;+7
j  clojure.lang.AFn.run()V+1
j  java.util.concurrent.ThreadPoolExecutor.runWorker(Ljava/util/concurrent/ThreadPoolExecutor$Worker;)V+95
j  java.util.concurrent.ThreadPoolExecutor$Worker.run()V+5
j  java.lang.Thread.run()V+11
v  ~StubRoutines::call_stub

---------------  P R O C E S S  ---------------

Java Threads: ( => current thread )
=>0x0000000020082800 JavaThread "nREPL-worker-0" daemon [_thread_in_vm, id=15264, stack(0x0000000022f40000,0x0000000023040000)]
  0x000000001e65b800 JavaThread "clojure-agent-send-off-pool-6" [_thread_blocked, id=5976, stack(0x0000000022c50000,0x0000000022d50000)]
  0x000000001f45d800 JavaThread "clojure-agent-send-off-pool-5" [_thread_in_native, id=9872, stack(0x0000000022ae0000,0x0000000022be0000)]
  0x000000002117c800 JavaThread "clojure-agent-send-off-pool-4" [_thread_blocked, id=13828, stack(0x0000000022910000,0x0000000022a10000)]
  0x000000001e78a000 JavaThread "clojure-agent-send-off-pool-3" [_thread_blocked, id=6264, stack(0x0000000022610000,0x0000000022710000)]
  0x00000000203e7800 JavaThread "clojure-agent-send-off-pool-2" [_thread_in_native, id=9668, stack(0x0000000022390000,0x0000000022490000)]
  0x00000000201f4000 JavaThread "clojure-agent-send-off-pool-1" [_thread_blocked, id=1992, stack(0x0000000022050000,0x0000000022150000)]
  0x000000001f68e800 JavaThread "clojure-agent-send-off-pool-0" [_thread_blocked, id=11868, stack(0x0000000020e10000,0x0000000020f10000)]
  0x000000001d036800 JavaThread "Monitor Ctrl-Break" daemon [_thread_in_native, id=2816, stack(0x000000001df50000,0x000000001e050000)]
  0x000000001bbef800 JavaThread "Service Thread" daemon [_thread_blocked, id=8836, stack(0x000000001dab0000,0x000000001dbb0000)]
  0x000000001bbe8000 JavaThread "C1 CompilerThread2" daemon [_thread_blocked, id=7868, stack(0x000000001d9a0000,0x000000001daa0000)]
  0x000000001cf0b800 JavaThread "C2 CompilerThread1" daemon [_thread_in_native, id=9996, stack(0x000000001d810000,0x000000001d910000)]
  0x000000001cf04800 JavaThread "C2 CompilerThread0" daemon [_thread_blocked, id=9892, stack(0x000000001d660000,0x000000001d760000)]
  0x000000001cf03000 JavaThread "Attach Listener" daemon [_thread_blocked, id=10904, stack(0x000000001d530000,0x000000001d630000)]
  0x000000001cf00800 JavaThread "Signal Dispatcher" daemon [_thread_blocked, id=3460, stack(0x000000001d330000,0x000000001d430000)]
  0x000000001bb88800 JavaThread "Finalizer" daemon [_thread_blocked, id=14464, stack(0x000000001ce00000,0x000000001cf00000)]
  0x000000001bb7f800 JavaThread "Reference Handler" daemon [_thread_blocked, id=13380, stack(0x000000001cc60000,0x000000001cd60000)]
  0x0000000001cc8800 JavaThread "main" [_thread_blocked, id=10088, stack(0x0000000002020000,0x0000000002120000)]

Other Threads:
  0x000000001bb78000 VMThread [stack: 0x000000001cb40000,0x000000001cc40000] [id=16036]
  0x000000001cf74000 WatcherThread [stack: 0x000000001dbf0000,0x000000001dcf0000] [id=10736]

VM state:not at safepoint (normal execution)

VM Mutex/Monitor currently owned by a thread: None

Heap:
 PSYoungGen      total 531968K, used 57164K [0x000000076ae00000, 0x000000079f100000, 0x00000007c0000000)
  eden space 520192K, 10% used [0x000000076ae00000,0x000000076e5d3158,0x000000078aa00000)
  from space 11776K, 0% used [0x000000078aa00000,0x000000078aa00000,0x000000078b580000)
  to   space 11264K, 0% used [0x000000079e600000,0x000000079e600000,0x000000079f100000)
 ParOldGen       total 86528K, used 14946K [0x00000006c0a00000, 0x00000006c5e80000, 0x000000076ae00000)
  object space 86528K, 17% used [0x00000006c0a00000,0x00000006c1898a28,0x00000006c5e80000)
 Metaspace       used 21253K, capacity 24251K, committed 24320K, reserved 1069056K
  class space    used 4549K, capacity 5587K, committed 5632K, reserved 1048576K

Card table byte_map: [0x00000000117b0000,0x0000000011fb0000] byte_map_base: 0x000000000e1ab000

Marking Bits: (ParMarkBitMap*) 0x000000006fd3d490
 Begin Bits: [0x0000000012a40000, 0x0000000016a18000)
 End Bits:   [0x0000000016a18000, 0x000000001a9f0000)

Polling page: 0x0000000001b60000

CodeCache: size=245760Kb used=10909Kb max_used=10922Kb free=234850Kb
 bounds [0x00000000023f0000, 0x0000000002eb0000, 0x00000000113f0000]
 total_blobs=2827 nmethods=2467 adapters=273
 compilation: enabled

Compilation events (10 events):
Event: 8.379 Thread 0x000000001bbe8000 2472 %     3       org.sqlite.SQLiteJDBCLoader::contentsEquals @ 37 (78 bytes)
Event: 8.379 Thread 0x000000001bbe8000 nmethod 2472% 0x0000000002e97c90 code [0x0000000002e97ea0, 0x0000000002e98938]
Event: 8.379 Thread 0x000000001bbe8000 2473       3       org.sqlite.SQLiteJDBCLoader::contentsEquals (78 bytes)
Event: 8.379 Thread 0x000000001bbe8000 nmethod 2473 0x0000000002e95d90 code [0x0000000002e95f80, 0x0000000002e969b8]
Event: 8.380 Thread 0x000000001cf0b800 2474 %     4       org.sqlite.SQLiteJDBCLoader::contentsEquals @ 37 (78 bytes)
Event: 8.383 Thread 0x000000001bbe8000 2475       3       java.io.FilterInputStream::read (11 bytes)
Event: 8.383 Thread 0x000000001bbe8000 nmethod 2475 0x0000000002e95910 code [0x0000000002e95a80, 0x0000000002e95ca8]
Event: 8.385 Thread 0x000000001cf0b800 nmethod 2474% 0x0000000002e9b1d0 code [0x0000000002e9b340, 0x0000000002e9bdf8]
Event: 8.399 Thread 0x000000001cf04800 2476       4       clojure.lang.APersistentSet::seq (8 bytes)
Event: 8.399 Thread 0x000000001cf0b800 2477       4       clojure.lang.AFn::applyToHelper (3238 bytes)

GC Heap History (10 events):
Event: 2.173 GC heap before
{Heap before GC invocations=6 (full 0):
 PSYoungGen      total 141824K, used 138560K [0x000000076ae00000, 0x000000077bf00000, 0x00000007c0000000)
  eden space 131072K, 100% used [0x000000076ae00000,0x0000000772e00000,0x0000000772e00000)
  from space 10752K, 69% used [0x0000000772e00000,0x0000000773550040,0x0000000773880000)
  to   space 8704K, 0% used [0x000000077b680000,0x000000077b680000,0x000000077bf00000)
 ParOldGen       total 175104K, used 32K [0x00000006c0a00000, 0x00000006cb500000, 0x000000076ae00000)
  object space 175104K, 0% used [0x00000006c0a00000,0x00000006c0a08000,0x00000006cb500000)
 Metaspace       used 14744K, capacity 16137K, committed 16256K, reserved 1062912K
  class space    used 2955K, capacity 3456K, committed 3456K, reserved 1048576K
Event: 2.186 GC heap after
Heap after GC invocations=6 (full 0):
 PSYoungGen      total 269824K, used 8688K [0x000000076ae00000, 0x000000077c100000, 0x00000007c0000000)
  eden space 261120K, 0% used [0x000000076ae00000,0x000000076ae00000,0x000000077ad00000)
  from space 8704K, 99% used [0x000000077b680000,0x000000077befc030,0x000000077bf00000)
  to   space 9728K, 0% used [0x000000077ad00000,0x000000077ad00000,0x000000077b680000)
 ParOldGen       total 175104K, used 176K [0x00000006c0a00000, 0x00000006cb500000, 0x000000076ae00000)
  object space 175104K, 0% used [0x00000006c0a00000,0x00000006c0a2c000,0x00000006cb500000)
 Metaspace       used 14744K, capacity 16137K, committed 16256K, reserved 1062912K
  class space    used 2955K, capacity 3456K, committed 3456K, reserved 1048576K
}
Event: 2.314 GC heap before
{Heap before GC invocations=7 (full 0):
 PSYoungGen      total 269824K, used 269808K [0x000000076ae00000, 0x000000077c100000, 0x00000007c0000000)
  eden space 261120K, 100% used [0x000000076ae00000,0x000000077ad00000,0x000000077ad00000)
  from space 8704K, 99% used [0x000000077b680000,0x000000077befc030,0x000000077bf00000)
  to   space 9728K, 0% used [0x000000077ad00000,0x000000077ad00000,0x000000077b680000)
 ParOldGen       total 175104K, used 176K [0x00000006c0a00000, 0x00000006cb500000, 0x000000076ae00000)
  object space 175104K, 0% used [0x00000006c0a00000,0x00000006c0a2c000,0x00000006cb500000)
 Metaspace       used 15050K, capacity 16509K, committed 16640K, reserved 1062912K
  class space    used 2989K, capacity 3488K, committed 3584K, reserved 1048576K
Event: 2.324 GC heap after
Heap after GC invocations=7 (full 0):
 PSYoungGen      total 270848K, used 7296K [0x000000076ae00000, 0x000000078bf00000, 0x00000007c0000000)
  eden space 261120K, 0% used [0x000000076ae00000,0x000000076ae00000,0x000000077ad00000)
  from space 9728K, 75% used [0x000000077ad00000,0x000000077b420000,0x000000077b680000)
  to   space 9728K, 0% used [0x000000078b580000,0x000000078b580000,0x000000078bf00000)
 ParOldGen       total 175104K, used 4384K [0x00000006c0a00000, 0x00000006cb500000, 0x000000076ae00000)
  object space 175104K, 2% used [0x00000006c0a00000,0x00000006c0e482b8,0x00000006cb500000)
 Metaspace       used 15050K, capacity 16509K, committed 16640K, reserved 1062912K
  class space    used 2989K, capacity 3488K, committed 3584K, reserved 1048576K
}
Event: 7.894 GC heap before
{Heap before GC invocations=8 (full 0):
 PSYoungGen      total 270848K, used 268416K [0x000000076ae00000, 0x000000078bf00000, 0x00000007c0000000)
  eden space 261120K, 100% used [0x000000076ae00000,0x000000077ad00000,0x000000077ad00000)
  from space 9728K, 75% used [0x000000077ad00000,0x000000077b420000,0x000000077b680000)
  to   space 9728K, 0% used [0x000000078b580000,0x000000078b580000,0x000000078bf00000)
 ParOldGen       total 175104K, used 4384K [0x00000006c0a00000, 0x00000006cb500000, 0x000000076ae00000)
  object space 175104K, 2% used [0x00000006c0a00000,0x00000006c0e482b8,0x00000006cb500000)
 Metaspace       used 18673K, capacity 20765K, committed 20864K, reserved 1064960K
  class space    used 3918K, capacity 4693K, committed 4736K, reserved 1048576K
Event: 7.918 GC heap after
Heap after GC invocations=8 (full 0):
 PSYoungGen      total 529920K, used 9699K [0x000000076ae00000, 0x000000078c300000, 0x00000007c0000000)
  eden space 520192K, 0% used [0x000000076ae00000,0x000000076ae00000,0x000000078aa00000)
  from space 9728K, 99% used [0x000000078b580000,0x000000078bef8d18,0x000000078bf00000)
  to   space 11776K, 0% used [0x000000078aa00000,0x000000078aa00000,0x000000078b580000)
 ParOldGen       total 175104K, used 6613K [0x00000006c0a00000, 0x00000006cb500000, 0x000000076ae00000)
  object space 175104K, 3% used [0x00000006c0a00000,0x00000006c1075720,0x00000006cb500000)
 Metaspace       used 18673K, capacity 20765K, committed 20864K, reserved 1064960K
  class space    used 3918K, capacity 4693K, committed 4736K, reserved 1048576K
}
Event: 7.956 GC heap before
{Heap before GC invocations=9 (full 0):
 PSYoungGen      total 529920K, used 16546K [0x000000076ae00000, 0x000000078c300000, 0x00000007c0000000)
  eden space 520192K, 1% used [0x000000076ae00000,0x000000076b4afb58,0x000000078aa00000)
  from space 9728K, 99% used [0x000000078b580000,0x000000078bef8d18,0x000000078bf00000)
  to   space 11776K, 0% used [0x000000078aa00000,0x000000078aa00000,0x000000078b580000)
 ParOldGen       total 175104K, used 6613K [0x00000006c0a00000, 0x00000006cb500000, 0x000000076ae00000)
  object space 175104K, 3% used [0x00000006c0a00000,0x00000006c1075720,0x00000006cb500000)
 Metaspace       used 19065K, capacity 21197K, committed 21296K, reserved 1067008K
  class space    used 3982K, capacity 4733K, committed 4736K, reserved 1048576K
Event: 7.976 GC heap after
Heap after GC invocations=9 (full 0):
 PSYoungGen      total 531968K, used 6221K [0x000000076ae00000, 0x000000079f100000, 0x00000007c0000000)
  eden space 520192K, 0% used [0x000000076ae00000,0x000000076ae00000,0x000000078aa00000)
  from space 11776K, 52% used [0x000000078aa00000,0x000000078b013460,0x000000078b580000)
  to   space 11264K, 0% used [0x000000079e600000,0x000000079e600000,0x000000079f100000)
 ParOldGen       total 175104K, used 9621K [0x00000006c0a00000, 0x00000006cb500000, 0x000000076ae00000)
  object space 175104K, 5% used [0x00000006c0a00000,0x00000006c1365720,0x00000006cb500000)
 Metaspace       used 19065K, capacity 21197K, committed 21296K, reserved 1067008K
  class space    used 3982K, capacity 4733K, committed 4736K, reserved 1048576K
}
Event: 7.976 GC heap before
{Heap before GC invocations=10 (full 1):
 PSYoungGen      total 531968K, used 6221K [0x000000076ae00000, 0x000000079f100000, 0x00000007c0000000)
  eden space 520192K, 0% used [0x000000076ae00000,0x000000076ae00000,0x000000078aa00000)
  from space 11776K, 52% used [0x000000078aa00000,0x000000078b013460,0x000000078b580000)
  to   space 11264K, 0% used [0x000000079e600000,0x000000079e600000,0x000000079f100000)
 ParOldGen       total 175104K, used 9621K [0x00000006c0a00000, 0x00000006cb500000, 0x000000076ae00000)
  object space 175104K, 5% used [0x00000006c0a00000,0x00000006c1365720,0x00000006cb500000)
 Metaspace       used 19065K, capacity 21197K, committed 21296K, reserved 1067008K
  class space    used 3982K, capacity 4733K, committed 4736K, reserved 1048576K
Event: 8.015 GC heap after
Heap after GC invocations=10 (full 1):
 PSYoungGen      total 531968K, used 0K [0x000000076ae00000, 0x000000079f100000, 0x00000007c0000000)
  eden space 520192K, 0% used [0x000000076ae00000,0x000000076ae00000,0x000000078aa00000)
  from space 11776K, 0% used [0x000000078aa00000,0x000000078aa00000,0x000000078b580000)
  to   space 11264K, 0% used [0x000000079e600000,0x000000079e600000,0x000000079f100000)
 ParOldGen       total 86528K, used 14946K [0x00000006c0a00000, 0x00000006c5e80000, 0x000000076ae00000)
  object space 86528K, 17% used [0x00000006c0a00000,0x00000006c1898a28,0x00000006c5e80000)
 Metaspace       used 19065K, capacity 21197K, committed 21296K, reserved 1067008K
  class space    used 3982K, capacity 4733K, committed 4736K, reserved 1048576K
}

Deoptimization events (10 events):
Event: 8.028 Thread 0x0000000020082800 Uncommon trap: reason=class_check action=maybe_recompile pc=0x0000000002bfb640 method=java.lang.AbstractStringBuilder.append(Ljava/lang/CharSequence;)Ljava/lang/AbstractStringBuilder; @ 37
Event: 8.296 Thread 0x0000000020082800 Uncommon trap: reason=class_check action=maybe_recompile pc=0x0000000002b1eb40 method=clojure.lang.PersistentList$1.doInvoke(Ljava/lang/Object;)Ljava/lang/Object; @ 1
Event: 8.296 Thread 0x0000000020082800 Uncommon trap: reason=unreached action=reinterpret pc=0x0000000002db2f84 method=clojure.lang.Compiler.isInline(Ljava/lang/Object;I)Lclojure/lang/IFn; @ 30
Event: 8.304 Thread 0x0000000020082800 Uncommon trap: reason=class_check action=maybe_recompile pc=0x0000000002b1eb40 method=clojure.lang.PersistentList$1.doInvoke(Ljava/lang/Object;)Ljava/lang/Object; @ 1
Event: 8.308 Thread 0x0000000020082800 Uncommon trap: reason=class_check action=maybe_recompile pc=0x0000000002b1eb40 method=clojure.lang.PersistentList$1.doInvoke(Ljava/lang/Object;)Ljava/lang/Object; @ 1
Event: 8.308 Thread 0x0000000020082800 Uncommon trap: reason=class_check action=maybe_recompile pc=0x0000000002b1eb40 method=clojure.lang.PersistentList$1.doInvoke(Ljava/lang/Object;)Ljava/lang/Object; @ 1
Event: 8.329 Thread 0x0000000020082800 Uncommon trap: reason=unreached action=reinterpret pc=0x000000000288d8f8 method=java.net.URL.<init>(Ljava/net/URL;Ljava/lang/String;Ljava/net/URLStreamHandler;)V @ 347
Event: 8.346 Thread 0x0000000020082800 Uncommon trap: reason=bimorphic action=maybe_recompile pc=0x0000000002810294 method=java.util.regex.Pattern$CharProperty$1.isSatisfiedBy(I)Z @ 5
Event: 8.346 Thread 0x0000000020082800 Uncommon trap: reason=bimorphic action=maybe_recompile pc=0x0000000002810294 method=java.util.regex.Pattern$CharProperty$1.isSatisfiedBy(I)Z @ 5
Event: 8.346 Thread 0x0000000020082800 Uncommon trap: reason=bimorphic action=maybe_recompile pc=0x0000000002810294 method=java.util.regex.Pattern$CharProperty$1.isSatisfiedBy(I)Z @ 5

Internal exceptions (10 events):
Event: 8.394 Thread 0x0000000020082800 Exception <a 'java/security/PrivilegedActionException'> (0x000000076e3a7c10) thrown at [D:\re\workspace\8-2-build-windows-amd64-cygwin\jdk8u25\1677\hotspot\src\share\vm\prims\jvm.cpp, line 1312]
Event: 8.395 Thread 0x0000000020082800 Exception <a 'java/security/PrivilegedActionException'> (0x000000076e3ad0e0) thrown at [D:\re\workspace\8-2-build-windows-amd64-cygwin\jdk8u25\1677\hotspot\src\share\vm\prims\jvm.cpp, line 1312]
Event: 8.395 Thread 0x0000000020082800 Exception <a 'java/security/PrivilegedActionException'> (0x000000076e3b27d0) thrown at [D:\re\workspace\8-2-build-windows-amd64-cygwin\jdk8u25\1677\hotspot\src\share\vm\prims\jvm.cpp, line 1312]
Event: 8.396 Thread 0x0000000020082800 Exception <a 'java/security/PrivilegedActionException'> (0x000000076e3be1e8) thrown at [D:\re\workspace\8-2-build-windows-amd64-cygwin\jdk8u25\1677\hotspot\src\share\vm\prims\jvm.cpp, line 1312]
Event: 8.396 Thread 0x0000000020082800 Exception <a 'java/security/PrivilegedActionException'> (0x000000076e3c44f8) thrown at [D:\re\workspace\8-2-build-windows-amd64-cygwin\jdk8u25\1677\hotspot\src\share\vm\prims\jvm.cpp, line 1312]
Event: 8.396 Thread 0x0000000020082800 Exception <a 'java/security/PrivilegedActionException'> (0x000000076e3ca280) thrown at [D:\re\workspace\8-2-build-windows-amd64-cygwin\jdk8u25\1677\hotspot\src\share\vm\prims\jvm.cpp, line 1312]
Event: 8.397 Thread 0x0000000020082800 Exception <a 'java/security/PrivilegedActionException'> (0x000000076e3dd630) thrown at [D:\re\workspace\8-2-build-windows-amd64-cygwin\jdk8u25\1677\hotspot\src\share\vm\prims\jvm.cpp, line 1312]
Event: 8.399 Thread 0x0000000020082800 Exception <a 'java/security/PrivilegedActionException'> (0x000000076e3fbb58) thrown at [D:\re\workspace\8-2-build-windows-amd64-cygwin\jdk8u25\1677\hotspot\src\share\vm\prims\jvm.cpp, line 1312]
Event: 8.399 Thread 0x0000000020082800 Exception <a 'java/security/PrivilegedActionException'> (0x000000076e402488) thrown at [D:\re\workspace\8-2-build-windows-amd64-cygwin\jdk8u25\1677\hotspot\src\share\vm\prims\jvm.cpp, line 1312]
Event: 8.400 Thread 0x0000000020082800 Exception <a 'java/security/PrivilegedActionException'> (0x000000076e40f310) thrown at [D:\re\workspace\8-2-build-windows-amd64-cygwin\jdk8u25\1677\hotspot\src\share\vm\prims\jvm.cpp, line 1312]

Events (10 events):
Event: 8.396 loading class org/sqlite/jdbc4/JDBC4ResultSet
Event: 8.396 loading class org/sqlite/jdbc4/JDBC4ResultSet done
Event: 8.397 loading class org/sqlite/jdbc3/JDBC3ResultSet
Event: 8.397 loading class org/sqlite/jdbc3/JDBC3ResultSet done
Event: 8.399 loading class org/sqlite/jdbc4/JDBC4PreparedStatement
Event: 8.399 loading class org/sqlite/jdbc4/JDBC4PreparedStatement done
Event: 8.399 loading class org/sqlite/jdbc3/JDBC3PreparedStatement
Event: 8.399 loading class org/sqlite/jdbc3/JDBC3PreparedStatement done
Event: 8.400 loading class org/sqlite/core/CorePreparedStatement
Event: 8.400 loading class org/sqlite/core/CorePreparedStatement done


Dynamic libraries:
0x000000013f5a0000 - 0x000000013f5d4000 	C:\Program Files\Java\jdk1.8.0_25\bin\java.exe
0x0000000077b90000 - 0x0000000077d39000 	C:\Windows\SYSTEM32\ntdll.dll
0x0000000077a70000 - 0x0000000077b8f000 	C:\Windows\system32\kernel32.dll
0x000007fefdb40000 - 0x000007fefdbac000 	C:\Windows\system32\KERNELBASE.dll
0x000007fefe500000 - 0x000007fefe5db000 	C:\Windows\system32\ADVAPI32.dll
0x000007fefe230000 - 0x000007fefe2cf000 	C:\Windows\system32\msvcrt.dll
0x000007feffc00000 - 0x000007feffc1f000 	C:\Windows\SYSTEM32\sechost.dll
0x000007fefdd10000 - 0x000007fefde3d000 	C:\Windows\system32\RPCRT4.dll
0x0000000077970000 - 0x0000000077a6a000 	C:\Windows\system32\USER32.dll
0x000007feffe30000 - 0x000007feffe97000 	C:\Windows\system32\GDI32.dll
0x000007fefdf50000 - 0x000007fefdf5e000 	C:\Windows\system32\LPK.dll
0x000007fefe3b0000 - 0x000007fefe479000 	C:\Windows\system32\USP10.dll
0x000007fefc2c0000 - 0x000007fefc4b4000 	C:\Windows\WinSxS\amd64_microsoft.windows.common-controls_6595b64144ccf1df_6.0.7601.17514_none_fa396087175ac9ac\COMCTL32.dll
0x000007fefe6a0000 - 0x000007fefe711000 	C:\Windows\system32\SHLWAPI.dll
0x000007fefe480000 - 0x000007fefe4ae000 	C:\Windows\system32\IMM32.DLL
0x000007fefde40000 - 0x000007fefdf49000 	C:\Windows\system32\MSCTF.dll
0x00000000653d0000 - 0x00000000654a2000 	C:\Program Files\Java\jdk1.8.0_25\jre\bin\msvcr100.dll
0x000000006f560000 - 0x000000006fdba000 	C:\Program Files\Java\jdk1.8.0_25\jre\bin\server\jvm.dll
0x000007fef6d10000 - 0x000007fef6d19000 	C:\Windows\system32\WSOCK32.dll
0x000007fefe4b0000 - 0x000007fefe4fd000 	C:\Windows\system32\WS2_32.dll
0x000007fefe720000 - 0x000007fefe728000 	C:\Windows\system32\NSI.dll
0x000007fef7570000 - 0x000007fef75ab000 	C:\Windows\system32\WINMM.dll
0x0000000077d60000 - 0x0000000077d67000 	C:\Windows\system32\PSAPI.DLL
0x000000006dbd0000 - 0x000000006dbdf000 	C:\Program Files\Java\jdk1.8.0_25\jre\bin\verify.dll
0x0000000069580000 - 0x00000000695a8000 	C:\Program Files\Java\jdk1.8.0_25\jre\bin\java.dll
0x0000000069d50000 - 0x0000000069d66000 	C:\Program Files\Java\jdk1.8.0_25\jre\bin\zip.dll
0x000007fefe730000 - 0x000007feff4b8000 	C:\Windows\system32\SHELL32.dll
0x000007feffc20000 - 0x000007feffe23000 	C:\Windows\system32\ole32.dll
0x000007fefd950000 - 0x000007fefd95f000 	C:\Windows\system32\profapi.dll
0x000007fefb230000 - 0x000007fefb240000 	C:\Program Files (x86)\JetBrains\IntelliJ IDEA Community Edition 14.0.3\bin\breakgen64.dll
0x0000000069560000 - 0x000000006957a000 	C:\Program Files\Java\jdk1.8.0_25\jre\bin\net.dll
0x000007fefd0a0000 - 0x000007fefd0f5000 	C:\Windows\system32\mswsock.dll
0x000007fefd360000 - 0x000007fefd367000 	C:\Windows\System32\wship6.dll
0x000007fefcb10000 - 0x000007fefcb17000 	C:\Windows\System32\wshtcpip.dll
0x000007fefcf90000 - 0x000007fefcfeb000 	C:\Windows\system32\DNSAPI.dll
0x0000000072af0000 - 0x0000000072b16000 	C:\Program Files\Bonjour\mdnsNSP.dll
0x000007fef9920000 - 0x000007fef9947000 	C:\Windows\system32\Iphlpapi.DLL
0x000007fef9910000 - 0x000007fef991b000 	C:\Windows\system32\WINNSI.DLL
0x000007fef6de0000 - 0x000007fef6de8000 	C:\Windows\system32\rasadhlp.dll
0x000007fef9470000 - 0x000007fef94c3000 	C:\Windows\System32\fwpuclnt.dll
0x000007fefd300000 - 0x000007fefd317000 	C:\Windows\system32\CRYPTSP.dll
0x000007fefcea0000 - 0x000007fefcee7000 	C:\Windows\system32\rsaenh.dll
0x000007fefdc60000 - 0x000007fefdc7e000 	C:\Windows\system32\USERENV.dll
0x000007fefd7f0000 - 0x000007fefd7ff000 	C:\Windows\system32\CRYPTBASE.dll
0x000007fef93e0000 - 0x000007fef93f1000 	C:\Windows\system32\dhcpcsvc6.DLL
0x000007fef9440000 - 0x000007fef9458000 	C:\Windows\system32\dhcpcsvc.DLL
0x0000000069540000 - 0x0000000069551000 	C:\Program Files\Java\jdk1.8.0_25\jre\bin\nio.dll
0x000000006be40000 - 0x000000006befa000 	C:\Users\Aniara\AppData\Local\Temp\sqlite-3.8.7-d30b30d5-a373-439f-bb82-3cf4dcf6b1f6-sqlitejdbc.dll
0x000007fefa110000 - 0x000007fefa235000 	C:\Windows\system32\dbghelp.dll

VM Arguments:
jvm_args: -Dclojure.compile.path=C:\dev\_cloj\clojure-in-action\cia\target\classes -Dcia.version=0.1.0-SNAPSHOT -Dfile.encoding=Cp1252 -Dclojure.debug=false -Didea.launcher.port=7550 -Didea.launcher.bin.path=C:\Program Files (x86)\JetBrains\IntelliJ IDEA Community Edition 14.0.3\bin 
java_command: com.intellij.rt.execution.application.AppMain clojure.main -i C:\Users\Aniara\.IdeaIC14\system\tmp\form-init858689614897934363.clj
java_class_path (initial): C:\dev\_cloj\clojure-in-action\cia\test;C:\dev\_cloj\clojure-in-action\cia\src;C:\dev\_cloj\clojure-in-action\cia\dev-resources;C:\dev\_cloj\clojure-in-action\cia\resources;C:\dev\_cloj\clojure-in-action\cia\target\classes;C:\Users\Aniara\.m2\repository\clojure-complete\clojure-complete\0.2.3\clojure-complete-0.2.3.jar;C:\Users\Aniara\.m2\repository\org\clojure\tools.nrepl\0.2.3\tools.nrepl-0.2.3.jar;C:\Users\Aniara\.m2\repository\org\clojure\java.jdbc\0.3.5\java.jdbc-0.3.5.jar;C:\Users\Aniara\.m2\repository\c3p0\c3p0\0.9.1.2\c3p0-0.9.1.2.jar;C:\Users\Aniara\.m2\repository\korma\korma\0.4.0\korma-0.4.0.jar;C:\Users\Aniara\.m2\repository\org\xerial\sqlite-jdbc\3.8.7\sqlite-jdbc-3.8.7.jar;C:\Users\Aniara\.m2\repository\org\clojure\data.json\0.2.5\data.json-0.2.5.jar;C:\Users\Aniara\.m2\repository\org\clojure\clojure\1.6.0\clojure-1.6.0.jar;C:\Program Files (x86)\JetBrains\IntelliJ IDEA Community Edition 14.0.3\lib\idea_rt.jar
Launcher Type: SUN_STANDARD

Environment Variables:
JAVA_HOME=C:\Program Files\Java\jdk1.7.0_25
PATH=C:\Program Files (x86)\Google\Chrome\Application;C:\Users\Aniara\algs4\java\bin;C:\ProgramData\Oracle\Java\javapath;C:\Program Files (x86)\NVIDIA Corporation\PhysX\Common;C:\Ruby193\bin;C:\dev\_scripts;C:\Python27\Scripts;C:\Python27;C:\php\;C:\php;C:\Program Files (x86)\Git\cmd;C:\dev\apache-ant-1.9.2\bin;C:\Program Files\Java\jdk1.7.0_25\bin;C:\dev\apache-maven-3.0.5\bin;C:\Program Files (x86)\Haskell Platform\2013.2.0.0\lib\extralibs\bin;C:\Program Files (x86)\Haskell Platform\2013.2.0.0\bin;C:\Python33\Lib\site-packages\django\bin;C:\Program Files (x86)\AMD APP\bin\x86_64;C:\Windows\system32;C:\Windows;C:\Windows\System32\Wbem;C:\Windows\System32\WindowsPowerShell\v1.0\;C:\Program Files (x86)\ATI Technologies\ATI.ACE\Core-Static;C:\Program Files\Java\jdk1.7.0_25\bin;C:\Program Files (x86)\Lua\5.1;C:\Program Files (x86)\Lua\5.1\clibs;C:\cygwin\bin;C:\Program Files (x86)\Common Files\Adobe\AGL;C:\Program Files (x86)\Haskell Platform\2013.2.0.0\mingw\bin;C:\Program Files\SourceGear\Common\DiffMerge\;C:\Program Files\nodejs\;C:\Program Files\cURL\bin;C:\scala\\bin;C:\Program Files (x86)\sbt\\bin;C:\Program Files (x86)\GtkSharp\2.12\bin;C:\Program Files (x86)\QuickTime\QTSystem\;C:\dev\_cloj\lein\;C:\Program Files\TortoiseGit\bin;C:\Program Files (x86)\AMD\ATI.ACE\Core-Static;C:\Users\Aniara\algs4\bin;C:\Users\Aniara\algs4\java\bin;C:\Users\Aniara\AppData\Roaming\cabal\bin;C:\Users\Aniara\AppData\Roaming\npm
USERNAME=Aniara
OS=Windows_NT
PROCESSOR_IDENTIFIER=Intel64 Family 6 Model 58 Stepping 9, GenuineIntel



---------------  S Y S T E M  ---------------

OS: Windows 7 , 64 bit Build 7601 Service Pack 1

CPU:total 4 (4 cores per cpu, 1 threads per core) family 6 model 58 stepping 9, cmov, cx8, fxsr, mmx, sse, sse2, sse3, ssse3, sse4.1, sse4.2, popcnt, avx, aes, clmul, erms, tsc, tscinvbit, tscinv

Memory: 4k page, physical 16730672k(7883644k free), swap 33459488k(21336548k free)

vm_info: Java HotSpot(TM) 64-Bit Server VM (25.25-b02) for windows-amd64 JRE (1.8.0_25-b18), built on Oct  7 2014 14:25:37 by "java_re" with MS VC++ 10.0 (VS2010)

time: Sat Feb 28 16:13:24 2015
elapsed time: 8 seconds (0d 0h 0m 8s)

