#
# A fatal error has been detected by the Java Runtime Environment:
#
#  EXCEPTION_ACCESS_VIOLATION (0xc0000005) at pc=0x0000000070434cc4, pid=12076, tid=16176
#
# JRE version: Java(TM) SE Runtime Environment (8.0_25-b18) (build 1.8.0_25-b18)
# Java VM: Java HotSpot(TM) 64-Bit Server VM (25.25-b02 mixed mode windows-amd64 compressed oops)
# Problematic frame:
# V  [jvm.dll+0x134cc4]
#
# Failed to write core dump. Minidumps are not enabled by default on client versions of Windows
#
# If you would like to submit a bug report, please visit:
#   http://bugreport.sun.com/bugreport/crash.jsp
#

---------------  T H R E A D  ---------------

Current thread (0x000000001e915000):  JavaThread "nREPL-worker-0" daemon [_thread_in_vm, id=16176, stack(0x0000000022d10000,0x0000000022e10000)]

siginfo: ExceptionCode=0xc0000005, reading address 0x0000000000000000

Registers:
RAX=0x0000000000000000, RBX=0x000000001e915000, RCX=0x0000000000000500, RDX=0x0000000000000000
RSP=0x0000000022e0cdf0, RBP=0x0000000022e0cf68, RSI=0x0000000000000000, RDI=0x0000000000000000
R8 =0x0000000000000000, R9 =0x000000076e651380, R10=0x000000000000003a, R11=0x0000000070ad5300
R12=0x00000000002bf498, R13=0x0000000000000000, R14=0x0000000022e0cf68, R15=0x000000001e915000
RIP=0x0000000070434cc4, EFLAGS=0x0000000000010202

Top of Stack: (sp=0x0000000022e0cdf0)
0x0000000022e0cdf0:   000000001e915000 0000000022e0ce60
0x0000000022e0ce00:   0000000023514398 000000001e915000
0x0000000022e0ce10:   000000001e915000 0000000000000000
0x0000000022e0ce20:   00000000235143a0 0000000022e0cf68
0x0000000022e0ce30:   0000000023514398 0000000000000000
0x0000000022e0ce40:   000000001e9151e8 000000006be4204d
0x0000000022e0ce50:   0000000022e0cf68 0000000000000375
0x0000000022e0ce60:   00000000235143a0 000000001e915000
0x0000000022e0ce70:   00000000235143a0 000000001e915000
0x0000000022e0ce80:   0000000000000375 0000000002416509
0x0000000022e0ce90:   00000000235143a0 0000000050200021
0x0000000022e0cea0:   0000000000000375 0000000022e0cf40
0x0000000022e0ceb0:   0000000000000000 0000000002416677
0x0000000022e0cec0:   0000000000000375 000000000241625d
0x0000000022e0ced0:   000000001e915000 00000000235143a0
0x0000000022e0cee0:   0000000050200021 000000001e915000 

Instructions: (pc=0x0000000070434cc4)
0x0000000070434ca4:   89 5c 24 20 48 89 74 24 28 48 39 73 08 74 0a 48
0x0000000070434cb4:   8d 4c 24 20 e8 43 04 13 00 40 38 35 84 f6 69 00
0x0000000070434cc4:   48 8b 3f 48 63 05 ea 72 68 00 74 1b 8b 0c 38 85
0x0000000070434cd4:   c9 74 77 8b c1 8b 0d 59 78 63 00 48 d3 e0 48 03 


Register to memory mapping:

RAX=0x0000000000000000 is an unknown value
RBX=0x000000001e915000 is a thread
RCX=0x0000000000000500 is an unknown value
RDX=0x0000000000000000 is an unknown value
RSP=0x0000000022e0cdf0 is pointing into the stack for thread: 0x000000001e915000
RBP=0x0000000022e0cf68 is pointing into the stack for thread: 0x000000001e915000
RSI=0x0000000000000000 is an unknown value
RDI=0x0000000000000000 is an unknown value
R8 =0x0000000000000000 is an unknown value
R9 =0x000000076e651380 is an oop
org.sqlite.core.NativeDB 
 - klass: 'org/sqlite/core/NativeDB'
R10=0x000000000000003a is an unknown value
R11=0x0000000070ad5300 is an unknown value
R12=0x00000000002bf498 is an unknown value
R13=0x0000000000000000 is an unknown value
R14=0x0000000022e0cf68 is pointing into the stack for thread: 0x000000001e915000
R15=0x000000001e915000 is a thread


Stack: [0x0000000022d10000,0x0000000022e10000],  sp=0x0000000022e0cdf0,  free space=1011k
Native frames: (J=compiled Java code, j=interpreted, Vv=VM code, C=native code)
V  [jvm.dll+0x134cc4]
C  [sqlite-3.8.7-a04f5f87-d576-4387-bede-d40536ea91ac-sqlitejdbc.dll+0x204d]
C  0x0000000002416677

Java frames: (J=compiled Java code, j=interpreted, Vv=VM code)
j  org.sqlite.core.NativeDB.prepare(Ljava/lang/String;)J+0
j  org.sqlite.core.DB.prepare(Lorg/sqlite/core/CoreStatement;)V+21
j  org.sqlite.core.CorePreparedStatement.<init>(Lorg/sqlite/SQLiteConnection;Ljava/lang/String;)V+15
j  org.sqlite.jdbc3.JDBC3PreparedStatement.<init>(Lorg/sqlite/SQLiteConnection;Ljava/lang/String;)V+3
j  org.sqlite.jdbc4.JDBC4PreparedStatement.<init>(Lorg/sqlite/SQLiteConnection;Ljava/lang/String;)V+3
j  org.sqlite.jdbc4.JDBC4Connection.prepareStatement(Ljava/lang/String;III)Ljava/sql/PreparedStatement;+21
j  org.sqlite.jdbc3.JDBC3Connection.prepareStatement(Ljava/lang/String;II)Ljava/sql/PreparedStatement;+5
j  org.sqlite.jdbc3.JDBC3Connection.prepareStatement(Ljava/lang/String;)Ljava/sql/PreparedStatement;+8
j  clojure.java.jdbc$prepare_statement.doInvoke(Ljava/lang/Object;Ljava/lang/Object;Ljava/lang/Object;)Ljava/lang/Object;+411
J 2492 C2 clojure.lang.RestFn.invoke(Ljava/lang/Object;Ljava/lang/Object;)Ljava/lang/Object; (119 bytes) @ 0x0000000002e7d36c [0x0000000002e7d1a0+0x1cc]
j  clojure.java.jdbc$db_do_prepared.doInvoke(Ljava/lang/Object;Ljava/lang/Object;Ljava/lang/Object;)Ljava/lang/Object;+205
J 1324 C1 clojure.lang.RestFn.applyTo(Lclojure/lang/ISeq;)Ljava/lang/Object; (3076 bytes) @ 0x000000000291672c [0x0000000002902600+0x1412c]
j  clojure.core$apply.invoke(Ljava/lang/Object;Ljava/lang/Object;Ljava/lang/Object;Ljava/lang/Object;Ljava/lang/Object;)Ljava/lang/Object;+39
j  clojure.java.jdbc$db_do_prepared.doInvoke(Ljava/lang/Object;Ljava/lang/Object;Ljava/lang/Object;)Ljava/lang/Object;+381
J 2492 C2 clojure.lang.RestFn.invoke(Ljava/lang/Object;Ljava/lang/Object;)Ljava/lang/Object; (119 bytes) @ 0x0000000002e7d36c [0x0000000002e7d1a0+0x1cc]
j  cia.chapter09.user$do_prep.invoke(Ljava/lang/Object;Ljava/lang/Object;)Ljava/lang/Object;+15
j  cia.chapter09.user$exec_sql_file.invoke(Ljava/lang/Object;)Ljava/lang/Object;+46
j  cia.chapter09.user$eval2532.invoke()Ljava/lang/Object;+11
J 2169 C1 clojure.lang.Compiler.eval(Ljava/lang/Object;Z)Ljava/lang/Object; (393 bytes) @ 0x0000000002ccb774 [0x0000000002cc6220+0x5554]
j  clojure.lang.Compiler.load(Ljava/io/Reader;Ljava/lang/String;Ljava/lang/String;)Ljava/lang/Object;+336
j  user$eval1381.invoke()Ljava/lang/Object;+65
J 2169 C1 clojure.lang.Compiler.eval(Ljava/lang/Object;Z)Ljava/lang/Object; (393 bytes) @ 0x0000000002ccb774 [0x0000000002cc6220+0x5554]
j  clojure.lang.Compiler.eval(Ljava/lang/Object;)Ljava/lang/Object;+2
j  clojure.core$eval.invoke(Ljava/lang/Object;)Ljava/lang/Object;+3
j  clojure.main$repl$read_eval_print__6625$fn__6628.invoke()Ljava/lang/Object;+11
j  clojure.main$repl$read_eval_print__6625.invoke()Ljava/lang/Object;+196
j  clojure.main$repl$fn__6634.invoke()Ljava/lang/Object;+7
j  clojure.main$repl.doInvoke(Ljava/lang/Object;)Ljava/lang/Object;+585
j  clojure.lang.RestFn.invoke(Ljava/lang/Object;Ljava/lang/Object;Ljava/lang/Object;Ljava/lang/Object;Ljava/lang/Object;Ljava/lang/Object;Ljava/lang/Object;Ljava/lang/Object;Ljava/lang/Object;Ljava/lang/Object;Ljava/lang/Object;Ljava/lang/Object;)Ljava/lang/Object;+225
j  clojure.tools.nrepl.middleware.interruptible_eval$evaluate$fn__591.invoke()Ljava/lang/Object;+196
J 2251 C2 clojure.lang.AFn.applyToHelper(Lclojure/lang/IFn;Lclojure/lang/ISeq;)Ljava/lang/Object; (3238 bytes) @ 0x0000000002d9d2c8 [0x0000000002d9c180+0x1148]
J 2500 C2 clojure.lang.AFn.applyTo(Lclojure/lang/ISeq;)Ljava/lang/Object; (12 bytes) @ 0x0000000002e7f2d4 [0x0000000002e7f2a0+0x34]
J 1366 C1 clojure.core$apply.invoke(Ljava/lang/Object;Ljava/lang/Object;)Ljava/lang/Object; (32 bytes) @ 0x0000000002941094 [0x0000000002940b40+0x554]
j  clojure.core$with_bindings_STAR_.doInvoke(Ljava/lang/Object;Ljava/lang/Object;Ljava/lang/Object;)Ljava/lang/Object;+33
J 2492 C2 clojure.lang.RestFn.invoke(Ljava/lang/Object;Ljava/lang/Object;)Ljava/lang/Object; (119 bytes) @ 0x0000000002e7d36c [0x0000000002e7d1a0+0x1cc]
j  clojure.tools.nrepl.middleware.interruptible_eval$evaluate.invoke(Ljava/lang/Object;Ljava/lang/Object;)Ljava/lang/Object;+509
j  clojure.tools.nrepl.middleware.interruptible_eval$interruptible_eval$fn__632$fn__635.invoke()Ljava/lang/Object;+114
j  clojure.core$comp$fn__4192.invoke()Ljava/lang/Object;+14
j  clojure.tools.nrepl.middleware.interruptible_eval$run_next$fn__625.invoke()Ljava/lang/Object;+7
j  clojure.lang.AFn.run()V+1
j  java.util.concurrent.ThreadPoolExecutor.runWorker(Ljava/util/concurrent/ThreadPoolExecutor$Worker;)V+95
j  java.util.concurrent.ThreadPoolExecutor$Worker.run()V+5
j  java.lang.Thread.run()V+11
v  ~StubRoutines::call_stub

---------------  P R O C E S S  ---------------

Java Threads: ( => current thread )
=>0x000000001e915000 JavaThread "nREPL-worker-0" daemon [_thread_in_vm, id=16176, stack(0x0000000022d10000,0x0000000022e10000)]
  0x000000001f274800 JavaThread "clojure-agent-send-off-pool-4" [_thread_blocked, id=16028, stack(0x00000000223f0000,0x00000000224f0000)]
  0x00000000216be000 JavaThread "clojure-agent-send-off-pool-3" [_thread_blocked, id=10268, stack(0x0000000022250000,0x0000000022350000)]
  0x000000001f3a4800 JavaThread "clojure-agent-send-off-pool-2" [_thread_in_native, id=9824, stack(0x0000000022970000,0x0000000022a70000)]
  0x000000001ea12800 JavaThread "clojure-agent-send-off-pool-1" [_thread_blocked, id=15992, stack(0x0000000020f30000,0x0000000021030000)]
  0x000000001f97b800 JavaThread "clojure-agent-send-off-pool-0" [_thread_in_native, id=5952, stack(0x00000000220c0000,0x00000000221c0000)]
  0x000000001d32b000 JavaThread "Monitor Ctrl-Break" daemon [_thread_in_native, id=13564, stack(0x000000001e080000,0x000000001e180000)]
  0x000000001bd2f000 JavaThread "Service Thread" daemon [_thread_blocked, id=6820, stack(0x000000001d710000,0x000000001d810000)]
  0x000000001d20a000 JavaThread "C1 CompilerThread2" daemon [_thread_blocked, id=4900, stack(0x000000001dc50000,0x000000001dd50000)]
  0x000000001d209000 JavaThread "C2 CompilerThread1" daemon [_thread_blocked, id=15924, stack(0x000000001db40000,0x000000001dc40000)]
  0x000000001d202800 JavaThread "C2 CompilerThread0" daemon [_thread_blocked, id=11080, stack(0x000000001d950000,0x000000001da50000)]
  0x000000001bd28000 JavaThread "Attach Listener" daemon [_thread_blocked, id=4128, stack(0x000000001d810000,0x000000001d910000)]
  0x000000001bd26800 JavaThread "Signal Dispatcher" daemon [_thread_blocked, id=8764, stack(0x000000001d610000,0x000000001d710000)]
  0x000000001bcca000 JavaThread "Finalizer" daemon [_thread_blocked, id=14844, stack(0x000000001d100000,0x000000001d200000)]
  0x000000001bcc0800 JavaThread "Reference Handler" daemon [_thread_blocked, id=10496, stack(0x000000001cf30000,0x000000001d030000)]
  0x0000000001e18800 JavaThread "main" [_thread_blocked, id=6928, stack(0x0000000001ee0000,0x0000000001fe0000)]

Other Threads:
  0x000000001bcbb800 VMThread [stack: 0x000000001cd00000,0x000000001ce00000] [id=7916]
  0x000000001d274000 WatcherThread [stack: 0x000000001ddf0000,0x000000001def0000] [id=13116]

VM state:not at safepoint (normal execution)

VM Mutex/Monitor currently owned by a thread: None

Heap:
 PSYoungGen      total 535040K, used 58824K [0x000000076ae00000, 0x00000007ac500000, 0x00000007c0000000)
  eden space 521728K, 11% used [0x000000076ae00000,0x000000076e772070,0x000000078ab80000)
  from space 13312K, 0% used [0x000000078ab80000,0x000000078ab80000,0x000000078b880000)
  to   space 14336K, 0% used [0x00000007ab700000,0x00000007ab700000,0x00000007ac500000)
 ParOldGen       total 94720K, used 17129K [0x00000006c0a00000, 0x00000006c6680000, 0x000000076ae00000)
  object space 94720K, 18% used [0x00000006c0a00000,0x00000006c1aba580,0x00000006c6680000)
 Metaspace       used 21455K, capacity 24519K, committed 24576K, reserved 1069056K
  class space    used 4571K, capacity 5607K, committed 5632K, reserved 1048576K

Card table byte_map: [0x00000000117c0000,0x0000000011fc0000] byte_map_base: 0x000000000e1bb000

Marking Bits: (ParMarkBitMap*) 0x0000000070add490
 Begin Bits: [0x0000000012b80000, 0x0000000016b58000)
 End Bits:   [0x0000000016b58000, 0x000000001ab30000)

Polling page: 0x0000000000130000

CodeCache: size=245760Kb used=12332Kb max_used=12368Kb free=233427Kb
 bounds [0x0000000002400000, 0x0000000003030000, 0x0000000011400000]
 total_blobs=3089 nmethods=2728 adapters=274
 compilation: enabled

Compilation events (10 events):
Event: 12.457 Thread 0x000000001d20a000 2756       3       org.sqlite.SQLiteJDBCLoader::contentsEquals (78 bytes)
Event: 12.458 Thread 0x000000001d20a000 nmethod 2756 0x0000000002ff0d90 code [0x0000000002ff0f80, 0x0000000002ff19b8]
Event: 12.459 Thread 0x000000001d209000 2757 %     4       org.sqlite.SQLiteJDBCLoader::contentsEquals @ 37 (78 bytes)
Event: 12.464 Thread 0x000000001d202800 2758       4       java.io.BufferedInputStream::getBufIfOpen (21 bytes)
Event: 12.464 Thread 0x000000001d202800 nmethod 2758 0x0000000002fe4d90 code [0x0000000002fe4ec0, 0x0000000002fe4f38]
Event: 12.467 Thread 0x000000001d209000 nmethod 2757% 0x0000000002fefdd0 code [0x0000000002feff40, 0x0000000002ff09f8]
Event: 12.503 Thread 0x000000001d202800 2759       4       java.util.regex.Pattern::isSupplementary (20 bytes)
Event: 12.504 Thread 0x000000001d202800 nmethod 2759 0x0000000002fe6b90 code [0x0000000002fe6cc0, 0x0000000002fe6d18]
Event: 12.504 Thread 0x000000001d20a000 2760       3       clojure.core$distinct_QMARK_::invoke (4 bytes)
Event: 12.504 Thread 0x000000001d20a000 nmethod 2760 0x0000000002fe6850 code [0x0000000002fe69a0, 0x0000000002fe6af0]

GC Heap History (10 events):
Event: 2.129 GC heap before
{Heap before GC invocations=4 (full 0):
 PSYoungGen      total 141824K, used 136864K [0x000000076ae00000, 0x000000077c300000, 0x00000007c0000000)
  eden space 131072K, 100% used [0x000000076ae00000,0x0000000772e00000,0x0000000772e00000)
  from space 10752K, 53% used [0x0000000772e00000,0x00000007733a8020,0x0000000773880000)
  to   space 10752K, 0% used [0x000000077b880000,0x000000077b880000,0x000000077c300000)
 ParOldGen       total 175104K, used 32K [0x00000006c0a00000, 0x00000006cb500000, 0x000000076ae00000)
  object space 175104K, 0% used [0x00000006c0a00000,0x00000006c0a08000,0x00000006cb500000)
 Metaspace       used 14754K, capacity 16137K, committed 16256K, reserved 1062912K
  class space    used 2955K, capacity 3456K, committed 3456K, reserved 1048576K
Event: 2.138 GC heap after
Heap after GC invocations=4 (full 0):
 PSYoungGen      total 272896K, used 7408K [0x000000076ae00000, 0x000000077c300000, 0x00000007c0000000)
  eden space 262144K, 0% used [0x000000076ae00000,0x000000076ae00000,0x000000077ae00000)
  from space 10752K, 68% used [0x000000077b880000,0x000000077bfbc030,0x000000077c300000)
  to   space 10752K, 0% used [0x000000077ae00000,0x000000077ae00000,0x000000077b880000)
 ParOldGen       total 175104K, used 40K [0x00000006c0a00000, 0x00000006cb500000, 0x000000076ae00000)
  object space 175104K, 0% used [0x00000006c0a00000,0x00000006c0a0a000,0x00000006cb500000)
 Metaspace       used 14754K, capacity 16137K, committed 16256K, reserved 1062912K
  class space    used 2955K, capacity 3456K, committed 3456K, reserved 1048576K
}
Event: 2.272 GC heap before
{Heap before GC invocations=5 (full 0):
 PSYoungGen      total 272896K, used 269552K [0x000000076ae00000, 0x000000077c300000, 0x00000007c0000000)
  eden space 262144K, 100% used [0x000000076ae00000,0x000000077ae00000,0x000000077ae00000)
  from space 10752K, 68% used [0x000000077b880000,0x000000077bfbc030,0x000000077c300000)
  to   space 10752K, 0% used [0x000000077ae00000,0x000000077ae00000,0x000000077b880000)
 ParOldGen       total 175104K, used 40K [0x00000006c0a00000, 0x00000006cb500000, 0x000000076ae00000)
  object space 175104K, 0% used [0x00000006c0a00000,0x00000006c0a0a000,0x00000006cb500000)
 Metaspace       used 14755K, capacity 16137K, committed 16256K, reserved 1062912K
  class space    used 2955K, capacity 3456K, committed 3456K, reserved 1048576K
Event: 2.282 GC heap after
Heap after GC invocations=5 (full 0):
 PSYoungGen      total 272896K, used 10224K [0x000000076ae00000, 0x000000078c300000, 0x00000007c0000000)
  eden space 262144K, 0% used [0x000000076ae00000,0x000000076ae00000,0x000000077ae00000)
  from space 10752K, 95% used [0x000000077ae00000,0x000000077b7fc050,0x000000077b880000)
  to   space 10752K, 0% used [0x000000078b880000,0x000000078b880000,0x000000078c300000)
 ParOldGen       total 175104K, used 48K [0x00000006c0a00000, 0x00000006cb500000, 0x000000076ae00000)
  object space 175104K, 0% used [0x00000006c0a00000,0x00000006c0a0c000,0x00000006cb500000)
 Metaspace       used 14755K, capacity 16137K, committed 16256K, reserved 1062912K
  class space    used 2955K, capacity 3456K, committed 3456K, reserved 1048576K
}
Event: 2.373 GC heap before
{Heap before GC invocations=6 (full 0):
 PSYoungGen      total 272896K, used 272368K [0x000000076ae00000, 0x000000078c300000, 0x00000007c0000000)
  eden space 262144K, 100% used [0x000000076ae00000,0x000000077ae00000,0x000000077ae00000)
  from space 10752K, 95% used [0x000000077ae00000,0x000000077b7fc050,0x000000077b880000)
  to   space 10752K, 0% used [0x000000078b880000,0x000000078b880000,0x000000078c300000)
 ParOldGen       total 175104K, used 48K [0x00000006c0a00000, 0x00000006cb500000, 0x000000076ae00000)
  object space 175104K, 0% used [0x00000006c0a00000,0x00000006c0a0c000,0x00000006cb500000)
 Metaspace       used 14773K, capacity 16143K, committed 16384K, reserved 1062912K
  class space    used 2962K, capacity 3457K, committed 3584K, reserved 1048576K
Event: 2.384 GC heap after
Heap after GC invocations=6 (full 0):
 PSYoungGen      total 532480K, used 10736K [0x000000076ae00000, 0x000000078c800000, 0x00000007c0000000)
  eden space 521728K, 0% used [0x000000076ae00000,0x000000076ae00000,0x000000078ab80000)
  from space 10752K, 99% used [0x000000078b880000,0x000000078c2fc010,0x000000078c300000)
  to   space 13312K, 0% used [0x000000078ab80000,0x000000078ab80000,0x000000078b880000)
 ParOldGen       total 175104K, used 1864K [0x00000006c0a00000, 0x00000006cb500000, 0x000000076ae00000)
  object space 175104K, 1% used [0x00000006c0a00000,0x00000006c0bd2000,0x00000006cb500000)
 Metaspace       used 14773K, capacity 16143K, committed 16384K, reserved 1062912K
  class space    used 2962K, capacity 3457K, committed 3584K, reserved 1048576K
}
Event: 11.325 GC heap before
{Heap before GC invocations=7 (full 0):
 PSYoungGen      total 532480K, used 239056K [0x000000076ae00000, 0x000000078c800000, 0x00000007c0000000)
  eden space 521728K, 43% used [0x000000076ae00000,0x0000000778cf83b8,0x000000078ab80000)
  from space 10752K, 99% used [0x000000078b880000,0x000000078c2fc010,0x000000078c300000)
  to   space 13312K, 0% used [0x000000078ab80000,0x000000078ab80000,0x000000078b880000)
 ParOldGen       total 175104K, used 1864K [0x00000006c0a00000, 0x00000006cb500000, 0x000000076ae00000)
  object space 175104K, 1% used [0x00000006c0a00000,0x00000006c0bd2000,0x00000006cb500000)
 Metaspace       used 18904K, capacity 21159K, committed 21296K, reserved 1067008K
  class space    used 3957K, capacity 4735K, committed 4736K, reserved 1048576K
Event: 11.343 GC heap after
Heap after GC invocations=7 (full 0):
 PSYoungGen      total 535040K, used 11392K [0x000000076ae00000, 0x00000007ac500000, 0x00000007c0000000)
  eden space 521728K, 0% used [0x000000076ae00000,0x000000076ae00000,0x000000078ab80000)
  from space 13312K, 85% used [0x000000078ab80000,0x000000078b6a0240,0x000000078b880000)
  to   space 14336K, 0% used [0x00000007ab700000,0x00000007ab700000,0x00000007ac500000)
 ParOldGen       total 175104K, used 6062K [0x00000006c0a00000, 0x00000006cb500000, 0x000000076ae00000)
  object space 175104K, 3% used [0x00000006c0a00000,0x00000006c0feb888,0x00000006cb500000)
 Metaspace       used 18904K, capacity 21159K, committed 21296K, reserved 1067008K
  class space    used 3957K, capacity 4735K, committed 4736K, reserved 1048576K
}
Event: 11.343 GC heap before
{Heap before GC invocations=8 (full 1):
 PSYoungGen      total 535040K, used 11392K [0x000000076ae00000, 0x00000007ac500000, 0x00000007c0000000)
  eden space 521728K, 0% used [0x000000076ae00000,0x000000076ae00000,0x000000078ab80000)
  from space 13312K, 85% used [0x000000078ab80000,0x000000078b6a0240,0x000000078b880000)
  to   space 14336K, 0% used [0x00000007ab700000,0x00000007ab700000,0x00000007ac500000)
 ParOldGen       total 175104K, used 6062K [0x00000006c0a00000, 0x00000006cb500000, 0x000000076ae00000)
  object space 175104K, 3% used [0x00000006c0a00000,0x00000006c0feb888,0x00000006cb500000)
 Metaspace       used 18904K, capacity 21159K, committed 21296K, reserved 1067008K
  class space    used 3957K, capacity 4735K, committed 4736K, reserved 1048576K
Event: 11.419 GC heap after
Heap after GC invocations=8 (full 1):
 PSYoungGen      total 535040K, used 0K [0x000000076ae00000, 0x00000007ac500000, 0x00000007c0000000)
  eden space 521728K, 0% used [0x000000076ae00000,0x000000076ae00000,0x000000078ab80000)
  from space 13312K, 0% used [0x000000078ab80000,0x000000078ab80000,0x000000078b880000)
  to   space 14336K, 0% used [0x00000007ab700000,0x00000007ab700000,0x00000007ac500000)
 ParOldGen       total 94720K, used 17129K [0x00000006c0a00000, 0x00000006c6680000, 0x000000076ae00000)
  object space 94720K, 18% used [0x00000006c0a00000,0x00000006c1aba580,0x00000006c6680000)
 Metaspace       used 18904K, capacity 21159K, committed 21296K, reserved 1067008K
  class space    used 3957K, capacity 4735K, committed 4736K, reserved 1048576K
}

Deoptimization events (10 events):
Event: 11.457 Thread 0x000000001e915000 Uncommon trap: reason=class_check action=maybe_recompile pc=0x0000000002c0a25c method=java.lang.AbstractStringBuilder.append(Ljava/lang/CharSequence;)Ljava/lang/AbstractStringBuilder; @ 37
Event: 11.732 Thread 0x000000001e915000 Uncommon trap: reason=class_check action=maybe_recompile pc=0x0000000002ca9680 method=clojure.lang.PersistentList$1.doInvoke(Ljava/lang/Object;)Ljava/lang/Object; @ 1
Event: 11.732 Thread 0x000000001e915000 Uncommon trap: reason=unreached action=reinterpret pc=0x0000000002d7d460 method=clojure.lang.Compiler.isInline(Ljava/lang/Object;I)Lclojure/lang/IFn; @ 30
Event: 11.740 Thread 0x000000001e915000 Uncommon trap: reason=class_check action=maybe_recompile pc=0x0000000002ca9680 method=clojure.lang.PersistentList$1.doInvoke(Ljava/lang/Object;)Ljava/lang/Object; @ 1
Event: 11.744 Thread 0x000000001e915000 Uncommon trap: reason=class_check action=maybe_recompile pc=0x0000000002ca9680 method=clojure.lang.PersistentList$1.doInvoke(Ljava/lang/Object;)Ljava/lang/Object; @ 1
Event: 11.744 Thread 0x000000001e915000 Uncommon trap: reason=class_check action=maybe_recompile pc=0x0000000002ca9680 method=clojure.lang.PersistentList$1.doInvoke(Ljava/lang/Object;)Ljava/lang/Object; @ 1
Event: 11.770 Thread 0x000000001e915000 Uncommon trap: reason=unreached action=reinterpret pc=0x0000000002875e8c method=java.net.URL.<init>(Ljava/net/URL;Ljava/lang/String;Ljava/net/URLStreamHandler;)V @ 347
Event: 11.795 Thread 0x000000001e915000 Uncommon trap: reason=bimorphic action=maybe_recompile pc=0x0000000002839cd8 method=java.util.regex.Pattern$CharProperty$1.isSatisfiedBy(I)Z @ 5
Event: 11.795 Thread 0x000000001e915000 Uncommon trap: reason=bimorphic action=maybe_recompile pc=0x0000000002839cd8 method=java.util.regex.Pattern$CharProperty$1.isSatisfiedBy(I)Z @ 5
Event: 11.795 Thread 0x000000001e915000 Uncommon trap: reason=bimorphic action=maybe_recompile pc=0x0000000002839cd8 method=java.util.regex.Pattern$CharProperty$1.isSatisfiedBy(I)Z @ 5

Internal exceptions (10 events):
Event: 12.499 Thread 0x000000001e915000 Exception <a 'java/security/PrivilegedActionException'> (0x000000076e64cda0) thrown at [D:\re\workspace\8-2-build-windows-amd64-cygwin\jdk8u25\1677\hotspot\src\share\vm\prims\jvm.cpp, line 1312]
Event: 12.500 Thread 0x000000001e915000 Exception <a 'java/security/PrivilegedActionException'> (0x000000076e652270) thrown at [D:\re\workspace\8-2-build-windows-amd64-cygwin\jdk8u25\1677\hotspot\src\share\vm\prims\jvm.cpp, line 1312]
Event: 12.500 Thread 0x000000001e915000 Exception <a 'java/security/PrivilegedActionException'> (0x000000076e657960) thrown at [D:\re\workspace\8-2-build-windows-amd64-cygwin\jdk8u25\1677\hotspot\src\share\vm\prims\jvm.cpp, line 1312]
Event: 12.501 Thread 0x000000001e915000 Exception <a 'java/security/PrivilegedActionException'> (0x000000076e663378) thrown at [D:\re\workspace\8-2-build-windows-amd64-cygwin\jdk8u25\1677\hotspot\src\share\vm\prims\jvm.cpp, line 1312]
Event: 12.501 Thread 0x000000001e915000 Exception <a 'java/security/PrivilegedActionException'> (0x000000076e669688) thrown at [D:\re\workspace\8-2-build-windows-amd64-cygwin\jdk8u25\1677\hotspot\src\share\vm\prims\jvm.cpp, line 1312]
Event: 12.501 Thread 0x000000001e915000 Exception <a 'java/security/PrivilegedActionException'> (0x000000076e66f410) thrown at [D:\re\workspace\8-2-build-windows-amd64-cygwin\jdk8u25\1677\hotspot\src\share\vm\prims\jvm.cpp, line 1312]
Event: 12.502 Thread 0x000000001e915000 Exception <a 'java/security/PrivilegedActionException'> (0x000000076e6827c0) thrown at [D:\re\workspace\8-2-build-windows-amd64-cygwin\jdk8u25\1677\hotspot\src\share\vm\prims\jvm.cpp, line 1312]
Event: 12.504 Thread 0x000000001e915000 Exception <a 'java/security/PrivilegedActionException'> (0x000000076e6a0ce8) thrown at [D:\re\workspace\8-2-build-windows-amd64-cygwin\jdk8u25\1677\hotspot\src\share\vm\prims\jvm.cpp, line 1312]
Event: 12.504 Thread 0x000000001e915000 Exception <a 'java/security/PrivilegedActionException'> (0x000000076e6a7618) thrown at [D:\re\workspace\8-2-build-windows-amd64-cygwin\jdk8u25\1677\hotspot\src\share\vm\prims\jvm.cpp, line 1312]
Event: 12.505 Thread 0x000000001e915000 Exception <a 'java/security/PrivilegedActionException'> (0x000000076e6b44a0) thrown at [D:\re\workspace\8-2-build-windows-amd64-cygwin\jdk8u25\1677\hotspot\src\share\vm\prims\jvm.cpp, line 1312]

Events (10 events):
Event: 12.501 loading class org/sqlite/jdbc4/JDBC4ResultSet
Event: 12.501 loading class org/sqlite/jdbc4/JDBC4ResultSet done
Event: 12.502 loading class org/sqlite/jdbc3/JDBC3ResultSet
Event: 12.502 loading class org/sqlite/jdbc3/JDBC3ResultSet done
Event: 12.504 loading class org/sqlite/jdbc4/JDBC4PreparedStatement
Event: 12.504 loading class org/sqlite/jdbc4/JDBC4PreparedStatement done
Event: 12.504 loading class org/sqlite/jdbc3/JDBC3PreparedStatement
Event: 12.504 loading class org/sqlite/jdbc3/JDBC3PreparedStatement done
Event: 12.505 loading class org/sqlite/core/CorePreparedStatement
Event: 12.505 loading class org/sqlite/core/CorePreparedStatement done


Dynamic libraries:
0x000000013f0c0000 - 0x000000013f0f4000 	C:\Program Files\Java\jdk1.8.0_25\bin\java.exe
0x0000000077b90000 - 0x0000000077d39000 	C:\Windows\SYSTEM32\ntdll.dll
0x0000000077a70000 - 0x0000000077b8f000 	C:\Windows\system32\kernel32.dll
0x000007fefdb40000 - 0x000007fefdbac000 	C:\Windows\system32\KERNELBASE.dll
0x000007fefe500000 - 0x000007fefe5db000 	C:\Windows\system32\ADVAPI32.dll
0x000007fefe230000 - 0x000007fefe2cf000 	C:\Windows\system32\msvcrt.dll
0x000007feffc00000 - 0x000007feffc1f000 	C:\Windows\SYSTEM32\sechost.dll
0x000007fefdd10000 - 0x000007fefde3d000 	C:\Windows\system32\RPCRT4.dll
0x0000000077970000 - 0x0000000077a6a000 	C:\Windows\system32\USER32.dll
0x000007feffe30000 - 0x000007feffe97000 	C:\Windows\system32\GDI32.dll
0x000007fefdf50000 - 0x000007fefdf5e000 	C:\Windows\system32\LPK.dll
0x000007fefe3b0000 - 0x000007fefe479000 	C:\Windows\system32\USP10.dll
0x000007fefc2c0000 - 0x000007fefc4b4000 	C:\Windows\WinSxS\amd64_microsoft.windows.common-controls_6595b64144ccf1df_6.0.7601.17514_none_fa396087175ac9ac\COMCTL32.dll
0x000007fefe6a0000 - 0x000007fefe711000 	C:\Windows\system32\SHLWAPI.dll
0x000007fefe480000 - 0x000007fefe4ae000 	C:\Windows\system32\IMM32.DLL
0x000007fefde40000 - 0x000007fefdf49000 	C:\Windows\system32\MSCTF.dll
0x00000000653d0000 - 0x00000000654a2000 	C:\Program Files\Java\jdk1.8.0_25\jre\bin\msvcr100.dll
0x0000000070300000 - 0x0000000070b5a000 	C:\Program Files\Java\jdk1.8.0_25\jre\bin\server\jvm.dll
0x000007fef6d10000 - 0x000007fef6d19000 	C:\Windows\system32\WSOCK32.dll
0x000007fefe4b0000 - 0x000007fefe4fd000 	C:\Windows\system32\WS2_32.dll
0x000007fefe720000 - 0x000007fefe728000 	C:\Windows\system32\NSI.dll
0x000007fef7570000 - 0x000007fef75ab000 	C:\Windows\system32\WINMM.dll
0x0000000077d60000 - 0x0000000077d67000 	C:\Windows\system32\PSAPI.DLL
0x000000006dbd0000 - 0x000000006dbdf000 	C:\Program Files\Java\jdk1.8.0_25\jre\bin\verify.dll
0x0000000069580000 - 0x00000000695a8000 	C:\Program Files\Java\jdk1.8.0_25\jre\bin\java.dll
0x0000000069d50000 - 0x0000000069d66000 	C:\Program Files\Java\jdk1.8.0_25\jre\bin\zip.dll
0x000007fefe730000 - 0x000007feff4b8000 	C:\Windows\system32\SHELL32.dll
0x000007feffc20000 - 0x000007feffe23000 	C:\Windows\system32\ole32.dll
0x000007fefd950000 - 0x000007fefd95f000 	C:\Windows\system32\profapi.dll
0x000007fefb230000 - 0x000007fefb240000 	C:\Program Files (x86)\JetBrains\IntelliJ IDEA Community Edition 14.0.3\bin\breakgen64.dll
0x0000000069560000 - 0x000000006957a000 	C:\Program Files\Java\jdk1.8.0_25\jre\bin\net.dll
0x000007fefd0a0000 - 0x000007fefd0f5000 	C:\Windows\system32\mswsock.dll
0x000007fefd360000 - 0x000007fefd367000 	C:\Windows\System32\wship6.dll
0x000007fefcb10000 - 0x000007fefcb17000 	C:\Windows\System32\wshtcpip.dll
0x000007fefcf90000 - 0x000007fefcfeb000 	C:\Windows\system32\DNSAPI.dll
0x0000000072af0000 - 0x0000000072b16000 	C:\Program Files\Bonjour\mdnsNSP.dll
0x000007fef9920000 - 0x000007fef9947000 	C:\Windows\system32\Iphlpapi.DLL
0x000007fef9910000 - 0x000007fef991b000 	C:\Windows\system32\WINNSI.DLL
0x000007fef6de0000 - 0x000007fef6de8000 	C:\Windows\system32\rasadhlp.dll
0x000007fef9470000 - 0x000007fef94c3000 	C:\Windows\System32\fwpuclnt.dll
0x000007fefd300000 - 0x000007fefd317000 	C:\Windows\system32\CRYPTSP.dll
0x000007fefcea0000 - 0x000007fefcee7000 	C:\Windows\system32\rsaenh.dll
0x000007fefdc60000 - 0x000007fefdc7e000 	C:\Windows\system32\USERENV.dll
0x000007fefd7f0000 - 0x000007fefd7ff000 	C:\Windows\system32\CRYPTBASE.dll
0x000007fef93e0000 - 0x000007fef93f1000 	C:\Windows\system32\dhcpcsvc6.DLL
0x000007fef9440000 - 0x000007fef9458000 	C:\Windows\system32\dhcpcsvc.DLL
0x0000000069540000 - 0x0000000069551000 	C:\Program Files\Java\jdk1.8.0_25\jre\bin\nio.dll
0x000000006be40000 - 0x000000006befa000 	C:\Users\Aniara\AppData\Local\Temp\sqlite-3.8.7-a04f5f87-d576-4387-bede-d40536ea91ac-sqlitejdbc.dll
0x000007fefa110000 - 0x000007fefa235000 	C:\Windows\system32\dbghelp.dll

VM Arguments:
jvm_args: -Dclojure.compile.path=C:\dev\_cloj\clojure-in-action\cia\target\classes -Dcia.version=0.1.0-SNAPSHOT -Dfile.encoding=Cp1252 -Dclojure.debug=false -Didea.launcher.port=7548 -Didea.launcher.bin.path=C:\Program Files (x86)\JetBrains\IntelliJ IDEA Community Edition 14.0.3\bin 
java_command: com.intellij.rt.execution.application.AppMain clojure.main -i C:\Users\Aniara\.IdeaIC14\system\tmp\form-init6407297112143330260.clj
java_class_path (initial): C:\dev\_cloj\clojure-in-action\cia\test;C:\dev\_cloj\clojure-in-action\cia\src;C:\dev\_cloj\clojure-in-action\cia\dev-resources;C:\dev\_cloj\clojure-in-action\cia\resources;C:\dev\_cloj\clojure-in-action\cia\target\classes;C:\Users\Aniara\.m2\repository\clojure-complete\clojure-complete\0.2.3\clojure-complete-0.2.3.jar;C:\Users\Aniara\.m2\repository\org\clojure\tools.nrepl\0.2.3\tools.nrepl-0.2.3.jar;C:\Users\Aniara\.m2\repository\org\clojure\java.jdbc\0.3.5\java.jdbc-0.3.5.jar;C:\Users\Aniara\.m2\repository\c3p0\c3p0\0.9.1.2\c3p0-0.9.1.2.jar;C:\Users\Aniara\.m2\repository\korma\korma\0.4.0\korma-0.4.0.jar;C:\Users\Aniara\.m2\repository\org\xerial\sqlite-jdbc\3.8.7\sqlite-jdbc-3.8.7.jar;C:\Users\Aniara\.m2\repository\org\clojure\data.json\0.2.5\data.json-0.2.5.jar;C:\Users\Aniara\.m2\repository\org\clojure\clojure\1.6.0\clojure-1.6.0.jar;C:\Program Files (x86)\JetBrains\IntelliJ IDEA Community Edition 14.0.3\lib\idea_rt.jar
Launcher Type: SUN_STANDARD

Environment Variables:
JAVA_HOME=C:\Program Files\Java\jdk1.7.0_25
PATH=C:\Program Files (x86)\Google\Chrome\Application;C:\Users\Aniara\algs4\java\bin;C:\ProgramData\Oracle\Java\javapath;C:\Program Files (x86)\NVIDIA Corporation\PhysX\Common;C:\Ruby193\bin;C:\dev\_scripts;C:\Python27\Scripts;C:\Python27;C:\php\;C:\php;C:\Program Files (x86)\Git\cmd;C:\dev\apache-ant-1.9.2\bin;C:\Program Files\Java\jdk1.7.0_25\bin;C:\dev\apache-maven-3.0.5\bin;C:\Program Files (x86)\Haskell Platform\2013.2.0.0\lib\extralibs\bin;C:\Program Files (x86)\Haskell Platform\2013.2.0.0\bin;C:\Python33\Lib\site-packages\django\bin;C:\Program Files (x86)\AMD APP\bin\x86_64;C:\Windows\system32;C:\Windows;C:\Windows\System32\Wbem;C:\Windows\System32\WindowsPowerShell\v1.0\;C:\Program Files (x86)\ATI Technologies\ATI.ACE\Core-Static;C:\Program Files\Java\jdk1.7.0_25\bin;C:\Program Files (x86)\Lua\5.1;C:\Program Files (x86)\Lua\5.1\clibs;C:\cygwin\bin;C:\Program Files (x86)\Common Files\Adobe\AGL;C:\Program Files (x86)\Haskell Platform\2013.2.0.0\mingw\bin;C:\Program Files\SourceGear\Common\DiffMerge\;C:\Program Files\nodejs\;C:\Program Files\cURL\bin;C:\scala\\bin;C:\Program Files (x86)\sbt\\bin;C:\Program Files (x86)\GtkSharp\2.12\bin;C:\Program Files (x86)\QuickTime\QTSystem\;C:\dev\_cloj\lein\;C:\Program Files\TortoiseGit\bin;C:\Program Files (x86)\AMD\ATI.ACE\Core-Static;C:\Users\Aniara\algs4\bin;C:\Users\Aniara\algs4\java\bin;C:\Users\Aniara\AppData\Roaming\cabal\bin;C:\Users\Aniara\AppData\Roaming\npm
USERNAME=Aniara
OS=Windows_NT
PROCESSOR_IDENTIFIER=Intel64 Family 6 Model 58 Stepping 9, GenuineIntel



---------------  S Y S T E M  ---------------

OS: Windows 7 , 64 bit Build 7601 Service Pack 1

CPU:total 4 (4 cores per cpu, 1 threads per core) family 6 model 58 stepping 9, cmov, cx8, fxsr, mmx, sse, sse2, sse3, ssse3, sse4.1, sse4.2, popcnt, avx, aes, clmul, erms, tsc, tscinvbit, tscinv

Memory: 4k page, physical 16730672k(7867336k free), swap 33459488k(21108996k free)

vm_info: Java HotSpot(TM) 64-Bit Server VM (25.25-b02) for windows-amd64 JRE (1.8.0_25-b18), built on Oct  7 2014 14:25:37 by "java_re" with MS VC++ 10.0 (VS2010)

time: Sat Feb 28 16:11:24 2015
elapsed time: 12 seconds (0d 0h 0m 12s)

