#
# A fatal error has been detected by the Java Runtime Environment:
#
#  EXCEPTION_ACCESS_VIOLATION (0xc0000005) at pc=0x00000000700f4cc4, pid=16372, tid=10692
#
# JRE version: Java(TM) SE Runtime Environment (8.0_25-b18) (build 1.8.0_25-b18)
# Java VM: Java HotSpot(TM) 64-Bit Server VM (25.25-b02 mixed mode windows-amd64 compressed oops)
# Problematic frame:
# V  [jvm.dll+0x134cc4]
#
# Failed to write core dump. Minidumps are not enabled by default on client versions of Windows
#
# If you would like to submit a bug report, please visit:
#   http://bugreport.sun.com/bugreport/crash.jsp
#

---------------  T H R E A D  ---------------

Current thread (0x000000001f74a800):  JavaThread "nREPL-worker-0" daemon [_thread_in_vm, id=10692, stack(0x0000000022ef0000,0x0000000022ff0000)]

siginfo: ExceptionCode=0xc0000005, reading address 0x0000000000000000

Registers:
RAX=0x0000000000000000, RBX=0x000000001f74a800, RCX=0x0000000000000a80, RDX=0x0000000000000000
RSP=0x0000000022fed170, RBP=0x0000000022fed2e8, RSI=0x0000000000000000, RDI=0x0000000000000000
R8 =0x0000000000000000, R9 =0x000000076f1e6350, R10=0x000000000000004c, R11=0x0000000070795300
R12=0x00000000005ef318, R13=0x0000000000000000, R14=0x0000000022fed2e8, R15=0x000000001f74a800
RIP=0x00000000700f4cc4, EFLAGS=0x0000000000010202

Top of Stack: (sp=0x0000000022fed170)
0x0000000022fed170:   000000001f74a800 0000000022fed1e0
0x0000000022fed180:   0000000023b089e8 000000001f74a800
0x0000000022fed190:   000000001f74a800 0000000000000000
0x0000000022fed1a0:   0000000023b089f0 0000000022fed2e8
0x0000000022fed1b0:   0000000023b089e8 0000000000000000
0x0000000022fed1c0:   000000001f74a9e8 000000006be4204d
0x0000000022fed1d0:   0000000022fed2e8 00000000000006ec
0x0000000022fed1e0:   0000000023b089f0 000000001f74a800
0x0000000022fed1f0:   0000000023b089f0 000000001f74a800
0x0000000022fed200:   00000000000006ec 0000000002496509
0x0000000022fed210:   0000000023b089f0 0000000050200021
0x0000000022fed220:   00000000000006ec 0000000022fed2c0
0x0000000022fed230:   0000000000000000 0000000002496677
0x0000000022fed240:   00000000000006ec 000000000249625d
0x0000000022fed250:   000000001f74a800 0000000023b089f0
0x0000000022fed260:   0000000050200021 000000001f74a800 

Instructions: (pc=0x00000000700f4cc4)
0x00000000700f4ca4:   89 5c 24 20 48 89 74 24 28 48 39 73 08 74 0a 48
0x00000000700f4cb4:   8d 4c 24 20 e8 43 04 13 00 40 38 35 84 f6 69 00
0x00000000700f4cc4:   48 8b 3f 48 63 05 ea 72 68 00 74 1b 8b 0c 38 85
0x00000000700f4cd4:   c9 74 77 8b c1 8b 0d 59 78 63 00 48 d3 e0 48 03 


Register to memory mapping:

RAX=0x0000000000000000 is an unknown value
RBX=0x000000001f74a800 is a thread
RCX=0x0000000000000a80 is an unknown value
RDX=0x0000000000000000 is an unknown value
RSP=0x0000000022fed170 is pointing into the stack for thread: 0x000000001f74a800
RBP=0x0000000022fed2e8 is pointing into the stack for thread: 0x000000001f74a800
RSI=0x0000000000000000 is an unknown value
RDI=0x0000000000000000 is an unknown value
R8 =0x0000000000000000 is an unknown value
R9 =0x000000076f1e6350 is an oop
org.sqlite.core.NativeDB 
 - klass: 'org/sqlite/core/NativeDB'
R10=0x000000000000004c is an unknown value
R11=0x0000000070795300 is an unknown value
R12=0x00000000005ef318 is an unknown value
R13=0x0000000000000000 is an unknown value
R14=0x0000000022fed2e8 is pointing into the stack for thread: 0x000000001f74a800
R15=0x000000001f74a800 is a thread


Stack: [0x0000000022ef0000,0x0000000022ff0000],  sp=0x0000000022fed170,  free space=1012k
Native frames: (J=compiled Java code, j=interpreted, Vv=VM code, C=native code)
V  [jvm.dll+0x134cc4]
C  [sqlite-3.8.7-88921da6-cdb6-4b01-8a0d-e92b23415c6f-sqlitejdbc.dll+0x204d]
C  0x0000000002496677

Java frames: (J=compiled Java code, j=interpreted, Vv=VM code)
j  org.sqlite.core.NativeDB.prepare(Ljava/lang/String;)J+0
j  org.sqlite.core.DB.prepare(Lorg/sqlite/core/CoreStatement;)V+21
j  org.sqlite.core.CorePreparedStatement.<init>(Lorg/sqlite/SQLiteConnection;Ljava/lang/String;)V+15
j  org.sqlite.jdbc3.JDBC3PreparedStatement.<init>(Lorg/sqlite/SQLiteConnection;Ljava/lang/String;)V+3
j  org.sqlite.jdbc4.JDBC4PreparedStatement.<init>(Lorg/sqlite/SQLiteConnection;Ljava/lang/String;)V+3
j  org.sqlite.jdbc4.JDBC4Connection.prepareStatement(Ljava/lang/String;III)Ljava/sql/PreparedStatement;+21
j  org.sqlite.jdbc3.JDBC3Connection.prepareStatement(Ljava/lang/String;II)Ljava/sql/PreparedStatement;+5
j  org.sqlite.jdbc3.JDBC3Connection.prepareStatement(Ljava/lang/String;)Ljava/sql/PreparedStatement;+8
j  clojure.java.jdbc$prepare_statement.doInvoke(Ljava/lang/Object;Ljava/lang/Object;Ljava/lang/Object;)Ljava/lang/Object;+411
J 2695 C2 clojure.lang.RestFn.invoke(Ljava/lang/Object;Ljava/lang/Object;)Ljava/lang/Object; (119 bytes) @ 0x000000000259df6c [0x000000000259dda0+0x1cc]
j  clojure.java.jdbc$db_do_prepared.doInvoke(Ljava/lang/Object;Ljava/lang/Object;Ljava/lang/Object;)Ljava/lang/Object;+205
J 1144 C1 clojure.lang.RestFn.applyTo(Lclojure/lang/ISeq;)Ljava/lang/Object; (3076 bytes) @ 0x00000000028d82ac [0x00000000028c4180+0x1412c]
j  clojure.core$apply.invoke(Ljava/lang/Object;Ljava/lang/Object;Ljava/lang/Object;Ljava/lang/Object;Ljava/lang/Object;)Ljava/lang/Object;+39
j  clojure.java.jdbc$db_do_prepared.doInvoke(Ljava/lang/Object;Ljava/lang/Object;Ljava/lang/Object;)Ljava/lang/Object;+381
J 2695 C2 clojure.lang.RestFn.invoke(Ljava/lang/Object;Ljava/lang/Object;)Ljava/lang/Object; (119 bytes) @ 0x000000000259df6c [0x000000000259dda0+0x1cc]
j  cia.chapter09.user$exec_sql_file.invoke(Ljava/lang/Object;)Ljava/lang/Object;+50
j  cia.chapter09.user$eval2624.invoke()Ljava/lang/Object;+11
J 2159 C1 clojure.lang.Compiler.eval(Ljava/lang/Object;Z)Ljava/lang/Object; (393 bytes) @ 0x0000000002d4b5b4 [0x0000000002d46060+0x5554]
j  clojure.lang.Compiler.load(Ljava/io/Reader;Ljava/lang/String;Ljava/lang/String;)Ljava/lang/Object;+336
j  cia.macro_learnings$eval1472.invoke()Ljava/lang/Object;+65
J 2159 C1 clojure.lang.Compiler.eval(Ljava/lang/Object;Z)Ljava/lang/Object; (393 bytes) @ 0x0000000002d4b5b4 [0x0000000002d46060+0x5554]
j  clojure.lang.Compiler.eval(Ljava/lang/Object;)Ljava/lang/Object;+2
j  clojure.core$eval.invoke(Ljava/lang/Object;)Ljava/lang/Object;+3
j  clojure.main$repl$read_eval_print__6625$fn__6628.invoke()Ljava/lang/Object;+11
j  clojure.main$repl$read_eval_print__6625.invoke()Ljava/lang/Object;+196
j  clojure.main$repl$fn__6634.invoke()Ljava/lang/Object;+7
j  clojure.main$repl.doInvoke(Ljava/lang/Object;)Ljava/lang/Object;+585
j  clojure.lang.RestFn.invoke(Ljava/lang/Object;Ljava/lang/Object;Ljava/lang/Object;Ljava/lang/Object;Ljava/lang/Object;Ljava/lang/Object;Ljava/lang/Object;Ljava/lang/Object;Ljava/lang/Object;Ljava/lang/Object;Ljava/lang/Object;Ljava/lang/Object;)Ljava/lang/Object;+225
j  clojure.tools.nrepl.middleware.interruptible_eval$evaluate$fn__591.invoke()Ljava/lang/Object;+196
J 2260 C2 clojure.lang.AFn.applyToHelper(Lclojure/lang/IFn;Lclojure/lang/ISeq;)Ljava/lang/Object; (3238 bytes) @ 0x0000000002deb508 [0x0000000002dea3c0+0x1148]
J 2522 C2 clojure.lang.AFn.applyTo(Lclojure/lang/ISeq;)Ljava/lang/Object; (12 bytes) @ 0x0000000002f043d4 [0x0000000002f043a0+0x34]
J 1416 C1 clojure.core$apply.invoke(Ljava/lang/Object;Ljava/lang/Object;)Ljava/lang/Object; (32 bytes) @ 0x00000000029f0e94 [0x00000000029f0940+0x554]
j  clojure.core$with_bindings_STAR_.doInvoke(Ljava/lang/Object;Ljava/lang/Object;Ljava/lang/Object;)Ljava/lang/Object;+33
J 1320 C1 clojure.lang.RestFn.invoke(Ljava/lang/Object;Ljava/lang/Object;)Ljava/lang/Object; (119 bytes) @ 0x000000000297e544 [0x000000000297d7a0+0xda4]
j  clojure.tools.nrepl.middleware.interruptible_eval$evaluate.invoke(Ljava/lang/Object;Ljava/lang/Object;)Ljava/lang/Object;+509
j  clojure.tools.nrepl.middleware.interruptible_eval$interruptible_eval$fn__632$fn__635.invoke()Ljava/lang/Object;+114
j  clojure.core$comp$fn__4192.invoke()Ljava/lang/Object;+14
j  clojure.tools.nrepl.middleware.interruptible_eval$run_next$fn__625.invoke()Ljava/lang/Object;+7
j  clojure.lang.AFn.run()V+1
j  java.util.concurrent.ThreadPoolExecutor.runWorker(Ljava/util/concurrent/ThreadPoolExecutor$Worker;)V+95
j  java.util.concurrent.ThreadPoolExecutor$Worker.run()V+5
j  java.lang.Thread.run()V+11
v  ~StubRoutines::call_stub

---------------  P R O C E S S  ---------------

Java Threads: ( => current thread )
=>0x000000001f74a800 JavaThread "nREPL-worker-0" daemon [_thread_in_vm, id=10692, stack(0x0000000022ef0000,0x0000000022ff0000)]
  0x0000000020733000 JavaThread "clojure-agent-send-off-pool-6" [_thread_blocked, id=15540, stack(0x0000000022d20000,0x0000000022e20000)]
  0x000000001f11b800 JavaThread "clojure-agent-send-off-pool-5" [_thread_in_native, id=15516, stack(0x0000000022c10000,0x0000000022d10000)]
  0x0000000020b3a000 JavaThread "clojure-agent-send-off-pool-4" [_thread_blocked, id=9632, stack(0x0000000022390000,0x0000000022490000)]
  0x0000000020527800 JavaThread "clojure-agent-send-off-pool-3" [_thread_blocked, id=8968, stack(0x0000000022a20000,0x0000000022b20000)]
  0x0000000020097800 JavaThread "clojure-agent-send-off-pool-2" [_thread_in_native, id=9996, stack(0x000000001e250000,0x000000001e350000)]
  0x0000000020191800 JavaThread "clojure-agent-send-off-pool-1" [_thread_blocked, id=15180, stack(0x0000000022210000,0x0000000022310000)]
  0x0000000020a30000 JavaThread "clojure-agent-send-off-pool-0" [_thread_blocked, id=6128, stack(0x0000000022060000,0x0000000022160000)]
  0x000000001d3ab000 JavaThread "Monitor Ctrl-Break" daemon [_thread_in_native, id=15264, stack(0x000000001e0a0000,0x000000001e1a0000)]
  0x000000001bf0e800 JavaThread "Service Thread" daemon [_thread_blocked, id=10132, stack(0x000000001dd40000,0x000000001de40000)]
  0x000000001d27c000 JavaThread "C1 CompilerThread2" daemon [_thread_blocked, id=7540, stack(0x000000001dc40000,0x000000001dd40000)]
  0x000000001d27a000 JavaThread "C2 CompilerThread1" daemon [_thread_blocked, id=9332, stack(0x000000001dae0000,0x000000001dbe0000)]
  0x000000001d273800 JavaThread "C2 CompilerThread0" daemon [_thread_in_native, id=15596, stack(0x000000001d950000,0x000000001da50000)]
  0x000000001d272800 JavaThread "Attach Listener" daemon [_thread_blocked, id=9384, stack(0x000000001d070000,0x000000001d170000)]
  0x000000001bf03800 JavaThread "Signal Dispatcher" daemon [_thread_blocked, id=13540, stack(0x000000001d6e0000,0x000000001d7e0000)]
  0x000000001bea1000 JavaThread "Finalizer" daemon [_thread_blocked, id=15400, stack(0x000000001d170000,0x000000001d270000)]
  0x000000001be9d000 JavaThread "Reference Handler" daemon [_thread_blocked, id=1276, stack(0x000000001ce80000,0x000000001cf80000)]
  0x0000000001f18800 JavaThread "main" [_thread_blocked, id=6576, stack(0x00000000020b0000,0x00000000021b0000)]

Other Threads:
  0x000000001be97800 VMThread [stack: 0x000000001cd30000,0x000000001ce30000] [id=2364]
  0x000000001bf0f800 WatcherThread [stack: 0x000000001df00000,0x000000001e000000] [id=14968]

VM state:not at safepoint (normal execution)

VM Mutex/Monitor currently owned by a thread: None

Heap:
 PSYoungGen      total 535040K, used 73505K [0x000000076ae00000, 0x00000007ac500000, 0x00000007c0000000)
  eden space 521728K, 14% used [0x000000076ae00000,0x000000076f5c86a8,0x000000078ab80000)
  from space 13312K, 0% used [0x000000078ab80000,0x000000078ab80000,0x000000078b880000)
  to   space 14336K, 0% used [0x00000007ab700000,0x00000007ab700000,0x00000007ac500000)
 ParOldGen       total 88064K, used 17186K [0x00000006c0a00000, 0x00000006c6000000, 0x000000076ae00000)
  object space 88064K, 19% used [0x00000006c0a00000,0x00000006c1ac8a90,0x00000006c6000000)
 Metaspace       used 21619K, capacity 24851K, committed 24960K, reserved 1069056K
  class space    used 4622K, capacity 5718K, committed 5760K, reserved 1048576K

Card table byte_map: [0x0000000011840000,0x0000000012040000] byte_map_base: 0x000000000e23b000

Marking Bits: (ParMarkBitMap*) 0x000000007079d490
 Begin Bits: [0x0000000012d60000, 0x0000000016d38000)
 End Bits:   [0x0000000016d38000, 0x000000001ad10000)

Polling page: 0x0000000000130000

CodeCache: size=245760Kb used=12375Kb max_used=12386Kb free=233384Kb
 bounds [0x0000000002480000, 0x00000000030b0000, 0x0000000011480000]
 total_blobs=3112 nmethods=2751 adapters=274
 compilation: enabled

Compilation events (10 events):
Event: 52.666 Thread 0x000000001d27c000 nmethod 2838 0x000000000307fbd0 code [0x000000000307fd60, 0x00000000030801b0]
Event: 52.666 Thread 0x000000001d27c000 2839       3       java.util.LinkedHashMap$Entry::<init> (10 bytes)
Event: 52.666 Thread 0x000000001d27c000 nmethod 2839 0x000000000307f710 code [0x000000000307f880, 0x000000000307fad0]
Event: 52.672 Thread 0x000000001d27a000 nmethod 2822 0x000000000307a410 code [0x000000000307a620, 0x000000000307aea8]
Event: 52.672 Thread 0x000000001d27a000 2780       4       clojure.lang.Compiler::isSpecial (10 bytes)
Event: 52.672 Thread 0x000000001d27a000 nmethod 2780 0x000000000307ef10 code [0x000000000307f060, 0x000000000307f0c8]
Event: 52.672 Thread 0x000000001d27a000 2744       4       java.lang.ref.WeakReference::<init> (7 bytes)
Event: 52.673 Thread 0x000000001d27a000 nmethod 2744 0x0000000003077c10 code [0x0000000003077d40, 0x0000000003077df8]
Event: 52.675 Thread 0x000000001d27c000 2840       3       clojure.core$distinct_QMARK_::invoke (4 bytes)
Event: 52.675 Thread 0x000000001d27c000 nmethod 2840 0x0000000003079010 code [0x0000000003079160, 0x00000000030792b0]

GC Heap History (10 events):
Event: 2.110 GC heap before
{Heap before GC invocations=4 (full 0):
 PSYoungGen      total 141824K, used 136848K [0x000000076ae00000, 0x000000077c300000, 0x00000007c0000000)
  eden space 131072K, 100% used [0x000000076ae00000,0x0000000772e00000,0x0000000772e00000)
  from space 10752K, 53% used [0x0000000772e00000,0x00000007733a4030,0x0000000773880000)
  to   space 10752K, 0% used [0x000000077b880000,0x000000077b880000,0x000000077c300000)
 ParOldGen       total 175104K, used 32K [0x00000006c0a00000, 0x00000006cb500000, 0x000000076ae00000)
  object space 175104K, 0% used [0x00000006c0a00000,0x00000006c0a08000,0x00000006cb500000)
 Metaspace       used 14738K, capacity 16137K, committed 16256K, reserved 1062912K
  class space    used 2955K, capacity 3456K, committed 3456K, reserved 1048576K
Event: 2.116 GC heap after
Heap after GC invocations=4 (full 0):
 PSYoungGen      total 272896K, used 7456K [0x000000076ae00000, 0x000000077c300000, 0x00000007c0000000)
  eden space 262144K, 0% used [0x000000076ae00000,0x000000076ae00000,0x000000077ae00000)
  from space 10752K, 69% used [0x000000077b880000,0x000000077bfc8020,0x000000077c300000)
  to   space 10752K, 0% used [0x000000077ae00000,0x000000077ae00000,0x000000077b880000)
 ParOldGen       total 175104K, used 40K [0x00000006c0a00000, 0x00000006cb500000, 0x000000076ae00000)
  object space 175104K, 0% used [0x00000006c0a00000,0x00000006c0a0a000,0x00000006cb500000)
 Metaspace       used 14738K, capacity 16137K, committed 16256K, reserved 1062912K
  class space    used 2955K, capacity 3456K, committed 3456K, reserved 1048576K
}
Event: 2.245 GC heap before
{Heap before GC invocations=5 (full 0):
 PSYoungGen      total 272896K, used 269600K [0x000000076ae00000, 0x000000077c300000, 0x00000007c0000000)
  eden space 262144K, 100% used [0x000000076ae00000,0x000000077ae00000,0x000000077ae00000)
  from space 10752K, 69% used [0x000000077b880000,0x000000077bfc8020,0x000000077c300000)
  to   space 10752K, 0% used [0x000000077ae00000,0x000000077ae00000,0x000000077b880000)
 ParOldGen       total 175104K, used 40K [0x00000006c0a00000, 0x00000006cb500000, 0x000000076ae00000)
  object space 175104K, 0% used [0x00000006c0a00000,0x00000006c0a0a000,0x00000006cb500000)
 Metaspace       used 14740K, capacity 16137K, committed 16256K, reserved 1062912K
  class space    used 2955K, capacity 3456K, committed 3456K, reserved 1048576K
Event: 2.254 GC heap after
Heap after GC invocations=5 (full 0):
 PSYoungGen      total 272896K, used 10240K [0x000000076ae00000, 0x000000078c300000, 0x00000007c0000000)
  eden space 262144K, 0% used [0x000000076ae00000,0x000000076ae00000,0x000000077ae00000)
  from space 10752K, 95% used [0x000000077ae00000,0x000000077b800020,0x000000077b880000)
  to   space 10752K, 0% used [0x000000078b880000,0x000000078b880000,0x000000078c300000)
 ParOldGen       total 175104K, used 40K [0x00000006c0a00000, 0x00000006cb500000, 0x000000076ae00000)
  object space 175104K, 0% used [0x00000006c0a00000,0x00000006c0a0a000,0x00000006cb500000)
 Metaspace       used 14740K, capacity 16137K, committed 16256K, reserved 1062912K
  class space    used 2955K, capacity 3456K, committed 3456K, reserved 1048576K
}
Event: 2.336 GC heap before
{Heap before GC invocations=6 (full 0):
 PSYoungGen      total 272896K, used 272384K [0x000000076ae00000, 0x000000078c300000, 0x00000007c0000000)
  eden space 262144K, 100% used [0x000000076ae00000,0x000000077ae00000,0x000000077ae00000)
  from space 10752K, 95% used [0x000000077ae00000,0x000000077b800020,0x000000077b880000)
  to   space 10752K, 0% used [0x000000078b880000,0x000000078b880000,0x000000078c300000)
 ParOldGen       total 175104K, used 40K [0x00000006c0a00000, 0x00000006cb500000, 0x000000076ae00000)
  object space 175104K, 0% used [0x00000006c0a00000,0x00000006c0a0a000,0x00000006cb500000)
 Metaspace       used 15054K, capacity 16483K, committed 16640K, reserved 1062912K
  class space    used 2992K, capacity 3521K, committed 3584K, reserved 1048576K
Event: 2.350 GC heap after
Heap after GC invocations=6 (full 0):
 PSYoungGen      total 532480K, used 10720K [0x000000076ae00000, 0x000000078c800000, 0x00000007c0000000)
  eden space 521728K, 0% used [0x000000076ae00000,0x000000076ae00000,0x000000078ab80000)
  from space 10752K, 99% used [0x000000078b880000,0x000000078c2f8040,0x000000078c300000)
  to   space 13312K, 0% used [0x000000078ab80000,0x000000078ab80000,0x000000078b880000)
 ParOldGen       total 175104K, used 1888K [0x00000006c0a00000, 0x00000006cb500000, 0x000000076ae00000)
  object space 175104K, 1% used [0x00000006c0a00000,0x00000006c0bd8000,0x00000006cb500000)
 Metaspace       used 15054K, capacity 16483K, committed 16640K, reserved 1062912K
  class space    used 2992K, capacity 3521K, committed 3584K, reserved 1048576K
}
Event: 52.126 GC heap before
{Heap before GC invocations=7 (full 0):
 PSYoungGen      total 532480K, used 351481K [0x000000076ae00000, 0x000000078c800000, 0x00000007c0000000)
  eden space 521728K, 65% used [0x000000076ae00000,0x000000077fac67b0,0x000000078ab80000)
  from space 10752K, 99% used [0x000000078b880000,0x000000078c2f8040,0x000000078c300000)
  to   space 13312K, 0% used [0x000000078ab80000,0x000000078ab80000,0x000000078b880000)
 ParOldGen       total 175104K, used 1888K [0x00000006c0a00000, 0x00000006cb500000, 0x000000076ae00000)
  object space 175104K, 1% used [0x00000006c0a00000,0x00000006c0bd8000,0x00000006cb500000)
 Metaspace       used 18894K, capacity 21169K, committed 21296K, reserved 1067008K
  class space    used 3947K, capacity 4736K, committed 4736K, reserved 1048576K
Event: 52.138 GC heap after
Heap after GC invocations=7 (full 0):
 PSYoungGen      total 535040K, used 11552K [0x000000076ae00000, 0x00000007ac500000, 0x00000007c0000000)
  eden space 521728K, 0% used [0x000000076ae00000,0x000000076ae00000,0x000000078ab80000)
  from space 13312K, 86% used [0x000000078ab80000,0x000000078b6c8020,0x000000078b880000)
  to   space 14336K, 0% used [0x00000007ab700000,0x00000007ab700000,0x00000007ac500000)
 ParOldGen       total 175104K, used 5882K [0x00000006c0a00000, 0x00000006cb500000, 0x000000076ae00000)
  object space 175104K, 3% used [0x00000006c0a00000,0x00000006c0fbe878,0x00000006cb500000)
 Metaspace       used 18894K, capacity 21169K, committed 21296K, reserved 1067008K
  class space    used 3947K, capacity 4736K, committed 4736K, reserved 1048576K
}
Event: 52.138 GC heap before
{Heap before GC invocations=8 (full 1):
 PSYoungGen      total 535040K, used 11552K [0x000000076ae00000, 0x00000007ac500000, 0x00000007c0000000)
  eden space 521728K, 0% used [0x000000076ae00000,0x000000076ae00000,0x000000078ab80000)
  from space 13312K, 86% used [0x000000078ab80000,0x000000078b6c8020,0x000000078b880000)
  to   space 14336K, 0% used [0x00000007ab700000,0x00000007ab700000,0x00000007ac500000)
 ParOldGen       total 175104K, used 5882K [0x00000006c0a00000, 0x00000006cb500000, 0x000000076ae00000)
  object space 175104K, 3% used [0x00000006c0a00000,0x00000006c0fbe878,0x00000006cb500000)
 Metaspace       used 18894K, capacity 21169K, committed 21296K, reserved 1067008K
  class space    used 3947K, capacity 4736K, committed 4736K, reserved 1048576K
Event: 52.216 GC heap after
Heap after GC invocations=8 (full 1):
 PSYoungGen      total 535040K, used 0K [0x000000076ae00000, 0x00000007ac500000, 0x00000007c0000000)
  eden space 521728K, 0% used [0x000000076ae00000,0x000000076ae00000,0x000000078ab80000)
  from space 13312K, 0% used [0x000000078ab80000,0x000000078ab80000,0x000000078b880000)
  to   space 14336K, 0% used [0x00000007ab700000,0x00000007ab700000,0x00000007ac500000)
 ParOldGen       total 88064K, used 17186K [0x00000006c0a00000, 0x00000006c6000000, 0x000000076ae00000)
  object space 88064K, 19% used [0x00000006c0a00000,0x00000006c1ac8a90,0x00000006c6000000)
 Metaspace       used 18894K, capacity 21169K, committed 21296K, reserved 1067008K
  class space    used 3947K, capacity 4736K, committed 4736K, reserved 1048576K
}

Deoptimization events (10 events):
Event: 52.562 Thread 0x000000001f74a800 Uncommon trap: reason=unreached action=reinterpret pc=0x000000000304a450 method=clojure.lang.Compiler.isInline(Ljava/lang/Object;I)Lclojure/lang/IFn; @ 30
Event: 52.562 Thread 0x000000001f74a800 Uncommon trap: reason=unreached action=reinterpret pc=0x0000000003059bd0 method=clojure.lang.Compiler.isInline(Ljava/lang/Object;I)Lclojure/lang/IFn; @ 30
Event: 52.570 Thread 0x000000001f74a800 Uncommon trap: reason=class_check action=maybe_recompile pc=0x0000000002d630c0 method=clojure.lang.PersistentList$1.doInvoke(Ljava/lang/Object;)Ljava/lang/Object; @ 1
Event: 52.574 Thread 0x000000001f74a800 Uncommon trap: reason=class_check action=maybe_recompile pc=0x0000000002d630c0 method=clojure.lang.PersistentList$1.doInvoke(Ljava/lang/Object;)Ljava/lang/Object; @ 1
Event: 52.574 Thread 0x000000001f74a800 Uncommon trap: reason=class_check action=maybe_recompile pc=0x0000000002d630c0 method=clojure.lang.PersistentList$1.doInvoke(Ljava/lang/Object;)Ljava/lang/Object; @ 1
Event: 52.595 Thread 0x000000001f74a800 Uncommon trap: reason=class_check action=maybe_recompile pc=0x00000000026f8810 method=java.lang.String.equals(Ljava/lang/Object;)Z @ 8
Event: 52.596 Thread 0x000000001f74a800 Uncommon trap: reason=unreached action=reinterpret pc=0x000000000291ac58 method=java.net.URL.<init>(Ljava/net/URL;Ljava/lang/String;Ljava/net/URLStreamHandler;)V @ 347
Event: 52.616 Thread 0x000000001f74a800 Uncommon trap: reason=bimorphic action=maybe_recompile pc=0x00000000028b04d8 method=java.util.regex.Pattern$CharProperty$1.isSatisfiedBy(I)Z @ 5
Event: 52.616 Thread 0x000000001f74a800 Uncommon trap: reason=bimorphic action=maybe_recompile pc=0x00000000028b04d8 method=java.util.regex.Pattern$CharProperty$1.isSatisfiedBy(I)Z @ 5
Event: 52.616 Thread 0x000000001f74a800 Uncommon trap: reason=bimorphic action=maybe_recompile pc=0x00000000028b04d8 method=java.util.regex.Pattern$CharProperty$1.isSatisfiedBy(I)Z @ 5

Internal exceptions (10 events):
Event: 52.670 Thread 0x000000001f74a800 Exception <a 'java/security/PrivilegedActionException'> (0x000000076f1e1d70) thrown at [D:\re\workspace\8-2-build-windows-amd64-cygwin\jdk8u25\1677\hotspot\src\share\vm\prims\jvm.cpp, line 1312]
Event: 52.671 Thread 0x000000001f74a800 Exception <a 'java/security/PrivilegedActionException'> (0x000000076f1e7240) thrown at [D:\re\workspace\8-2-build-windows-amd64-cygwin\jdk8u25\1677\hotspot\src\share\vm\prims\jvm.cpp, line 1312]
Event: 52.671 Thread 0x000000001f74a800 Exception <a 'java/security/PrivilegedActionException'> (0x000000076f1ec930) thrown at [D:\re\workspace\8-2-build-windows-amd64-cygwin\jdk8u25\1677\hotspot\src\share\vm\prims\jvm.cpp, line 1312]
Event: 52.672 Thread 0x000000001f74a800 Exception <a 'java/security/PrivilegedActionException'> (0x000000076f1f8348) thrown at [D:\re\workspace\8-2-build-windows-amd64-cygwin\jdk8u25\1677\hotspot\src\share\vm\prims\jvm.cpp, line 1312]
Event: 52.672 Thread 0x000000001f74a800 Exception <a 'java/security/PrivilegedActionException'> (0x000000076f1fe658) thrown at [D:\re\workspace\8-2-build-windows-amd64-cygwin\jdk8u25\1677\hotspot\src\share\vm\prims\jvm.cpp, line 1312]
Event: 52.672 Thread 0x000000001f74a800 Exception <a 'java/security/PrivilegedActionException'> (0x000000076f2043e0) thrown at [D:\re\workspace\8-2-build-windows-amd64-cygwin\jdk8u25\1677\hotspot\src\share\vm\prims\jvm.cpp, line 1312]
Event: 52.673 Thread 0x000000001f74a800 Exception <a 'java/security/PrivilegedActionException'> (0x000000076f217790) thrown at [D:\re\workspace\8-2-build-windows-amd64-cygwin\jdk8u25\1677\hotspot\src\share\vm\prims\jvm.cpp, line 1312]
Event: 52.675 Thread 0x000000001f74a800 Exception <a 'java/security/PrivilegedActionException'> (0x000000076f235cb8) thrown at [D:\re\workspace\8-2-build-windows-amd64-cygwin\jdk8u25\1677\hotspot\src\share\vm\prims\jvm.cpp, line 1312]
Event: 52.676 Thread 0x000000001f74a800 Exception <a 'java/security/PrivilegedActionException'> (0x000000076f23c5e8) thrown at [D:\re\workspace\8-2-build-windows-amd64-cygwin\jdk8u25\1677\hotspot\src\share\vm\prims\jvm.cpp, line 1312]
Event: 52.676 Thread 0x000000001f74a800 Exception <a 'java/security/PrivilegedActionException'> (0x000000076f249470) thrown at [D:\re\workspace\8-2-build-windows-amd64-cygwin\jdk8u25\1677\hotspot\src\share\vm\prims\jvm.cpp, line 1312]

Events (10 events):
Event: 52.672 loading class org/sqlite/jdbc4/JDBC4ResultSet
Event: 52.672 loading class org/sqlite/jdbc4/JDBC4ResultSet done
Event: 52.673 loading class org/sqlite/jdbc3/JDBC3ResultSet
Event: 52.673 loading class org/sqlite/jdbc3/JDBC3ResultSet done
Event: 52.675 loading class org/sqlite/jdbc4/JDBC4PreparedStatement
Event: 52.675 loading class org/sqlite/jdbc4/JDBC4PreparedStatement done
Event: 52.676 loading class org/sqlite/jdbc3/JDBC3PreparedStatement
Event: 52.676 loading class org/sqlite/jdbc3/JDBC3PreparedStatement done
Event: 52.676 loading class org/sqlite/core/CorePreparedStatement
Event: 52.676 loading class org/sqlite/core/CorePreparedStatement done


Dynamic libraries:
0x000000013fbf0000 - 0x000000013fc24000 	C:\Program Files\Java\jdk1.8.0_25\bin\java.exe
0x0000000077b90000 - 0x0000000077d39000 	C:\Windows\SYSTEM32\ntdll.dll
0x0000000077a70000 - 0x0000000077b8f000 	C:\Windows\system32\kernel32.dll
0x000007fefdb40000 - 0x000007fefdbac000 	C:\Windows\system32\KERNELBASE.dll
0x000007fefe500000 - 0x000007fefe5db000 	C:\Windows\system32\ADVAPI32.dll
0x000007fefe230000 - 0x000007fefe2cf000 	C:\Windows\system32\msvcrt.dll
0x000007feffc00000 - 0x000007feffc1f000 	C:\Windows\SYSTEM32\sechost.dll
0x000007fefdd10000 - 0x000007fefde3d000 	C:\Windows\system32\RPCRT4.dll
0x0000000077970000 - 0x0000000077a6a000 	C:\Windows\system32\USER32.dll
0x000007feffe30000 - 0x000007feffe97000 	C:\Windows\system32\GDI32.dll
0x000007fefdf50000 - 0x000007fefdf5e000 	C:\Windows\system32\LPK.dll
0x000007fefe3b0000 - 0x000007fefe479000 	C:\Windows\system32\USP10.dll
0x000007fefc2c0000 - 0x000007fefc4b4000 	C:\Windows\WinSxS\amd64_microsoft.windows.common-controls_6595b64144ccf1df_6.0.7601.17514_none_fa396087175ac9ac\COMCTL32.dll
0x000007fefe6a0000 - 0x000007fefe711000 	C:\Windows\system32\SHLWAPI.dll
0x000007fefe480000 - 0x000007fefe4ae000 	C:\Windows\system32\IMM32.DLL
0x000007fefde40000 - 0x000007fefdf49000 	C:\Windows\system32\MSCTF.dll
0x0000000069600000 - 0x00000000696d2000 	C:\Program Files\Java\jdk1.8.0_25\jre\bin\msvcr100.dll
0x000000006ffc0000 - 0x000000007081a000 	C:\Program Files\Java\jdk1.8.0_25\jre\bin\server\jvm.dll
0x000007fef6d10000 - 0x000007fef6d19000 	C:\Windows\system32\WSOCK32.dll
0x000007fefe4b0000 - 0x000007fefe4fd000 	C:\Windows\system32\WS2_32.dll
0x000007fefe720000 - 0x000007fefe728000 	C:\Windows\system32\NSI.dll
0x000007fef7570000 - 0x000007fef75ab000 	C:\Windows\system32\WINMM.dll
0x0000000077d60000 - 0x0000000077d67000 	C:\Windows\system32\PSAPI.DLL
0x000000006dbd0000 - 0x000000006dbdf000 	C:\Program Files\Java\jdk1.8.0_25\jre\bin\verify.dll
0x0000000069dd0000 - 0x0000000069df8000 	C:\Program Files\Java\jdk1.8.0_25\jre\bin\java.dll
0x0000000069eb0000 - 0x0000000069ec6000 	C:\Program Files\Java\jdk1.8.0_25\jre\bin\zip.dll
0x000007fefe730000 - 0x000007feff4b8000 	C:\Windows\system32\SHELL32.dll
0x000007feffc20000 - 0x000007feffe23000 	C:\Windows\system32\ole32.dll
0x000007fefd950000 - 0x000007fefd95f000 	C:\Windows\system32\profapi.dll
0x000007fefc2a0000 - 0x000007fefc2b0000 	C:\Program Files (x86)\JetBrains\IntelliJ IDEA Community Edition 14.0.3\bin\breakgen64.dll
0x0000000069e90000 - 0x0000000069eaa000 	C:\Program Files\Java\jdk1.8.0_25\jre\bin\net.dll
0x000007fefd0a0000 - 0x000007fefd0f5000 	C:\Windows\system32\mswsock.dll
0x000007fefd360000 - 0x000007fefd367000 	C:\Windows\System32\wship6.dll
0x000007fefcb10000 - 0x000007fefcb17000 	C:\Windows\System32\wshtcpip.dll
0x000007fefcf90000 - 0x000007fefcfeb000 	C:\Windows\system32\DNSAPI.dll
0x0000000072af0000 - 0x0000000072b16000 	C:\Program Files\Bonjour\mdnsNSP.dll
0x000007fef9920000 - 0x000007fef9947000 	C:\Windows\system32\Iphlpapi.DLL
0x000007fef9910000 - 0x000007fef991b000 	C:\Windows\system32\WINNSI.DLL
0x000007fef6de0000 - 0x000007fef6de8000 	C:\Windows\system32\rasadhlp.dll
0x000007fef9470000 - 0x000007fef94c3000 	C:\Windows\System32\fwpuclnt.dll
0x000007fefd300000 - 0x000007fefd317000 	C:\Windows\system32\CRYPTSP.dll
0x000007fefcea0000 - 0x000007fefcee7000 	C:\Windows\system32\rsaenh.dll
0x000007fefdc60000 - 0x000007fefdc7e000 	C:\Windows\system32\USERENV.dll
0x000007fefd7f0000 - 0x000007fefd7ff000 	C:\Windows\system32\CRYPTBASE.dll
0x000007fef93e0000 - 0x000007fef93f1000 	C:\Windows\system32\dhcpcsvc6.DLL
0x000007fef9440000 - 0x000007fef9458000 	C:\Windows\system32\dhcpcsvc.DLL
0x0000000069e30000 - 0x0000000069e41000 	C:\Program Files\Java\jdk1.8.0_25\jre\bin\nio.dll
0x000000006be40000 - 0x000000006befa000 	C:\Users\Aniara\AppData\Local\Temp\sqlite-3.8.7-88921da6-cdb6-4b01-8a0d-e92b23415c6f-sqlitejdbc.dll
0x000007fefa110000 - 0x000007fefa235000 	C:\Windows\system32\dbghelp.dll

VM Arguments:
jvm_args: -Dclojure.compile.path=C:\dev\_cloj\clojure-in-action\cia\target\classes -Dcia.version=0.1.0-SNAPSHOT -Dfile.encoding=Cp1252 -Dclojure.debug=false -Didea.launcher.port=7534 -Didea.launcher.bin.path=C:\Program Files (x86)\JetBrains\IntelliJ IDEA Community Edition 14.0.3\bin 
java_command: com.intellij.rt.execution.application.AppMain clojure.main -i C:\Users\Aniara\.IdeaIC14\system\tmp\form-init6817462643490072571.clj
java_class_path (initial): C:\dev\_cloj\clojure-in-action\cia\test;C:\dev\_cloj\clojure-in-action\cia\src;C:\dev\_cloj\clojure-in-action\cia\dev-resources;C:\dev\_cloj\clojure-in-action\cia\resources;C:\dev\_cloj\clojure-in-action\cia\target\classes;C:\Users\Aniara\.m2\repository\clojure-complete\clojure-complete\0.2.3\clojure-complete-0.2.3.jar;C:\Users\Aniara\.m2\repository\org\clojure\tools.nrepl\0.2.3\tools.nrepl-0.2.3.jar;C:\Users\Aniara\.m2\repository\org\clojure\java.jdbc\0.3.5\java.jdbc-0.3.5.jar;C:\Users\Aniara\.m2\repository\c3p0\c3p0\0.9.1.2\c3p0-0.9.1.2.jar;C:\Users\Aniara\.m2\repository\korma\korma\0.4.0\korma-0.4.0.jar;C:\Users\Aniara\.m2\repository\org\xerial\sqlite-jdbc\3.8.7\sqlite-jdbc-3.8.7.jar;C:\Users\Aniara\.m2\repository\org\clojure\data.json\0.2.5\data.json-0.2.5.jar;C:\Users\Aniara\.m2\repository\org\clojure\clojure\1.6.0\clojure-1.6.0.jar;C:\Program Files (x86)\JetBrains\IntelliJ IDEA Community Edition 14.0.3\lib\idea_rt.jar
Launcher Type: SUN_STANDARD

Environment Variables:
JAVA_HOME=C:\Program Files\Java\jdk1.7.0_25
PATH=C:\Users\Aniara\algs4\java\bin;C:\ProgramData\Oracle\Java\javapath;C:\Program Files (x86)\NVIDIA Corporation\PhysX\Common;C:\Ruby193\bin;C:\dev\_scripts;C:\Python27\Scripts;C:\Python27;C:\php\;C:\php;C:\Program Files (x86)\Git\cmd;C:\dev\apache-ant-1.9.2\bin;C:\Program Files\Java\jdk1.7.0_25\bin;C:\dev\apache-maven-3.0.5\bin;C:\Program Files (x86)\Haskell Platform\2013.2.0.0\lib\extralibs\bin;C:\Program Files (x86)\Haskell Platform\2013.2.0.0\bin;C:\Python33\Lib\site-packages\django\bin;C:\Program Files (x86)\AMD APP\bin\x86_64;C:\Windows\system32;C:\Windows;C:\Windows\System32\Wbem;C:\Windows\System32\WindowsPowerShell\v1.0\;C:\Program Files (x86)\ATI Technologies\ATI.ACE\Core-Static;C:\Program Files\Java\jdk1.7.0_25\bin;C:\Program Files (x86)\Lua\5.1;C:\Program Files (x86)\Lua\5.1\clibs;C:\cygwin\bin;C:\Program Files (x86)\Common Files\Adobe\AGL;C:\Program Files (x86)\Haskell Platform\2013.2.0.0\mingw\bin;C:\Program Files\SourceGear\Common\DiffMerge\;C:\Program Files\nodejs\;C:\Program Files\cURL\bin;C:\scala\\bin;C:\Program Files (x86)\sbt\\bin;C:\Program Files (x86)\GtkSharp\2.12\bin;C:\Program Files (x86)\QuickTime\QTSystem\;C:\dev\_cloj\lein\;C:\Program Files\TortoiseGit\bin;C:\Program Files (x86)\AMD\ATI.ACE\Core-Static;C:\Users\Aniara\algs4\bin;C:\Users\Aniara\AppData\Roaming\cabal\bin;C:\Users\Aniara\AppData\Roaming\npm
USERNAME=Aniara
OS=Windows_NT
PROCESSOR_IDENTIFIER=Intel64 Family 6 Model 58 Stepping 9, GenuineIntel



---------------  S Y S T E M  ---------------

OS: Windows 7 , 64 bit Build 7601 Service Pack 1

CPU:total 4 (4 cores per cpu, 1 threads per core) family 6 model 58 stepping 9, cmov, cx8, fxsr, mmx, sse, sse2, sse3, ssse3, sse4.1, sse4.2, popcnt, avx, aes, clmul, erms, tsc, tscinvbit, tscinv

Memory: 4k page, physical 16730672k(7948892k free), swap 33459488k(21237868k free)

vm_info: Java HotSpot(TM) 64-Bit Server VM (25.25-b02) for windows-amd64 JRE (1.8.0_25-b18), built on Oct  7 2014 14:25:37 by "java_re" with MS VC++ 10.0 (VS2010)

time: Sat Feb 28 16:36:41 2015
elapsed time: 52 seconds (0d 0h 0m 52s)

