#
# A fatal error has been detected by the Java Runtime Environment:
#
#  EXCEPTION_ACCESS_VIOLATION (0xc0000005) at pc=0x000000006f904cc4, pid=14024, tid=15888
#
# JRE version: Java(TM) SE Runtime Environment (8.0_25-b18) (build 1.8.0_25-b18)
# Java VM: Java HotSpot(TM) 64-Bit Server VM (25.25-b02 mixed mode windows-amd64 compressed oops)
# Problematic frame:
# V  [jvm.dll+0x134cc4]
#
# Failed to write core dump. Minidumps are not enabled by default on client versions of Windows
#
# If you would like to submit a bug report, please visit:
#   http://bugreport.sun.com/bugreport/crash.jsp
#

---------------  T H R E A D  ---------------

Current thread (0x0000000020f95000):  JavaThread "nREPL-worker-8" daemon [_thread_in_vm, id=15888, stack(0x00000000216d0000,0x00000000217d0000)]

siginfo: ExceptionCode=0xc0000005, reading address 0x0000000000000000

Registers:
RAX=0x0000000000000000, RBX=0x0000000020f95000, RCX=0x0000000000000500, RDX=0x0000000000000000
RSP=0x00000000217cd7b0, RBP=0x00000000217cd8a0, RSI=0x0000000000000000, RDI=0x0000000000000000
R8 =0x0000000000000000, R9 =0x000000077e87ff20, R10=0x000000000000010a, R11=0x000000006ffa5300
R12=0x0000000000529ef8, R13=0x0000000000000000, R14=0x00000000217cd8a0, R15=0x0000000020f95000
RIP=0x000000006f904cc4, EFLAGS=0x0000000000010202

Top of Stack: (sp=0x00000000217cd7b0)
0x00000000217cd7b0:   0000000023744338 0000000000000000
0x00000000217cd7c0:   000000002373e468 0000000000000000
0x00000000217cd7d0:   0000000020f95000 0000000000000000
0x00000000217cd7e0:   0000000002417a2d 000000077e880a88
0x00000000217cd7f0:   00000000217cd8d0 0000000000000000
0x00000000217cd800:   0000000020f951e8 000000006be4204d
0x00000000217cd810:   00000000217cd8a0 0000000000000169
0x00000000217cd820:   0000000023736a38 0000000000000000
0x00000000217cd830:   00000000217cd848 00000000217cd8a8
0x00000000217cd840:   0000000002417a2d 000000077e880a88
0x00000000217cd850:   000000077e87ff20 0000000050200021
0x00000000217cd860:   0000000000000169 00000000217cd8e0
0x00000000217cd870:   0000000000000000 00000000028be797
0x00000000217cd880:   0000000023743500 0000000000000000
0x00000000217cd890:   0000000023734a48 0000000000000000
0x00000000217cd8a0:   000000077e87ff20 0000000000000000 

Instructions: (pc=0x000000006f904cc4)
0x000000006f904ca4:   89 5c 24 20 48 89 74 24 28 48 39 73 08 74 0a 48
0x000000006f904cb4:   8d 4c 24 20 e8 43 04 13 00 40 38 35 84 f6 69 00
0x000000006f904cc4:   48 8b 3f 48 63 05 ea 72 68 00 74 1b 8b 0c 38 85
0x000000006f904cd4:   c9 74 77 8b c1 8b 0d 59 78 63 00 48 d3 e0 48 03 


Register to memory mapping:

RAX=0x0000000000000000 is an unknown value
RBX=0x0000000020f95000 is a thread
RCX=0x0000000000000500 is an unknown value
RDX=0x0000000000000000 is an unknown value
RSP=0x00000000217cd7b0 is pointing into the stack for thread: 0x0000000020f95000
RBP=0x00000000217cd8a0 is pointing into the stack for thread: 0x0000000020f95000
RSI=0x0000000000000000 is an unknown value
RDI=0x0000000000000000 is an unknown value
R8 =0x0000000000000000 is an unknown value
R9 =0x000000077e87ff20 is an oop
org.sqlite.core.NativeDB 
 - klass: 'org/sqlite/core/NativeDB'
R10=0x000000000000010a is an unknown value
R11=0x000000006ffa5300 is an unknown value
R12=0x0000000000529ef8 is an unknown value
R13=0x0000000000000000 is an unknown value
R14=0x00000000217cd8a0 is pointing into the stack for thread: 0x0000000020f95000
R15=0x0000000020f95000 is a thread


Stack: [0x00000000216d0000,0x00000000217d0000],  sp=0x00000000217cd7b0,  free space=1013k
Native frames: (J=compiled Java code, j=interpreted, Vv=VM code, C=native code)
V  [jvm.dll+0x134cc4]
C  [sqlite-3.8.7-d801c601-db19-4f1e-a1c4-899424a8caa0-sqlitejdbc.dll+0x204d]
C  0x00000000028be797

Java frames: (J=compiled Java code, j=interpreted, Vv=VM code)
J 3121  org.sqlite.core.NativeDB.prepare(Ljava/lang/String;)J (0 bytes) @ 0x00000000028be64f [0x00000000028be600+0x4f]
j  org.sqlite.core.DB.prepare(Lorg/sqlite/core/CoreStatement;)V+21
j  org.sqlite.core.CorePreparedStatement.<init>(Lorg/sqlite/SQLiteConnection;Ljava/lang/String;)V+15
j  org.sqlite.jdbc3.JDBC3PreparedStatement.<init>(Lorg/sqlite/SQLiteConnection;Ljava/lang/String;)V+3
j  org.sqlite.jdbc4.JDBC4PreparedStatement.<init>(Lorg/sqlite/SQLiteConnection;Ljava/lang/String;)V+3
j  org.sqlite.jdbc4.JDBC4Connection.prepareStatement(Ljava/lang/String;III)Ljava/sql/PreparedStatement;+21
j  org.sqlite.jdbc3.JDBC3Connection.prepareStatement(Ljava/lang/String;II)Ljava/sql/PreparedStatement;+5
j  org.sqlite.jdbc3.JDBC3Connection.prepareStatement(Ljava/lang/String;)Ljava/sql/PreparedStatement;+8
j  clojure.java.jdbc$prepare_statement.doInvoke(Ljava/lang/Object;Ljava/lang/Object;Ljava/lang/Object;)Ljava/lang/Object;+411
J 3008 C2 clojure.lang.RestFn.invoke(Ljava/lang/Object;Ljava/lang/Object;)Ljava/lang/Object; (119 bytes) @ 0x00000000027928a0 [0x0000000002792580+0x320]
j  clojure.java.jdbc$db_do_prepared.doInvoke(Ljava/lang/Object;Ljava/lang/Object;Ljava/lang/Object;)Ljava/lang/Object;+205
J 2804 C2 clojure.lang.RestFn.applyTo(Lclojure/lang/ISeq;)Ljava/lang/Object; (3076 bytes) @ 0x00000000027b7800 [0x00000000027b7560+0x2a0]
j  clojure.core$apply.invoke(Ljava/lang/Object;Ljava/lang/Object;Ljava/lang/Object;Ljava/lang/Object;Ljava/lang/Object;)Ljava/lang/Object;+39
j  clojure.java.jdbc$db_do_prepared.doInvoke(Ljava/lang/Object;Ljava/lang/Object;Ljava/lang/Object;)Ljava/lang/Object;+381
J 3008 C2 clojure.lang.RestFn.invoke(Ljava/lang/Object;Ljava/lang/Object;)Ljava/lang/Object; (119 bytes) @ 0x00000000027928a0 [0x0000000002792580+0x320]
j  cia.chapter09.user$exec_sql_file.invoke(Ljava/lang/Object;)Ljava/lang/Object;+50
j  cia.chapter09.user$eval3106.invoke()Ljava/lang/Object;+11
J 2154 C1 clojure.lang.Compiler.eval(Ljava/lang/Object;Z)Ljava/lang/Object; (393 bytes) @ 0x0000000002cda934 [0x0000000002cd53e0+0x5554]
j  clojure.lang.Compiler.load(Ljava/io/Reader;Ljava/lang/String;Ljava/lang/String;)Ljava/lang/Object;+336
j  cia.chapter09.user$eval3102.invoke()Ljava/lang/Object;+65
J 2154 C1 clojure.lang.Compiler.eval(Ljava/lang/Object;Z)Ljava/lang/Object; (393 bytes) @ 0x0000000002cda934 [0x0000000002cd53e0+0x5554]
j  clojure.lang.Compiler.eval(Ljava/lang/Object;)Ljava/lang/Object;+2
j  clojure.core$eval.invoke(Ljava/lang/Object;)Ljava/lang/Object;+3
j  clojure.main$repl$read_eval_print__6625$fn__6628.invoke()Ljava/lang/Object;+11
j  clojure.main$repl$read_eval_print__6625.invoke()Ljava/lang/Object;+196
j  clojure.main$repl$fn__6634.invoke()Ljava/lang/Object;+7
j  clojure.main$repl.doInvoke(Ljava/lang/Object;)Ljava/lang/Object;+585
j  clojure.lang.RestFn.invoke(Ljava/lang/Object;Ljava/lang/Object;Ljava/lang/Object;Ljava/lang/Object;Ljava/lang/Object;Ljava/lang/Object;Ljava/lang/Object;Ljava/lang/Object;Ljava/lang/Object;Ljava/lang/Object;Ljava/lang/Object;Ljava/lang/Object;)Ljava/lang/Object;+225
j  clojure.tools.nrepl.middleware.interruptible_eval$evaluate$fn__591.invoke()Ljava/lang/Object;+196
J 2416 C2 clojure.lang.AFn.applyToHelper(Lclojure/lang/IFn;Lclojure/lang/ISeq;)Ljava/lang/Object; (3238 bytes) @ 0x0000000002f50be8 [0x0000000002f4f080+0x1b68]
J 2876 C2 clojure.lang.AFn.applyTo(Lclojure/lang/ISeq;)Ljava/lang/Object; (12 bytes) @ 0x000000000274c894 [0x000000000274c860+0x34]
J 1409 C1 clojure.core$apply.invoke(Ljava/lang/Object;Ljava/lang/Object;)Ljava/lang/Object; (32 bytes) @ 0x0000000002997a94 [0x0000000002997540+0x554]
j  clojure.core$with_bindings_STAR_.doInvoke(Ljava/lang/Object;Ljava/lang/Object;Ljava/lang/Object;)Ljava/lang/Object;+33
J 3008 C2 clojure.lang.RestFn.invoke(Ljava/lang/Object;Ljava/lang/Object;)Ljava/lang/Object; (119 bytes) @ 0x00000000027928a0 [0x0000000002792580+0x320]
j  clojure.tools.nrepl.middleware.interruptible_eval$evaluate.invoke(Ljava/lang/Object;Ljava/lang/Object;)Ljava/lang/Object;+509
j  clojure.tools.nrepl.middleware.interruptible_eval$interruptible_eval$fn__632$fn__635.invoke()Ljava/lang/Object;+114
j  clojure.core$comp$fn__4192.invoke()Ljava/lang/Object;+14
j  clojure.tools.nrepl.middleware.interruptible_eval$run_next$fn__625.invoke()Ljava/lang/Object;+7
j  clojure.lang.AFn.run()V+1
j  java.util.concurrent.ThreadPoolExecutor.runWorker(Ljava/util/concurrent/ThreadPoolExecutor$Worker;)V+95
j  java.util.concurrent.ThreadPoolExecutor$Worker.run()V+5
j  java.lang.Thread.run()V+11
v  ~StubRoutines::call_stub

---------------  P R O C E S S  ---------------

Java Threads: ( => current thread )
=>0x0000000020f95000 JavaThread "nREPL-worker-8" daemon [_thread_in_vm, id=15888, stack(0x00000000216d0000,0x00000000217d0000)]
  0x0000000020f94800 JavaThread "clojure-agent-send-off-pool-11" [_thread_blocked, id=1344, stack(0x000000001e270000,0x000000001e370000)]
  0x0000000020f93800 JavaThread "com.mchange.v2.async.ThreadPoolAsynchronousRunner$PoolThread-#2" daemon [_thread_blocked, id=10760, stack(0x0000000024d10000,0x0000000024e10000)]
  0x0000000020f93000 JavaThread "com.mchange.v2.async.ThreadPoolAsynchronousRunner$PoolThread-#1" daemon [_thread_blocked, id=16324, stack(0x0000000023b00000,0x0000000023c00000)]
  0x0000000020f92000 JavaThread "com.mchange.v2.async.ThreadPoolAsynchronousRunner$PoolThread-#0" daemon [_thread_blocked, id=13220, stack(0x0000000021440000,0x0000000021540000)]
  0x0000000020f91800 JavaThread "Timer-0" daemon [_thread_blocked, id=6672, stack(0x00000000231d0000,0x00000000232d0000)]
  0x000000001f4cf000 JavaThread "clojure-agent-send-off-pool-5" [_thread_in_native, id=14824, stack(0x0000000021d60000,0x0000000021e60000)]
  0x000000001e7eb800 JavaThread "clojure-agent-send-off-pool-4" [_thread_blocked, id=3188, stack(0x0000000021c30000,0x0000000021d30000)]
  0x000000001f762800 JavaThread "clojure-agent-send-off-pool-3" [_thread_blocked, id=13548, stack(0x0000000021a80000,0x0000000021b80000)]
  0x000000002077a800 JavaThread "clojure-agent-send-off-pool-2" [_thread_in_native, id=5704, stack(0x0000000021560000,0x0000000021660000)]
  0x000000001d3b3000 JavaThread "Monitor Ctrl-Break" daemon [_thread_in_native, id=9124, stack(0x000000001e170000,0x000000001e270000)]
  0x000000001bede800 JavaThread "Service Thread" daemon [_thread_blocked, id=3184, stack(0x000000001df00000,0x000000001e000000)]
  0x000000001d28c000 JavaThread "C1 CompilerThread2" daemon [_thread_blocked, id=13648, stack(0x000000001dda0000,0x000000001dea0000)]
  0x000000001d28a000 JavaThread "C2 CompilerThread1" daemon [_thread_blocked, id=9596, stack(0x000000001dbd0000,0x000000001dcd0000)]
  0x000000001d283800 JavaThread "C2 CompilerThread0" daemon [_thread_in_native, id=5308, stack(0x000000001dac0000,0x000000001dbc0000)]
  0x000000001d282800 JavaThread "Attach Listener" daemon [_thread_blocked, id=11620, stack(0x000000001d910000,0x000000001da10000)]
  0x000000001bed3800 JavaThread "Signal Dispatcher" daemon [_thread_blocked, id=15644, stack(0x000000001d7f0000,0x000000001d8f0000)]
  0x000000001be71000 JavaThread "Finalizer" daemon [_thread_blocked, id=10220, stack(0x000000001d180000,0x000000001d280000)]
  0x000000001be6d000 JavaThread "Reference Handler" daemon [_thread_blocked, id=3988, stack(0x000000001cf80000,0x000000001d080000)]
  0x0000000001df8800 JavaThread "main" [_thread_blocked, id=14244, stack(0x0000000001f80000,0x0000000002080000)]

Other Threads:
  0x000000001be67800 VMThread [stack: 0x000000001cdd0000,0x000000001ced0000] [id=15348]
  0x000000001d308000 WatcherThread [stack: 0x000000001e040000,0x000000001e140000] [id=2008]

VM state:not at safepoint (normal execution)

VM Mutex/Monitor currently owned by a thread: None

Heap:
 PSYoungGen      total 531968K, used 323420K [0x000000076ae00000, 0x000000079f100000, 0x00000007c0000000)
  eden space 520192K, 62% used [0x000000076ae00000,0x000000077e9d72e8,0x000000078aa00000)
  from space 11776K, 0% used [0x000000078aa00000,0x000000078aa00000,0x000000078b580000)
  to   space 11264K, 0% used [0x000000079e600000,0x000000079e600000,0x000000079f100000)
 ParOldGen       total 88064K, used 14935K [0x00000006c0a00000, 0x00000006c6000000, 0x000000076ae00000)
  object space 88064K, 16% used [0x00000006c0a00000,0x00000006c1895c90,0x00000006c6000000)
 Metaspace       used 24815K, capacity 28583K, committed 28800K, reserved 1071104K
  class space    used 5187K, capacity 6428K, committed 6528K, reserved 1048576K

Card table byte_map: [0x00000000117d0000,0x0000000011fd0000] byte_map_base: 0x000000000e1cb000

Marking Bits: (ParMarkBitMap*) 0x000000006ffad490
 Begin Bits: [0x0000000012d30000, 0x0000000016d08000)
 End Bits:   [0x0000000016d08000, 0x000000001ace0000)

Polling page: 0x0000000000130000

CodeCache: size=245760Kb used=11180Kb max_used=11567Kb free=234579Kb
 bounds [0x0000000002410000, 0x0000000002fa0000, 0x0000000011410000]
 total_blobs=2948 nmethods=2554 adapters=307
 compilation: enabled

Compilation events (10 events):
Event: 838.581 Thread 0x000000001d28a000 nmethod 3147 0x0000000002f7cfd0 code [0x0000000002f7db60, 0x0000000002f87940]
Event: 931.669 Thread 0x000000001d28c000 3159       3       clojure.lang.RT::seqToArray (40 bytes)
Event: 931.670 Thread 0x000000001d28c000 nmethod 3159 0x0000000002717e90 code [0x0000000002718040, 0x0000000002718768]
Event: 935.943 Thread 0x000000001d283800 3160   !   4       clojure.lang.LispReader::read (263 bytes)
Event: 935.945 Thread 0x000000001d28c000 3161       1       java.lang.Enum::name (5 bytes)
Event: 935.945 Thread 0x000000001d28c000 nmethod 3161 0x0000000002717bd0 code [0x0000000002717d20, 0x0000000002717e30]
Event: 935.945 Thread 0x000000001d28c000 3162       3       java.util.GregorianCalendar::getWeekNumber (89 bytes)
Event: 935.946 Thread 0x000000001d28c000 nmethod 3162 0x0000000002a7ac10 code [0x0000000002a7ada0, 0x0000000002a7b510]
Event: 935.946 Thread 0x000000001d28c000 3163       3       sun.util.calendar.AbstractCalendar::getDayOfWeekDateOnOrBefore (31 bytes)
Event: 935.947 Thread 0x000000001d28c000 nmethod 3163 0x0000000002528a90 code [0x0000000002528c00, 0x0000000002528fb0]

GC Heap History (10 events):
Event: 2.127 GC heap before
{Heap before GC invocations=6 (full 0):
 PSYoungGen      total 141824K, used 138560K [0x000000076ae00000, 0x000000077bf00000, 0x00000007c0000000)
  eden space 131072K, 100% used [0x000000076ae00000,0x0000000772e00000,0x0000000772e00000)
  from space 10752K, 69% used [0x0000000772e00000,0x0000000773550040,0x0000000773880000)
  to   space 8704K, 0% used [0x000000077b680000,0x000000077b680000,0x000000077bf00000)
 ParOldGen       total 175104K, used 48K [0x00000006c0a00000, 0x00000006cb500000, 0x000000076ae00000)
  object space 175104K, 0% used [0x00000006c0a00000,0x00000006c0a0c000,0x00000006cb500000)
 Metaspace       used 14760K, capacity 16143K, committed 16384K, reserved 1062912K
  class space    used 2956K, capacity 3457K, committed 3584K, reserved 1048576K
Event: 2.136 GC heap after
Heap after GC invocations=6 (full 0):
 PSYoungGen      total 269824K, used 8672K [0x000000076ae00000, 0x000000077c100000, 0x00000007c0000000)
  eden space 261120K, 0% used [0x000000076ae00000,0x000000076ae00000,0x000000077ad00000)
  from space 8704K, 99% used [0x000000077b680000,0x000000077bef8040,0x000000077bf00000)
  to   space 9728K, 0% used [0x000000077ad00000,0x000000077ad00000,0x000000077b680000)
 ParOldGen       total 175104K, used 216K [0x00000006c0a00000, 0x00000006cb500000, 0x000000076ae00000)
  object space 175104K, 0% used [0x00000006c0a00000,0x00000006c0a36000,0x00000006cb500000)
 Metaspace       used 14760K, capacity 16143K, committed 16384K, reserved 1062912K
  class space    used 2956K, capacity 3457K, committed 3584K, reserved 1048576K
}
Event: 2.232 GC heap before
{Heap before GC invocations=7 (full 0):
 PSYoungGen      total 269824K, used 269792K [0x000000076ae00000, 0x000000077c100000, 0x00000007c0000000)
  eden space 261120K, 100% used [0x000000076ae00000,0x000000077ad00000,0x000000077ad00000)
  from space 8704K, 99% used [0x000000077b680000,0x000000077bef8040,0x000000077bf00000)
  to   space 9728K, 0% used [0x000000077ad00000,0x000000077ad00000,0x000000077b680000)
 ParOldGen       total 175104K, used 216K [0x00000006c0a00000, 0x00000006cb500000, 0x000000076ae00000)
  object space 175104K, 0% used [0x00000006c0a00000,0x00000006c0a36000,0x00000006cb500000)
 Metaspace       used 14764K, capacity 16143K, committed 16384K, reserved 1062912K
  class space    used 2957K, capacity 3457K, committed 3584K, reserved 1048576K
Event: 2.243 GC heap after
Heap after GC invocations=7 (full 0):
 PSYoungGen      total 270848K, used 7264K [0x000000076ae00000, 0x000000078bf00000, 0x00000007c0000000)
  eden space 261120K, 0% used [0x000000076ae00000,0x000000076ae00000,0x000000077ad00000)
  from space 9728K, 74% used [0x000000077ad00000,0x000000077b418000,0x000000077b680000)
  to   space 9728K, 0% used [0x000000078b580000,0x000000078b580000,0x000000078bf00000)
 ParOldGen       total 175104K, used 4442K [0x00000006c0a00000, 0x00000006cb500000, 0x000000076ae00000)
  object space 175104K, 2% used [0x00000006c0a00000,0x00000006c0e56bc0,0x00000006cb500000)
 Metaspace       used 14764K, capacity 16143K, committed 16384K, reserved 1062912K
  class space    used 2957K, capacity 3457K, committed 3584K, reserved 1048576K
}
Event: 6.055 GC heap before
{Heap before GC invocations=8 (full 0):
 PSYoungGen      total 270848K, used 268384K [0x000000076ae00000, 0x000000078bf00000, 0x00000007c0000000)
  eden space 261120K, 100% used [0x000000076ae00000,0x000000077ad00000,0x000000077ad00000)
  from space 9728K, 74% used [0x000000077ad00000,0x000000077b418000,0x000000077b680000)
  to   space 9728K, 0% used [0x000000078b580000,0x000000078b580000,0x000000078bf00000)
 ParOldGen       total 175104K, used 4442K [0x00000006c0a00000, 0x00000006cb500000, 0x000000076ae00000)
  object space 175104K, 2% used [0x00000006c0a00000,0x00000006c0e56bc0,0x00000006cb500000)
 Metaspace       used 18729K, capacity 20883K, committed 21120K, reserved 1064960K
  class space    used 3946K, capacity 4734K, committed 4736K, reserved 1048576K
Event: 6.064 GC heap after
Heap after GC invocations=8 (full 0):
 PSYoungGen      total 529920K, used 9696K [0x000000076ae00000, 0x000000078c300000, 0x00000007c0000000)
  eden space 520192K, 0% used [0x000000076ae00000,0x000000076ae00000,0x000000078aa00000)
  from space 9728K, 99% used [0x000000078b580000,0x000000078bef8218,0x000000078bf00000)
  to   space 11776K, 0% used [0x000000078aa00000,0x000000078aa00000,0x000000078b580000)
 ParOldGen       total 175104K, used 6715K [0x00000006c0a00000, 0x00000006cb500000, 0x000000076ae00000)
  object space 175104K, 3% used [0x00000006c0a00000,0x00000006c108ec40,0x00000006cb500000)
 Metaspace       used 18729K, capacity 20883K, committed 21120K, reserved 1064960K
  class space    used 3946K, capacity 4734K, committed 4736K, reserved 1048576K
}
Event: 6.080 GC heap before
{Heap before GC invocations=9 (full 0):
 PSYoungGen      total 529920K, used 14558K [0x000000076ae00000, 0x000000078c300000, 0x00000007c0000000)
  eden space 520192K, 0% used [0x000000076ae00000,0x000000076b2bf618,0x000000078aa00000)
  from space 9728K, 99% used [0x000000078b580000,0x000000078bef8218,0x000000078bf00000)
  to   space 11776K, 0% used [0x000000078aa00000,0x000000078aa00000,0x000000078b580000)
 ParOldGen       total 175104K, used 6715K [0x00000006c0a00000, 0x00000006cb500000, 0x000000076ae00000)
  object space 175104K, 3% used [0x00000006c0a00000,0x00000006c108ec40,0x00000006cb500000)
 Metaspace       used 19058K, capacity 21203K, committed 21296K, reserved 1067008K
  class space    used 3985K, capacity 4734K, committed 4736K, reserved 1048576K
Event: 6.088 GC heap after
Heap after GC invocations=9 (full 0):
 PSYoungGen      total 531968K, used 6192K [0x000000076ae00000, 0x000000079f100000, 0x00000007c0000000)
  eden space 520192K, 0% used [0x000000076ae00000,0x000000076ae00000,0x000000078aa00000)
  from space 11776K, 52% used [0x000000078aa00000,0x000000078b00c030,0x000000078b580000)
  to   space 11264K, 0% used [0x000000079e600000,0x000000079e600000,0x000000079f100000)
 ParOldGen       total 175104K, used 9787K [0x00000006c0a00000, 0x00000006cb500000, 0x000000076ae00000)
  object space 175104K, 5% used [0x00000006c0a00000,0x00000006c138ec40,0x00000006cb500000)
 Metaspace       used 19058K, capacity 21203K, committed 21296K, reserved 1067008K
  class space    used 3985K, capacity 4734K, committed 4736K, reserved 1048576K
}
Event: 6.088 GC heap before
{Heap before GC invocations=10 (full 1):
 PSYoungGen      total 531968K, used 6192K [0x000000076ae00000, 0x000000079f100000, 0x00000007c0000000)
  eden space 520192K, 0% used [0x000000076ae00000,0x000000076ae00000,0x000000078aa00000)
  from space 11776K, 52% used [0x000000078aa00000,0x000000078b00c030,0x000000078b580000)
  to   space 11264K, 0% used [0x000000079e600000,0x000000079e600000,0x000000079f100000)
 ParOldGen       total 175104K, used 9787K [0x00000006c0a00000, 0x00000006cb500000, 0x000000076ae00000)
  object space 175104K, 5% used [0x00000006c0a00000,0x00000006c138ec40,0x00000006cb500000)
 Metaspace       used 19058K, capacity 21203K, committed 21296K, reserved 1067008K
  class space    used 3985K, capacity 4734K, committed 4736K, reserved 1048576K
Event: 6.135 GC heap after
Heap after GC invocations=10 (full 1):
 PSYoungGen      total 531968K, used 0K [0x000000076ae00000, 0x000000079f100000, 0x00000007c0000000)
  eden space 520192K, 0% used [0x000000076ae00000,0x000000076ae00000,0x000000078aa00000)
  from space 11776K, 0% used [0x000000078aa00000,0x000000078aa00000,0x000000078b580000)
  to   space 11264K, 0% used [0x000000079e600000,0x000000079e600000,0x000000079f100000)
 ParOldGen       total 88064K, used 14935K [0x00000006c0a00000, 0x00000006c6000000, 0x000000076ae00000)
  object space 88064K, 16% used [0x00000006c0a00000,0x00000006c1895c90,0x00000006c6000000)
 Metaspace       used 19056K, capacity 21197K, committed 21296K, reserved 1067008K
  class space    used 3984K, capacity 4733K, committed 4736K, reserved 1048576K
}

Deoptimization events (10 events):
Event: 696.347 Thread 0x0000000020f95000 Uncommon trap: reason=class_check action=maybe_recompile pc=0x00000000029e89d8 method=clojure.lang.ArrayChunk.reduce(Lclojure/lang/IFn;Ljava/lang/Object;)Ljava/lang/Object; @ 11
Event: 696.484 Thread 0x0000000020f95000 Uncommon trap: reason=class_check action=maybe_recompile pc=0x0000000002712760 method=clojure.lang.RT.getFrom(Ljava/lang/Object;Ljava/lang/Object;)Ljava/lang/Object; @ 27
Event: 696.484 Thread 0x0000000020f95000 Uncommon trap: reason=class_check action=maybe_recompile pc=0x0000000002712760 method=clojure.lang.RT.getFrom(Ljava/lang/Object;Ljava/lang/Object;)Ljava/lang/Object; @ 27
Event: 696.484 Thread 0x0000000020f95000 Uncommon trap: reason=class_check action=maybe_recompile pc=0x0000000002712760 method=clojure.lang.RT.getFrom(Ljava/lang/Object;Ljava/lang/Object;)Ljava/lang/Object; @ 27
Event: 696.484 Thread 0x0000000020f95000 Uncommon trap: reason=class_check action=maybe_recompile pc=0x0000000002712760 method=clojure.lang.RT.getFrom(Ljava/lang/Object;Ljava/lang/Object;)Ljava/lang/Object; @ 27
Event: 702.597 Thread 0x0000000020f95000 Uncommon trap: reason=bimorphic action=maybe_recompile pc=0x00000000025992b8 method=clojure.lang.ArrayChunk.reduce(Lclojure/lang/IFn;Ljava/lang/Object;)Ljava/lang/Object; @ 11
Event: 702.611 Thread 0x0000000020f95000 Uncommon trap: reason=bimorphic action=maybe_recompile pc=0x00000000025992b8 method=clojure.lang.ArrayChunk.reduce(Lclojure/lang/IFn;Ljava/lang/Object;)Ljava/lang/Object; @ 11
Event: 702.624 Thread 0x0000000020f95000 Uncommon trap: reason=bimorphic action=maybe_recompile pc=0x00000000025992b8 method=clojure.lang.ArrayChunk.reduce(Lclojure/lang/IFn;Ljava/lang/Object;)Ljava/lang/Object; @ 11
Event: 713.900 Thread 0x0000000020f95000 Uncommon trap: reason=bimorphic action=maybe_recompile pc=0x00000000025992b8 method=clojure.lang.ArrayChunk.reduce(Lclojure/lang/IFn;Ljava/lang/Object;)Ljava/lang/Object; @ 11
Event: 931.673 Thread 0x0000000020f95000 Uncommon trap: reason=class_check action=maybe_recompile pc=0x0000000002690650 method=java.lang.String.equals(Ljava/lang/Object;)Z @ 8

Internal exceptions (10 events):
Event: 838.225 Thread 0x0000000020f95000 Exception <a 'java/security/PrivilegedActionException'> (0x000000077e3e1730) thrown at [D:\re\workspace\8-2-build-windows-amd64-cygwin\jdk8u25\1677\hotspot\src\share\vm\prims\jvm.cpp, line 1312]
Event: 838.225 Thread 0x0000000020f95000 Exception <a 'java/security/PrivilegedActionException'> (0x000000077e3e2150) thrown at [D:\re\workspace\8-2-build-windows-amd64-cygwin\jdk8u25\1677\hotspot\src\share\vm\prims\jvm.cpp, line 1312]
Event: 838.225 Thread 0x0000000020f95000 Exception <a 'java/security/PrivilegedActionException'> (0x000000077e3e2f08) thrown at [D:\re\workspace\8-2-build-windows-amd64-cygwin\jdk8u25\1677\hotspot\src\share\vm\prims\jvm.cpp, line 1312]
Event: 838.225 Thread 0x0000000020f95000 Exception <a 'java/security/PrivilegedActionException'> (0x000000077e3e5da0) thrown at [D:\re\workspace\8-2-build-windows-amd64-cygwin\jdk8u25\1677\hotspot\src\share\vm\prims\jvm.cpp, line 1312]
Event: 838.225 Thread 0x0000000020f95000 Exception <a 'java/security/PrivilegedActionException'> (0x000000077e3e67c0) thrown at [D:\re\workspace\8-2-build-windows-amd64-cygwin\jdk8u25\1677\hotspot\src\share\vm\prims\jvm.cpp, line 1312]
Event: 838.225 Thread 0x0000000020f95000 Exception <a 'java/security/PrivilegedActionException'> (0x000000077e3e71e0) thrown at [D:\re\workspace\8-2-build-windows-amd64-cygwin\jdk8u25\1677\hotspot\src\share\vm\prims\jvm.cpp, line 1312]
Event: 838.225 Thread 0x0000000020f95000 Exception <a 'java/security/PrivilegedActionException'> (0x000000077e3e7c00) thrown at [D:\re\workspace\8-2-build-windows-amd64-cygwin\jdk8u25\1677\hotspot\src\share\vm\prims\jvm.cpp, line 1312]
Event: 838.225 Thread 0x0000000020f95000 Exception <a 'java/security/PrivilegedActionException'> (0x000000077e3e8620) thrown at [D:\re\workspace\8-2-build-windows-amd64-cygwin\jdk8u25\1677\hotspot\src\share\vm\prims\jvm.cpp, line 1312]
Event: 838.225 Thread 0x0000000020f95000 Exception <a 'java/security/PrivilegedActionException'> (0x000000077e3e9040) thrown at [D:\re\workspace\8-2-build-windows-amd64-cygwin\jdk8u25\1677\hotspot\src\share\vm\prims\jvm.cpp, line 1312]
Event: 838.225 Thread 0x0000000020f95000 Exception <a 'java/security/PrivilegedActionException'> (0x000000077e3e9a60) thrown at [D:\re\workspace\8-2-build-windows-amd64-cygwin\jdk8u25\1677\hotspot\src\share\vm\prims\jvm.cpp, line 1312]

Events (10 events):
Event: 868.261 Thread 0x0000000020f95000 Thread exited: 0x0000000020f95000
Event: 898.186 Executing VM operation: RevokeBias
Event: 898.186 Executing VM operation: RevokeBias done
Event: 898.186 Thread 0x0000000020f94800 Thread exited: 0x0000000020f94800
Event: 931.668 Thread 0x0000000020f94800 Thread added: 0x0000000020f94800
Event: 931.669 Thread 0x0000000020f95000 Thread added: 0x0000000020f95000
Event: 931.670 Thread 0x000000001d28c000 flushing nmethod 0x00000000025288d0
Event: 931.673 Thread 0x0000000020f95000 Uncommon trap: trap_request=0xffffffde fr.pc=0x0000000002690650
Event: 931.673 Thread 0x0000000020f95000 DEOPT PACKING pc=0x0000000002690650 sp=0x00000000217cc910
Event: 931.673 Thread 0x0000000020f95000 DEOPT UNPACKING pc=0x000000000245556a sp=0x00000000217cc890 mode 2


Dynamic libraries:
0x000000013f250000 - 0x000000013f284000 	C:\Program Files\Java\jdk1.8.0_25\bin\java.exe
0x0000000077b90000 - 0x0000000077d39000 	C:\Windows\SYSTEM32\ntdll.dll
0x0000000077a70000 - 0x0000000077b8f000 	C:\Windows\system32\kernel32.dll
0x000007fefdb40000 - 0x000007fefdbac000 	C:\Windows\system32\KERNELBASE.dll
0x000007fefe500000 - 0x000007fefe5db000 	C:\Windows\system32\ADVAPI32.dll
0x000007fefe230000 - 0x000007fefe2cf000 	C:\Windows\system32\msvcrt.dll
0x000007feffc00000 - 0x000007feffc1f000 	C:\Windows\SYSTEM32\sechost.dll
0x000007fefdd10000 - 0x000007fefde3d000 	C:\Windows\system32\RPCRT4.dll
0x0000000077970000 - 0x0000000077a6a000 	C:\Windows\system32\USER32.dll
0x000007feffe30000 - 0x000007feffe97000 	C:\Windows\system32\GDI32.dll
0x000007fefdf50000 - 0x000007fefdf5e000 	C:\Windows\system32\LPK.dll
0x000007fefe3b0000 - 0x000007fefe479000 	C:\Windows\system32\USP10.dll
0x000007fefc2c0000 - 0x000007fefc4b4000 	C:\Windows\WinSxS\amd64_microsoft.windows.common-controls_6595b64144ccf1df_6.0.7601.17514_none_fa396087175ac9ac\COMCTL32.dll
0x000007fefe6a0000 - 0x000007fefe711000 	C:\Windows\system32\SHLWAPI.dll
0x000007fefe480000 - 0x000007fefe4ae000 	C:\Windows\system32\IMM32.DLL
0x000007fefde40000 - 0x000007fefdf49000 	C:\Windows\system32\MSCTF.dll
0x0000000069600000 - 0x00000000696d2000 	C:\Program Files\Java\jdk1.8.0_25\jre\bin\msvcr100.dll
0x000000006f7d0000 - 0x000000007002a000 	C:\Program Files\Java\jdk1.8.0_25\jre\bin\server\jvm.dll
0x000007fef6d10000 - 0x000007fef6d19000 	C:\Windows\system32\WSOCK32.dll
0x000007fefe4b0000 - 0x000007fefe4fd000 	C:\Windows\system32\WS2_32.dll
0x000007fefe720000 - 0x000007fefe728000 	C:\Windows\system32\NSI.dll
0x000007fef7570000 - 0x000007fef75ab000 	C:\Windows\system32\WINMM.dll
0x0000000077d60000 - 0x0000000077d67000 	C:\Windows\system32\PSAPI.DLL
0x000000006dbd0000 - 0x000000006dbdf000 	C:\Program Files\Java\jdk1.8.0_25\jre\bin\verify.dll
0x0000000069dd0000 - 0x0000000069df8000 	C:\Program Files\Java\jdk1.8.0_25\jre\bin\java.dll
0x0000000069eb0000 - 0x0000000069ec6000 	C:\Program Files\Java\jdk1.8.0_25\jre\bin\zip.dll
0x000007fefe730000 - 0x000007feff4b8000 	C:\Windows\system32\SHELL32.dll
0x000007feffc20000 - 0x000007feffe23000 	C:\Windows\system32\ole32.dll
0x000007fefd950000 - 0x000007fefd95f000 	C:\Windows\system32\profapi.dll
0x000007fefb200000 - 0x000007fefb210000 	C:\Program Files (x86)\JetBrains\IntelliJ IDEA Community Edition 14.0.3\bin\breakgen64.dll
0x0000000069e90000 - 0x0000000069eaa000 	C:\Program Files\Java\jdk1.8.0_25\jre\bin\net.dll
0x000007fefd0a0000 - 0x000007fefd0f5000 	C:\Windows\system32\mswsock.dll
0x000007fefd360000 - 0x000007fefd367000 	C:\Windows\System32\wship6.dll
0x000007fefcb10000 - 0x000007fefcb17000 	C:\Windows\System32\wshtcpip.dll
0x000007fefcf90000 - 0x000007fefcfeb000 	C:\Windows\system32\DNSAPI.dll
0x0000000072af0000 - 0x0000000072b16000 	C:\Program Files\Bonjour\mdnsNSP.dll
0x000007fef9920000 - 0x000007fef9947000 	C:\Windows\system32\Iphlpapi.DLL
0x000007fef9910000 - 0x000007fef991b000 	C:\Windows\system32\WINNSI.DLL
0x000007fef6de0000 - 0x000007fef6de8000 	C:\Windows\system32\rasadhlp.dll
0x000007fef9470000 - 0x000007fef94c3000 	C:\Windows\System32\fwpuclnt.dll
0x000007fefd300000 - 0x000007fefd317000 	C:\Windows\system32\CRYPTSP.dll
0x000007fefcea0000 - 0x000007fefcee7000 	C:\Windows\system32\rsaenh.dll
0x000007fefdc60000 - 0x000007fefdc7e000 	C:\Windows\system32\USERENV.dll
0x000007fefd7f0000 - 0x000007fefd7ff000 	C:\Windows\system32\CRYPTBASE.dll
0x000007fef93e0000 - 0x000007fef93f1000 	C:\Windows\system32\dhcpcsvc6.DLL
0x000007fef9440000 - 0x000007fef9458000 	C:\Windows\system32\dhcpcsvc.DLL
0x0000000069e30000 - 0x0000000069e41000 	C:\Program Files\Java\jdk1.8.0_25\jre\bin\nio.dll
0x000000006be40000 - 0x000000006befa000 	C:\Users\Aniara\AppData\Local\Temp\sqlite-3.8.7-d801c601-db19-4f1e-a1c4-899424a8caa0-sqlitejdbc.dll
0x000007fefa6d0000 - 0x000007fefa6e5000 	C:\Windows\system32\NLAapi.dll
0x000007fef67f0000 - 0x000007fef6805000 	C:\Windows\system32\napinsp.dll
0x000007fef6450000 - 0x000007fef6469000 	C:\Windows\system32\pnrpnsp.dll
0x000007fef6440000 - 0x000007fef644b000 	C:\Windows\System32\winrnr.dll
0x000000006dc80000 - 0x000000006dc8d000 	C:\Program Files\Java\jdk1.8.0_25\jre\bin\management.dll
0x000007fefa110000 - 0x000007fefa235000 	C:\Windows\system32\dbghelp.dll

VM Arguments:
jvm_args: -Dclojure.compile.path=C:\dev\_cloj\clojure-in-action\cia\target\classes -Dcia.version=0.1.0-SNAPSHOT -Dfile.encoding=Cp1252 -Dclojure.debug=false -Didea.launcher.port=7533 -Didea.launcher.bin.path=C:\Program Files (x86)\JetBrains\IntelliJ IDEA Community Edition 14.0.3\bin 
java_command: com.intellij.rt.execution.application.AppMain clojure.main -i C:\Users\Aniara\.IdeaIC14\system\tmp\form-init1485659094881061547.clj
java_class_path (initial): C:\dev\_cloj\clojure-in-action\cia\test;C:\dev\_cloj\clojure-in-action\cia\src;C:\dev\_cloj\clojure-in-action\cia\dev-resources;C:\dev\_cloj\clojure-in-action\cia\resources;C:\dev\_cloj\clojure-in-action\cia\target\classes;C:\Users\Aniara\.m2\repository\clojure-complete\clojure-complete\0.2.3\clojure-complete-0.2.3.jar;C:\Users\Aniara\.m2\repository\org\clojure\tools.nrepl\0.2.3\tools.nrepl-0.2.3.jar;C:\Users\Aniara\.m2\repository\org\clojure\java.jdbc\0.3.5\java.jdbc-0.3.5.jar;C:\Users\Aniara\.m2\repository\c3p0\c3p0\0.9.1.2\c3p0-0.9.1.2.jar;C:\Users\Aniara\.m2\repository\korma\korma\0.4.0\korma-0.4.0.jar;C:\Users\Aniara\.m2\repository\org\xerial\sqlite-jdbc\3.8.7\sqlite-jdbc-3.8.7.jar;C:\Users\Aniara\.m2\repository\org\clojure\data.json\0.2.5\data.json-0.2.5.jar;C:\Users\Aniara\.m2\repository\org\clojure\clojure\1.6.0\clojure-1.6.0.jar;C:\Program Files (x86)\JetBrains\IntelliJ IDEA Community Edition 14.0.3\lib\idea_rt.jar
Launcher Type: SUN_STANDARD

Environment Variables:
JAVA_HOME=C:\Program Files\Java\jdk1.7.0_25
PATH=C:\Users\Aniara\algs4\java\bin;C:\ProgramData\Oracle\Java\javapath;C:\Program Files (x86)\NVIDIA Corporation\PhysX\Common;C:\Ruby193\bin;C:\dev\_scripts;C:\Python27\Scripts;C:\Python27;C:\php\;C:\php;C:\Program Files (x86)\Git\cmd;C:\dev\apache-ant-1.9.2\bin;C:\Program Files\Java\jdk1.7.0_25\bin;C:\dev\apache-maven-3.0.5\bin;C:\Program Files (x86)\Haskell Platform\2013.2.0.0\lib\extralibs\bin;C:\Program Files (x86)\Haskell Platform\2013.2.0.0\bin;C:\Python33\Lib\site-packages\django\bin;C:\Program Files (x86)\AMD APP\bin\x86_64;C:\Windows\system32;C:\Windows;C:\Windows\System32\Wbem;C:\Windows\System32\WindowsPowerShell\v1.0\;C:\Program Files (x86)\ATI Technologies\ATI.ACE\Core-Static;C:\Program Files\Java\jdk1.7.0_25\bin;C:\Program Files (x86)\Lua\5.1;C:\Program Files (x86)\Lua\5.1\clibs;C:\cygwin\bin;C:\Program Files (x86)\Common Files\Adobe\AGL;C:\Program Files (x86)\Haskell Platform\2013.2.0.0\mingw\bin;C:\Program Files\SourceGear\Common\DiffMerge\;C:\Program Files\nodejs\;C:\Program Files\cURL\bin;C:\scala\\bin;C:\Program Files (x86)\sbt\\bin;C:\Program Files (x86)\GtkSharp\2.12\bin;C:\Program Files (x86)\QuickTime\QTSystem\;C:\dev\_cloj\lein\;C:\Program Files\TortoiseGit\bin;C:\Program Files (x86)\AMD\ATI.ACE\Core-Static;C:\Users\Aniara\algs4\bin;C:\Users\Aniara\AppData\Roaming\cabal\bin;C:\Users\Aniara\AppData\Roaming\npm
USERNAME=Aniara
OS=Windows_NT
PROCESSOR_IDENTIFIER=Intel64 Family 6 Model 58 Stepping 9, GenuineIntel



---------------  S Y S T E M  ---------------

OS: Windows 7 , 64 bit Build 7601 Service Pack 1

CPU:total 4 (4 cores per cpu, 1 threads per core) family 6 model 58 stepping 9, cmov, cx8, fxsr, mmx, sse, sse2, sse3, ssse3, sse4.1, sse4.2, popcnt, avx, aes, clmul, erms, tsc, tscinvbit, tscinv

Memory: 4k page, physical 16730672k(8003016k free), swap 33459488k(21491360k free)

vm_info: Java HotSpot(TM) 64-Bit Server VM (25.25-b02) for windows-amd64 JRE (1.8.0_25-b18), built on Oct  7 2014 14:25:37 by "java_re" with MS VC++ 10.0 (VS2010)

time: Sat Feb 28 16:34:22 2015
elapsed time: 935 seconds (0d 0h 15m 35s)

